<?xml version="1.0" encoding="utf-8"?><testsuites name="pytest tests"><testsuite name="pytest" errors="0" failures="0" skipped="0" tests="6" time="2.181" timestamp="2026-05-28T11:51:46.390006+00:00" hostname="agent-env-532f27ad-0c64-413a-bb47-a95d56938bbf"><testcase classname="backend.tests.test_notifications_cleanup.TestCleanupRBAC" name="test_admin_cleanup_returns_ok" time="0.585" /><testcase classname="backend.tests.test_notifications_cleanup.TestCleanupRBAC" name="test_engineer_cleanup_forbidden" time="1.073" /><testcase classname="backend.tests.test_notifications_cleanup.TestCleanupCorrectness" name="test_only_old_read_notifications_pruned" time="0.131" /><testcase classname="backend.tests.test_notifications_cleanup.TestSiteVisitsProjectScope" name="test_filter_by_project_id" time="0.106" /><testcase classname="backend.tests.test_notifications_cleanup.TestSiteVisitsProjectScope" name="test_filter_unknown_project_returns_empty" time="0.141" /><testcase classname="backend.tests.test_notifications_cleanup.TestSchedulerStartupLog" name="test_scheduler_log_line_present" time="0.001" /></testsuite></testsuites>