<?xml version="1.0" encoding="utf-8"?><testsuites name="pytest tests"><testsuite name="pytest" errors="2" failures="0" skipped="0" tests="9" time="6.665" timestamp="2026-05-30T05:05:40.812734+00:00" hostname="agent-env-532f27ad-0c64-413a-bb47-a95d56938bbf"><testcase classname="backend.tests.test_iteration18_gridfs_photos_and_engineer_projects.TestEngineerProjectsList" name="test_engineer_sees_all_projects" time="1.114" /><testcase classname="backend.tests.test_iteration18_gridfs_photos_and_engineer_projects.TestSiteVisitPhotoUploadGridFS" name="test_engineer_upload_returns_gridfs_url" time="0.336" /><testcase classname="backend.tests.test_iteration18_gridfs_photos_and_engineer_projects.TestSiteVisitPhotoUploadGridFS" name="test_upload_persists_in_gridfs_collection" time="0.247" /><testcase classname="backend.tests.test_iteration18_gridfs_photos_and_engineer_projects.TestSiteVisitPhotoUploadGridFS" name="test_serve_endpoint_no_auth_required" time="0.308" /><testcase classname="backend.tests.test_iteration18_gridfs_photos_and_engineer_projects.TestSiteVisitPhotoUploadGridFS" name="test_serve_endpoint_404_for_missing" time="0.155" /><testcase classname="backend.tests.test_iteration18_gridfs_photos_and_engineer_projects.TestSiteVisitPhotoUploadGridFS" name="test_delete_removes_disk_and_gridfs" time="0.448" /><testcase classname="backend.tests.test_iteration18_gridfs_photos_and_engineer_projects.TestSiteVisitPdfEmbedsGridFSPhotos" name="test_authed_pdf_embeds_gridfs_photo" time="0.341"><error message="failed on setup with &quot;AssertionError: Create visit failed: 422 {&quot;detail&quot;:[{&quot;type&quot;:&quot;missing&quot;,&quot;loc&quot;:[&quot;body&quot;,&quot;inspection_title&quot;],&quot;msg&quot;:&quot;Field required&quot;,&quot;input&quot;:{&quot;site_name&quot;:&quot;TEST_iter18_GridFS_PDF&quot;,&quot;site_address&quot;:&quot;Test Address&quot;,&quot;visit_date&quot;:&quot;2026-01-15&quot;,&quot;observations&quot;:&quot;iter18 gridfs pdf test&quot;,&quot;photos&quot;:[{&quot;url&quot;:&quot;/api/uploads/site-visits/HuCQwVs414pPfS7usQ6ZJA.png&quot;,&quot;caption&quot;:&quot;g&quot;}],&quot;project_id&quot;:&quot;0edb0aae-b485-4e86-b37c-a718656208d1&quot;},&quot;url&quot;:&quot;https://errors.pydantic.dev/2.12/v/missing&quot;},{&quot;type&quot;:&quot;list_type&quot;,&quot;loc&quot;:[&quot;body&quot;,&quot;observations&quot;],&quot;msg&quot;:&quot;Input should be a valid list&quot;,&quot;input&quot;:&quot;iter18 gridfs pdf test&quot;,&quot;url&quot;:&quot;https://errors.pydantic.dev/2.12/v/list_type&quot;}]}&#10;assert 422 in (200, 201)&#10; +  where 422 = &lt;Response [422]&gt;.status_code&quot;">backend/tests/test_iteration18_gridfs_photos_and_engineer_projects.py:162: in visit_with_gridfs_photo
    assert r.status_code in (200, 201), f"Create visit failed: {r.status_code} {r.text}"
E   AssertionError: Create visit failed: 422 {"detail":[{"type":"missing","loc":["body","inspection_title"],"msg":"Field required","input":{"site_name":"TEST_iter18_GridFS_PDF","site_address":"Test Address","visit_date":"2026-01-15","observations":"iter18 gridfs pdf test","photos":[{"url":"/api/uploads/site-visits/HuCQwVs414pPfS7usQ6ZJA.png","caption":"g"}],"project_id":"0edb0aae-b485-4e86-b37c-a718656208d1"},"url":"https://errors.pydantic.dev/2.12/v/missing"},{"type":"list_type","loc":["body","observations"],"msg":"Input should be a valid list","input":"iter18 gridfs pdf test","url":"https://errors.pydantic.dev/2.12/v/list_type"}]}
E   assert 422 in (200, 201)
E    +  where 422 = &lt;Response [422]&gt;.status_code</error></testcase><testcase classname="backend.tests.test_iteration18_gridfs_photos_and_engineer_projects.TestSiteVisitPdfEmbedsGridFSPhotos" name="test_public_pdf_embeds_gridfs_photo" time="0.000"><error message="failed on setup with &quot;AssertionError: Create visit failed: 422 {&quot;detail&quot;:[{&quot;type&quot;:&quot;missing&quot;,&quot;loc&quot;:[&quot;body&quot;,&quot;inspection_title&quot;],&quot;msg&quot;:&quot;Field required&quot;,&quot;input&quot;:{&quot;site_name&quot;:&quot;TEST_iter18_GridFS_PDF&quot;,&quot;site_address&quot;:&quot;Test Address&quot;,&quot;visit_date&quot;:&quot;2026-01-15&quot;,&quot;observations&quot;:&quot;iter18 gridfs pdf test&quot;,&quot;photos&quot;:[{&quot;url&quot;:&quot;/api/uploads/site-visits/HuCQwVs414pPfS7usQ6ZJA.png&quot;,&quot;caption&quot;:&quot;g&quot;}],&quot;project_id&quot;:&quot;0edb0aae-b485-4e86-b37c-a718656208d1&quot;},&quot;url&quot;:&quot;https://errors.pydantic.dev/2.12/v/missing&quot;},{&quot;type&quot;:&quot;list_type&quot;,&quot;loc&quot;:[&quot;body&quot;,&quot;observations&quot;],&quot;msg&quot;:&quot;Input should be a valid list&quot;,&quot;input&quot;:&quot;iter18 gridfs pdf test&quot;,&quot;url&quot;:&quot;https://errors.pydantic.dev/2.12/v/list_type&quot;}]}&#10;assert 422 in (200, 201)&#10; +  where 422 = &lt;Response [422]&gt;.status_code&quot;">backend/tests/test_iteration18_gridfs_photos_and_engineer_projects.py:162: in visit_with_gridfs_photo
    assert r.status_code in (200, 201), f"Create visit failed: {r.status_code} {r.text}"
E   AssertionError: Create visit failed: 422 {"detail":[{"type":"missing","loc":["body","inspection_title"],"msg":"Field required","input":{"site_name":"TEST_iter18_GridFS_PDF","site_address":"Test Address","visit_date":"2026-01-15","observations":"iter18 gridfs pdf test","photos":[{"url":"/api/uploads/site-visits/HuCQwVs414pPfS7usQ6ZJA.png","caption":"g"}],"project_id":"0edb0aae-b485-4e86-b37c-a718656208d1"},"url":"https://errors.pydantic.dev/2.12/v/missing"},{"type":"list_type","loc":["body","observations"],"msg":"Input should be a valid list","input":"iter18 gridfs pdf test","url":"https://errors.pydantic.dev/2.12/v/list_type"}]}
E   assert 422 in (200, 201)
E    +  where 422 = &lt;Response [422]&gt;.status_code</error></testcase><testcase classname="backend.tests.test_iteration18_gridfs_photos_and_engineer_projects.TestPersistenceAcrossBackendRestart" name="test_photo_survives_backend_restart" time="3.537" /></testsuite></testsuites>