<?xml version="1.0" encoding="utf-8"?><testsuites name="pytest tests"><testsuite name="pytest" errors="0" failures="0" skipped="0" tests="9" time="4.281" timestamp="2026-05-28T18:52:40.850060+00:00" hostname="agent-env-532f27ad-0c64-413a-bb47-a95d56938bbf"><testcase classname="backend.tests.test_iteration15_my_sv_weekly.TestMySvWeekly" name="test_default_month_admin" time="0.758" /><testcase classname="backend.tests.test_iteration15_my_sv_weekly.TestMySvWeekly" name="test_explicit_month_april_2026_bucketing" time="0.717" /><testcase classname="backend.tests.test_iteration15_my_sv_weekly.TestMySvWeekly" name="test_invalid_month_returns_400" time="0.505" /><testcase classname="backend.tests.test_iteration15_my_sv_weekly.TestMySvWeekly" name="test_admin_can_inspect_engineer" time="0.788" /><testcase classname="backend.tests.test_iteration15_my_sv_weekly.TestMySvWeekly" name="test_engineer_engineer_id_param_is_ignored" time="0.153" /><testcase classname="backend.tests.test_iteration15_my_sv_weekly.TestMySvWeekly" name="test_by_project_sorted_desc_and_capped" time="0.109" /><testcase classname="backend.tests.test_iteration15_my_sv_weekly.TestMySvWeekly" name="test_empty_month_returns_zero_buckets" time="0.164" /><testcase classname="backend.tests.test_iteration15_my_sv_weekly.TestMySvWeekly" name="test_requires_authentication" time="0.109" /><testcase classname="backend.tests.test_iteration15_my_sv_weekly" name="test_zz_cleanup" time="0.892" /></testsuite></testsuites>