<?xml version="1.0" encoding="utf-8"?><testsuites name="pytest tests"><testsuite name="pytest" errors="0" failures="0" skipped="0" tests="13" time="3.483" timestamp="2026-05-29T09:37:16.964214+00:00" hostname="agent-env-532f27ad-0c64-413a-bb47-a95d56938bbf"><testcase classname="backend.tests.test_iteration17_jobno_signature_profile.TestProjectJobNo" name="test_create_project_with_job_no" time="0.632" /><testcase classname="backend.tests.test_iteration17_jobno_signature_profile.TestProjectJobNo" name="test_get_project_returns_job_no" time="0.134" /><testcase classname="backend.tests.test_iteration17_jobno_signature_profile.TestProjectJobNo" name="test_search_by_job_no" time="0.132" /><testcase classname="backend.tests.test_iteration17_jobno_signature_profile.TestProjectJobNo" name="test_update_project_job_no" time="0.293" /><testcase classname="backend.tests.test_iteration17_jobno_signature_profile.TestProjectJobNo" name="test_create_project_without_job_no_backward_compat" time="0.257" /><testcase classname="backend.tests.test_iteration17_jobno_signature_profile.TestProjectJobNo" name="test_cleanup_project" time="0.125" /><testcase classname="backend.tests.test_iteration17_jobno_signature_profile.TestDefaultSignature" name="test_me_returns_default_signature_field" time="0.108" /><testcase classname="backend.tests.test_iteration17_jobno_signature_profile.TestDefaultSignature" name="test_set_signature_admin" time="0.236" /><testcase classname="backend.tests.test_iteration17_jobno_signature_profile.TestDefaultSignature" name="test_clear_signature_admin" time="0.213" /><testcase classname="backend.tests.test_iteration17_jobno_signature_profile.TestDefaultSignature" name="test_reject_non_data_url" time="0.103" /><testcase classname="backend.tests.test_iteration17_jobno_signature_profile.TestDefaultSignature" name="test_reject_too_large" time="0.396" /><testcase classname="backend.tests.test_iteration17_jobno_signature_profile.TestDefaultSignature" name="test_engineer_can_save_own_signature" time="0.645" /><testcase classname="backend.tests.test_iteration17_jobno_signature_profile.TestDefaultSignature" name="test_signature_endpoint_requires_auth" time="0.101" /></testsuite></testsuites>