<?xml version="1.0" encoding="utf-8"?><testsuites name="pytest tests"><testsuite name="pytest" errors="0" failures="2" skipped="0" tests="13" time="3.622" timestamp="2026-05-28T11:15:17.908135+00:00" hostname="agent-env-532f27ad-0c64-413a-bb47-a95d56938bbf"><testcase classname="backend.tests.test_iteration12_dashboard_sv_and_user_activity.TestSiteVisitStats" name="test_default_shape" time="1.889" /><testcase classname="backend.tests.test_iteration12_dashboard_sv_and_user_activity.TestSiteVisitStats" name="test_days_clamp_low" time="0.110"><failure message="AssertionError: days=0 should clamp to 1&#10;assert 7 == 1">backend/tests/test_iteration12_dashboard_sv_and_user_activity.py:107: in test_days_clamp_low
    assert r.json()["days"] == 1, "days=0 should clamp to 1"
E   AssertionError: days=0 should clamp to 1
E   assert 7 == 1</failure></testcase><testcase classname="backend.tests.test_iteration12_dashboard_sv_and_user_activity.TestSiteVisitStats" name="test_days_clamp_high" time="0.110" /><testcase classname="backend.tests.test_iteration12_dashboard_sv_and_user_activity.TestSiteVisitStats" name="test_by_engineer_sorted_and_capped" time="0.100" /><testcase classname="backend.tests.test_iteration12_dashboard_sv_and_user_activity.TestSiteVisitStats" name="test_recent_drafts_capped_at_5" time="0.108" /><testcase classname="backend.tests.test_iteration12_dashboard_sv_and_user_activity.TestSiteVisitStats" name="test_unauth_blocked" time="0.103" /><testcase classname="backend.tests.test_iteration12_dashboard_sv_and_user_activity.TestUserActivityFeed" name="test_engineer_activity_shape" time="0.115" /><testcase classname="backend.tests.test_iteration12_dashboard_sv_and_user_activity.TestUserActivityFeed" name="test_visit_code_enrichment" time="0.096" /><testcase classname="backend.tests.test_iteration12_dashboard_sv_and_user_activity.TestUserActivityFeed" name="test_admin_activity_excludes_engineer_visits" time="0.215" /><testcase classname="backend.tests.test_iteration12_dashboard_sv_and_user_activity.TestUserActivityFeed" name="test_limit_clamp_low" time="0.116"><failure message="AssertionError: assert 5 &lt;= 1&#10; +  where 5 = len([{'action': 'VISIT CREATED', 'created_at': '2026-05-28T11:15:19.752498+00:00', 'detail': 'TEST_iter12_submitted', 'id': 'ff7ca77b-35cb-4376-975e-4e88ca5c7a7b', ...}, {'action': 'VISIT CREATED', 'created_at': '2026-05-28T11:15:19.630787+00:00', 'detail': 'TEST_iter12_draft', 'id': 'ea12bc44-bfce-40e0-888f-9434a34b0b00', ...}, {'action': 'VISIT CREATED', 'created_at': '2026-05-28T10:34:34.719009+00:00', 'detail': 'Cleanup test', 'id': 'da03a3ca-b403-4050-b8a8-7080da524fb1', ...}, {'action': 'VISIT UPDATED', 'created_at': '2026-05-28T10:32:41.532544+00:00', 'detail': '', 'id': '3c272953-e653-4dd9-a186-3aa752d77ced', ...}, {'action': 'VISIT CREATED', 'created_at': '2026-05-28T10:32:41.423780+00:00', 'detail': 'ITER11 PW FRESH', 'id': '4bba5960-c7f6-406a-83f6-44e40b7589c5', ...}])">backend/tests/test_iteration12_dashboard_sv_and_user_activity.py:197: in test_limit_clamp_low
    assert len(body["activity"]) &lt;= 1
E   AssertionError: assert 5 &lt;= 1
E    +  where 5 = len([{'action': 'VISIT CREATED', 'created_at': '2026-05-28T11:15:19.752498+00:00', 'detail': 'TEST_iter12_submitted', 'id': 'ff7ca77b-35cb-4376-975e-4e88ca5c7a7b', ...}, {'action': 'VISIT CREATED', 'created_at': '2026-05-28T11:15:19.630787+00:00', 'detail': 'TEST_iter12_draft', 'id': 'ea12bc44-bfce-40e0-888f-9434a34b0b00', ...}, {'action': 'VISIT CREATED', 'created_at': '2026-05-28T10:34:34.719009+00:00', 'detail': 'Cleanup test', 'id': 'da03a3ca-b403-4050-b8a8-7080da524fb1', ...}, {'action': 'VISIT UPDATED', 'created_at': '2026-05-28T10:32:41.532544+00:00', 'detail': '', 'id': '3c272953-e653-4dd9-a186-3aa752d77ced', ...}, {'action': 'VISIT CREATED', 'created_at': '2026-05-28T10:32:41.423780+00:00', 'detail': 'ITER11 PW FRESH', 'id': '4bba5960-c7f6-406a-83f6-44e40b7589c5', ...}])</failure></testcase><testcase classname="backend.tests.test_iteration12_dashboard_sv_and_user_activity.TestUserActivityFeed" name="test_limit_clamp_high" time="0.101" /><testcase classname="backend.tests.test_iteration12_dashboard_sv_and_user_activity.TestUserActivityFeed" name="test_unauth_blocked" time="0.110" /><testcase classname="backend.tests.test_iteration12_dashboard_sv_and_user_activity.TestUserActivityFeed" name="test_unknown_user_returns_empty" time="0.339" /></testsuite></testsuites>