<?xml version="1.0" encoding="utf-8"?><testsuites name="pytest tests"><testsuite name="pytest" errors="0" failures="164" skipped="1" tests="222" time="26.349" timestamp="2026-05-28T11:51:52.892524+00:00" hostname="agent-env-532f27ad-0c64-413a-bb47-a95d56938bbf"><testcase classname="backend.tests.test_audits.TestAuditsEndpoints" name="test_list_audits" time="0.136"><failure message="assert 401 == 200&#10; +  where 401 = &lt;Response [401]&gt;.status_code">backend/tests/test_audits.py:32: in test_list_audits
    assert r.status_code == 200
E   assert 401 == 200
E    +  where 401 = &lt;Response [401]&gt;.status_code</failure></testcase><testcase classname="backend.tests.test_audits.TestAuditsEndpoints" name="test_get_existing_audit" time="0.050"><failure message="TypeError: string indices must be integers, not 'str'">backend/tests/test_audits.py:41: in test_get_existing_audit
    aud = next((a for a in r.json() if a["audit_code"] == "AUD-0001"), None)
          ^^^^^^^^^^^^^^^^^^^^^^^^^^^^^^^^^^^^^^^^^^^^^^^^^^^^^^^^^^^^^^^^^^
backend/tests/test_audits.py:41: in &lt;genexpr&gt;
    aud = next((a for a in r.json() if a["audit_code"] == "AUD-0001"), None)
                                       ^^^^^^^^^^^^^^^
E   TypeError: string indices must be integers, not 'str'</failure></testcase><testcase classname="backend.tests.test_audits.TestAuditsEndpoints" name="test_create_audit_auto_codes" time="0.090"><failure message="AssertionError: {&quot;detail&quot;:&quot;Not authenticated&quot;}&#10;assert 401 == 200&#10; +  where 401 = &lt;Response [401]&gt;.status_code">backend/tests/test_audits.py:57: in test_create_audit_auto_codes
    assert r.status_code == 200, r.text
E   AssertionError: {"detail":"Not authenticated"}
E   assert 401 == 200
E    +  where 401 = &lt;Response [401]&gt;.status_code</failure></testcase><testcase classname="backend.tests.test_audits.TestAuditsEndpoints" name="test_create_audit_custom_codes" time="0.055"><failure message="AssertionError: {&quot;detail&quot;:&quot;Not authenticated&quot;}&#10;assert 401 == 200&#10; +  where 401 = &lt;Response [401]&gt;.status_code">backend/tests/test_audits.py:74: in test_create_audit_custom_codes
    assert r.status_code == 200, r.text
E   AssertionError: {"detail":"Not authenticated"}
E   assert 401 == 200
E    +  where 401 = &lt;Response [401]&gt;.status_code</failure></testcase><testcase classname="backend.tests.test_audits.TestAuditsEndpoints" name="test_update_audit" time="0.000"><failure message="AssertionError: prior create test failed&#10;assert []">backend/tests/test_audits.py:81: in test_update_audit
    assert created_audit_ids, "prior create test failed"
E   AssertionError: prior create test failed
E   assert []</failure></testcase><testcase classname="backend.tests.test_audits.TestAuditsEndpoints" name="test_record_audit_payment" time="0.000"><failure message="assert []">backend/tests/test_audits.py:91: in test_record_audit_payment
    assert created_audit_ids
E   assert []</failure></testcase><testcase classname="backend.tests.test_audits.TestAuditsEndpoints" name="test_audit_invoice_pdf" time="0.057"><failure message="TypeError: string indices must be integers, not 'str'">backend/tests/test_audits.py:106: in test_audit_invoice_pdf
    aud = next((a for a in r.json() if a["audit_code"] == "AUD-0001"), None)
          ^^^^^^^^^^^^^^^^^^^^^^^^^^^^^^^^^^^^^^^^^^^^^^^^^^^^^^^^^^^^^^^^^^
backend/tests/test_audits.py:106: in &lt;genexpr&gt;
    aud = next((a for a in r.json() if a["audit_code"] == "AUD-0001"), None)
                                       ^^^^^^^^^^^^^^^
E   TypeError: string indices must be integers, not 'str'</failure></testcase><testcase classname="backend.tests.test_audits.TestAuditsEndpoints" name="test_audit_activity" time="0.049"><failure message="TypeError: string indices must be integers, not 'str'">backend/tests/test_audits.py:116: in test_audit_activity
    aud = next((a for a in r.json() if a["audit_code"] == "AUD-0001"), None)
          ^^^^^^^^^^^^^^^^^^^^^^^^^^^^^^^^^^^^^^^^^^^^^^^^^^^^^^^^^^^^^^^^^^
backend/tests/test_audits.py:116: in &lt;genexpr&gt;
    aud = next((a for a in r.json() if a["audit_code"] == "AUD-0001"), None)
                                       ^^^^^^^^^^^^^^^
E   TypeError: string indices must be integers, not 'str'</failure></testcase><testcase classname="backend.tests.test_audits.TestAuditsEndpoints" name="test_archive_unarchive_audit" time="0.000"><skipped type="pytest.skip" message="no custom audit created">/app/backend/tests/test_audits.py:124: no custom audit created</skipped></testcase><testcase classname="backend.tests.test_audits.TestAuditsEndpoints" name="test_search_audits" time="0.050"><failure message="assert 401 == 200&#10; +  where 401 = &lt;Response [401]&gt;.status_code">backend/tests/test_audits.py:133: in test_search_audits
    assert r.status_code == 200
E   assert 401 == 200
E    +  where 401 = &lt;Response [401]&gt;.status_code</failure></testcase><testcase classname="backend.tests.test_audits.TestAuditsEndpoints" name="test_offers_still_work_but_collection_empty" time="0.048"><failure message="assert 401 == 200&#10; +  where 401 = &lt;Response [401]&gt;.status_code">backend/tests/test_audits.py:140: in test_offers_still_work_but_collection_empty
    assert r.status_code == 200
E   assert 401 == 200
E    +  where 401 = &lt;Response [401]&gt;.status_code</failure></testcase><testcase classname="backend.tests.test_audits.TestAuditsEndpoints" name="test_cleanup_created_audits" time="0.000" /><testcase classname="backend.tests.test_creator_consultant.TestHealthCheck" name="test_api_root_returns_ok" time="0.001"><failure message="requests.exceptions.MissingSchema: Invalid URL '/api/': No scheme supplied. Perhaps you meant https:///api/?">backend/tests/test_creator_consultant.py:26: in test_api_root_returns_ok
    response = api_client.get(f"{BASE_URL}/api/")
               ^^^^^^^^^^^^^^^^^^^^^^^^^^^^^^^^^^
/root/.venv/lib/python3.11/site-packages/requests/sessions.py:605: in get
    return self.request("GET", url, **kwargs)
           ^^^^^^^^^^^^^^^^^^^^^^^^^^^^^^^^^^
/root/.venv/lib/python3.11/site-packages/requests/sessions.py:578: in request
    prep = self.prepare_request(req)
           ^^^^^^^^^^^^^^^^^^^^^^^^^
/root/.venv/lib/python3.11/site-packages/requests/sessions.py:487: in prepare_request
    p.prepare(
/root/.venv/lib/python3.11/site-packages/requests/models.py:369: in prepare
    self.prepare_url(url, params)
/root/.venv/lib/python3.11/site-packages/requests/models.py:440: in prepare_url
    raise MissingSchema(
E   requests.exceptions.MissingSchema: Invalid URL '/api/': No scheme supplied. Perhaps you meant https:///api/?</failure></testcase><testcase classname="backend.tests.test_creator_consultant.TestDashboardStats" name="test_dashboard_stats_returns_correct_structure" time="0.000"><failure message="requests.exceptions.MissingSchema: Invalid URL '/api/dashboard/stats': No scheme supplied. Perhaps you meant https:///api/dashboard/stats?">backend/tests/test_creator_consultant.py:39: in test_dashboard_stats_returns_correct_structure
    response = api_client.get(f"{BASE_URL}/api/dashboard/stats")
               ^^^^^^^^^^^^^^^^^^^^^^^^^^^^^^^^^^^^^^^^^^^^^^^^^
/root/.venv/lib/python3.11/site-packages/requests/sessions.py:605: in get
    return self.request("GET", url, **kwargs)
           ^^^^^^^^^^^^^^^^^^^^^^^^^^^^^^^^^^
/root/.venv/lib/python3.11/site-packages/requests/sessions.py:578: in request
    prep = self.prepare_request(req)
           ^^^^^^^^^^^^^^^^^^^^^^^^^
/root/.venv/lib/python3.11/site-packages/requests/sessions.py:487: in prepare_request
    p.prepare(
/root/.venv/lib/python3.11/site-packages/requests/models.py:369: in prepare
    self.prepare_url(url, params)
/root/.venv/lib/python3.11/site-packages/requests/models.py:440: in prepare_url
    raise MissingSchema(
E   requests.exceptions.MissingSchema: Invalid URL '/api/dashboard/stats': No scheme supplied. Perhaps you meant https:///api/dashboard/stats?</failure></testcase><testcase classname="backend.tests.test_creator_consultant.TestProjectsCRUD" name="test_list_projects_returns_seeded_data" time="0.000"><failure message="requests.exceptions.MissingSchema: Invalid URL '/api/projects': No scheme supplied. Perhaps you meant https:///api/projects?">backend/tests/test_creator_consultant.py:68: in test_list_projects_returns_seeded_data
    response = api_client.get(f"{BASE_URL}/api/projects")
               ^^^^^^^^^^^^^^^^^^^^^^^^^^^^^^^^^^^^^^^^^^
/root/.venv/lib/python3.11/site-packages/requests/sessions.py:605: in get
    return self.request("GET", url, **kwargs)
           ^^^^^^^^^^^^^^^^^^^^^^^^^^^^^^^^^^
/root/.venv/lib/python3.11/site-packages/requests/sessions.py:578: in request
    prep = self.prepare_request(req)
           ^^^^^^^^^^^^^^^^^^^^^^^^^
/root/.venv/lib/python3.11/site-packages/requests/sessions.py:487: in prepare_request
    p.prepare(
/root/.venv/lib/python3.11/site-packages/requests/models.py:369: in prepare
    self.prepare_url(url, params)
/root/.venv/lib/python3.11/site-packages/requests/models.py:440: in prepare_url
    raise MissingSchema(
E   requests.exceptions.MissingSchema: Invalid URL '/api/projects': No scheme supplied. Perhaps you meant https:///api/projects?</failure></testcase><testcase classname="backend.tests.test_creator_consultant.TestProjectsCRUD" name="test_search_projects_by_name" time="0.000"><failure message="requests.exceptions.MissingSchema: Invalid URL '/api/projects': No scheme supplied. Perhaps you meant https:///api/projects?">backend/tests/test_creator_consultant.py:95: in test_search_projects_by_name
    response = api_client.get(f"{BASE_URL}/api/projects", params={"search": "villa"})
               ^^^^^^^^^^^^^^^^^^^^^^^^^^^^^^^^^^^^^^^^^^^^^^^^^^^^^^^^^^^^^^^^^^^^^^
/root/.venv/lib/python3.11/site-packages/requests/sessions.py:605: in get
    return self.request("GET", url, **kwargs)
           ^^^^^^^^^^^^^^^^^^^^^^^^^^^^^^^^^^
/root/.venv/lib/python3.11/site-packages/requests/sessions.py:578: in request
    prep = self.prepare_request(req)
           ^^^^^^^^^^^^^^^^^^^^^^^^^
/root/.venv/lib/python3.11/site-packages/requests/sessions.py:487: in prepare_request
    p.prepare(
/root/.venv/lib/python3.11/site-packages/requests/models.py:369: in prepare
    self.prepare_url(url, params)
/root/.venv/lib/python3.11/site-packages/requests/models.py:440: in prepare_url
    raise MissingSchema(
E   requests.exceptions.MissingSchema: Invalid URL '/api/projects': No scheme supplied. Perhaps you meant https:///api/projects?</failure></testcase><testcase classname="backend.tests.test_creator_consultant.TestProjectsCRUD" name="test_search_projects_by_client_name" time="0.000"><failure message="requests.exceptions.MissingSchema: Invalid URL '/api/projects': No scheme supplied. Perhaps you meant https:///api/projects?">backend/tests/test_creator_consultant.py:104: in test_search_projects_by_client_name
    response = api_client.get(f"{BASE_URL}/api/projects", params={"search": "Rohan"})
               ^^^^^^^^^^^^^^^^^^^^^^^^^^^^^^^^^^^^^^^^^^^^^^^^^^^^^^^^^^^^^^^^^^^^^^
/root/.venv/lib/python3.11/site-packages/requests/sessions.py:605: in get
    return self.request("GET", url, **kwargs)
           ^^^^^^^^^^^^^^^^^^^^^^^^^^^^^^^^^^
/root/.venv/lib/python3.11/site-packages/requests/sessions.py:578: in request
    prep = self.prepare_request(req)
           ^^^^^^^^^^^^^^^^^^^^^^^^^
/root/.venv/lib/python3.11/site-packages/requests/sessions.py:487: in prepare_request
    p.prepare(
/root/.venv/lib/python3.11/site-packages/requests/models.py:369: in prepare
    self.prepare_url(url, params)
/root/.venv/lib/python3.11/site-packages/requests/models.py:440: in prepare_url
    raise MissingSchema(
E   requests.exceptions.MissingSchema: Invalid URL '/api/projects': No scheme supplied. Perhaps you meant https:///api/projects?</failure></testcase><testcase classname="backend.tests.test_creator_consultant.TestProjectsCRUD" name="test_search_projects_by_project_code" time="0.000"><failure message="requests.exceptions.MissingSchema: Invalid URL '/api/projects': No scheme supplied. Perhaps you meant https:///api/projects?">backend/tests/test_creator_consultant.py:113: in test_search_projects_by_project_code
    response = api_client.get(f"{BASE_URL}/api/projects", params={"search": "CC-0001"})
               ^^^^^^^^^^^^^^^^^^^^^^^^^^^^^^^^^^^^^^^^^^^^^^^^^^^^^^^^^^^^^^^^^^^^^^^^
/root/.venv/lib/python3.11/site-packages/requests/sessions.py:605: in get
    return self.request("GET", url, **kwargs)
           ^^^^^^^^^^^^^^^^^^^^^^^^^^^^^^^^^^
/root/.venv/lib/python3.11/site-packages/requests/sessions.py:578: in request
    prep = self.prepare_request(req)
           ^^^^^^^^^^^^^^^^^^^^^^^^^
/root/.venv/lib/python3.11/site-packages/requests/sessions.py:487: in prepare_request
    p.prepare(
/root/.venv/lib/python3.11/site-packages/requests/models.py:369: in prepare
    self.prepare_url(url, params)
/root/.venv/lib/python3.11/site-packages/requests/models.py:440: in prepare_url
    raise MissingSchema(
E   requests.exceptions.MissingSchema: Invalid URL '/api/projects': No scheme supplied. Perhaps you meant https:///api/projects?</failure></testcase><testcase classname="backend.tests.test_creator_consultant.TestProjectsCRUD" name="test_create_project_auto_generates_code" time="0.000"><failure message="requests.exceptions.MissingSchema: Invalid URL '/api/projects': No scheme supplied. Perhaps you meant https:///api/projects?">backend/tests/test_creator_consultant.py:127: in test_create_project_auto_generates_code
    response = api_client.post(f"{BASE_URL}/api/projects", json=payload)
               ^^^^^^^^^^^^^^^^^^^^^^^^^^^^^^^^^^^^^^^^^^^^^^^^^^^^^^^^^
/root/.venv/lib/python3.11/site-packages/requests/sessions.py:640: in post
    return self.request("POST", url, data=data, json=json, **kwargs)
           ^^^^^^^^^^^^^^^^^^^^^^^^^^^^^^^^^^^^^^^^^^^^^^^^^^^^^^^^^
/root/.venv/lib/python3.11/site-packages/requests/sessions.py:578: in request
    prep = self.prepare_request(req)
           ^^^^^^^^^^^^^^^^^^^^^^^^^
/root/.venv/lib/python3.11/site-packages/requests/sessions.py:487: in prepare_request
    p.prepare(
/root/.venv/lib/python3.11/site-packages/requests/models.py:369: in prepare
    self.prepare_url(url, params)
/root/.venv/lib/python3.11/site-packages/requests/models.py:440: in prepare_url
    raise MissingSchema(
E   requests.exceptions.MissingSchema: Invalid URL '/api/projects': No scheme supplied. Perhaps you meant https:///api/projects?</failure></testcase><testcase classname="backend.tests.test_creator_consultant.TestProjectsCRUD" name="test_get_single_project" time="0.000"><failure message="requests.exceptions.MissingSchema: Invalid URL '/api/projects': No scheme supplied. Perhaps you meant https:///api/projects?">backend/tests/test_creator_consultant.py:144: in test_get_single_project
    projects = api_client.get(f"{BASE_URL}/api/projects").json()
               ^^^^^^^^^^^^^^^^^^^^^^^^^^^^^^^^^^^^^^^^^^
/root/.venv/lib/python3.11/site-packages/requests/sessions.py:605: in get
    return self.request("GET", url, **kwargs)
           ^^^^^^^^^^^^^^^^^^^^^^^^^^^^^^^^^^
/root/.venv/lib/python3.11/site-packages/requests/sessions.py:578: in request
    prep = self.prepare_request(req)
           ^^^^^^^^^^^^^^^^^^^^^^^^^
/root/.venv/lib/python3.11/site-packages/requests/sessions.py:487: in prepare_request
    p.prepare(
/root/.venv/lib/python3.11/site-packages/requests/models.py:369: in prepare
    self.prepare_url(url, params)
/root/.venv/lib/python3.11/site-packages/requests/models.py:440: in prepare_url
    raise MissingSchema(
E   requests.exceptions.MissingSchema: Invalid URL '/api/projects': No scheme supplied. Perhaps you meant https:///api/projects?</failure></testcase><testcase classname="backend.tests.test_creator_consultant.TestProjectsCRUD" name="test_get_nonexistent_project_returns_404" time="0.000"><failure message="requests.exceptions.MissingSchema: Invalid URL '/api/projects/nonexistent-id': No scheme supplied. Perhaps you meant https:///api/projects/nonexistent-id?">backend/tests/test_creator_consultant.py:158: in test_get_nonexistent_project_returns_404
    response = api_client.get(f"{BASE_URL}/api/projects/nonexistent-id")
               ^^^^^^^^^^^^^^^^^^^^^^^^^^^^^^^^^^^^^^^^^^^^^^^^^^^^^^^^^
/root/.venv/lib/python3.11/site-packages/requests/sessions.py:605: in get
    return self.request("GET", url, **kwargs)
           ^^^^^^^^^^^^^^^^^^^^^^^^^^^^^^^^^^
/root/.venv/lib/python3.11/site-packages/requests/sessions.py:578: in request
    prep = self.prepare_request(req)
           ^^^^^^^^^^^^^^^^^^^^^^^^^
/root/.venv/lib/python3.11/site-packages/requests/sessions.py:487: in prepare_request
    p.prepare(
/root/.venv/lib/python3.11/site-packages/requests/models.py:369: in prepare
    self.prepare_url(url, params)
/root/.venv/lib/python3.11/site-packages/requests/models.py:440: in prepare_url
    raise MissingSchema(
E   requests.exceptions.MissingSchema: Invalid URL '/api/projects/nonexistent-id': No scheme supplied. Perhaps you meant https:///api/projects/nonexistent-id?</failure></testcase><testcase classname="backend.tests.test_creator_consultant.TestProjectsCRUD" name="test_update_project_preserves_received_amount" time="0.000"><failure message="requests.exceptions.MissingSchema: Invalid URL '/api/projects': No scheme supplied. Perhaps you meant https:///api/projects?">backend/tests/test_creator_consultant.py:164: in test_update_project_preserves_received_amount
    create_resp = api_client.post(f"{BASE_URL}/api/projects", json={
/root/.venv/lib/python3.11/site-packages/requests/sessions.py:640: in post
    return self.request("POST", url, data=data, json=json, **kwargs)
           ^^^^^^^^^^^^^^^^^^^^^^^^^^^^^^^^^^^^^^^^^^^^^^^^^^^^^^^^^
/root/.venv/lib/python3.11/site-packages/requests/sessions.py:578: in request
    prep = self.prepare_request(req)
           ^^^^^^^^^^^^^^^^^^^^^^^^^
/root/.venv/lib/python3.11/site-packages/requests/sessions.py:487: in prepare_request
    p.prepare(
/root/.venv/lib/python3.11/site-packages/requests/models.py:369: in prepare
    self.prepare_url(url, params)
/root/.venv/lib/python3.11/site-packages/requests/models.py:440: in prepare_url
    raise MissingSchema(
E   requests.exceptions.MissingSchema: Invalid URL '/api/projects': No scheme supplied. Perhaps you meant https:///api/projects?</failure></testcase><testcase classname="backend.tests.test_creator_consultant.TestProjectsCRUD" name="test_delete_project_cascades_payments" time="0.000"><failure message="requests.exceptions.MissingSchema: Invalid URL '/api/projects': No scheme supplied. Perhaps you meant https:///api/projects?">backend/tests/test_creator_consultant.py:190: in test_delete_project_cascades_payments
    create_resp = api_client.post(f"{BASE_URL}/api/projects", json={
/root/.venv/lib/python3.11/site-packages/requests/sessions.py:640: in post
    return self.request("POST", url, data=data, json=json, **kwargs)
           ^^^^^^^^^^^^^^^^^^^^^^^^^^^^^^^^^^^^^^^^^^^^^^^^^^^^^^^^^
/root/.venv/lib/python3.11/site-packages/requests/sessions.py:578: in request
    prep = self.prepare_request(req)
           ^^^^^^^^^^^^^^^^^^^^^^^^^
/root/.venv/lib/python3.11/site-packages/requests/sessions.py:487: in prepare_request
    p.prepare(
/root/.venv/lib/python3.11/site-packages/requests/models.py:369: in prepare
    self.prepare_url(url, params)
/root/.venv/lib/python3.11/site-packages/requests/models.py:440: in prepare_url
    raise MissingSchema(
E   requests.exceptions.MissingSchema: Invalid URL '/api/projects': No scheme supplied. Perhaps you meant https:///api/projects?</failure></testcase><testcase classname="backend.tests.test_creator_consultant.TestClientsCRUD" name="test_list_clients_returns_seeded_data" time="0.000"><failure message="requests.exceptions.MissingSchema: Invalid URL '/api/clients': No scheme supplied. Perhaps you meant https:///api/clients?">backend/tests/test_creator_consultant.py:223: in test_list_clients_returns_seeded_data
    response = api_client.get(f"{BASE_URL}/api/clients")
               ^^^^^^^^^^^^^^^^^^^^^^^^^^^^^^^^^^^^^^^^^
/root/.venv/lib/python3.11/site-packages/requests/sessions.py:605: in get
    return self.request("GET", url, **kwargs)
           ^^^^^^^^^^^^^^^^^^^^^^^^^^^^^^^^^^
/root/.venv/lib/python3.11/site-packages/requests/sessions.py:578: in request
    prep = self.prepare_request(req)
           ^^^^^^^^^^^^^^^^^^^^^^^^^
/root/.venv/lib/python3.11/site-packages/requests/sessions.py:487: in prepare_request
    p.prepare(
/root/.venv/lib/python3.11/site-packages/requests/models.py:369: in prepare
    self.prepare_url(url, params)
/root/.venv/lib/python3.11/site-packages/requests/models.py:440: in prepare_url
    raise MissingSchema(
E   requests.exceptions.MissingSchema: Invalid URL '/api/clients': No scheme supplied. Perhaps you meant https:///api/clients?</failure></testcase><testcase classname="backend.tests.test_creator_consultant.TestClientsCRUD" name="test_create_client" time="0.000"><failure message="requests.exceptions.MissingSchema: Invalid URL '/api/clients': No scheme supplied. Perhaps you meant https:///api/clients?">backend/tests/test_creator_consultant.py:247: in test_create_client
    response = api_client.post(f"{BASE_URL}/api/clients", json=payload)
               ^^^^^^^^^^^^^^^^^^^^^^^^^^^^^^^^^^^^^^^^^^^^^^^^^^^^^^^^
/root/.venv/lib/python3.11/site-packages/requests/sessions.py:640: in post
    return self.request("POST", url, data=data, json=json, **kwargs)
           ^^^^^^^^^^^^^^^^^^^^^^^^^^^^^^^^^^^^^^^^^^^^^^^^^^^^^^^^^
/root/.venv/lib/python3.11/site-packages/requests/sessions.py:578: in request
    prep = self.prepare_request(req)
           ^^^^^^^^^^^^^^^^^^^^^^^^^
/root/.venv/lib/python3.11/site-packages/requests/sessions.py:487: in prepare_request
    p.prepare(
/root/.venv/lib/python3.11/site-packages/requests/models.py:369: in prepare
    self.prepare_url(url, params)
/root/.venv/lib/python3.11/site-packages/requests/models.py:440: in prepare_url
    raise MissingSchema(
E   requests.exceptions.MissingSchema: Invalid URL '/api/clients': No scheme supplied. Perhaps you meant https:///api/clients?</failure></testcase><testcase classname="backend.tests.test_creator_consultant.TestClientsCRUD" name="test_update_client_syncs_to_projects" time="0.000"><failure message="requests.exceptions.MissingSchema: Invalid URL '/api/clients': No scheme supplied. Perhaps you meant https:///api/clients?">backend/tests/test_creator_consultant.py:262: in test_update_client_syncs_to_projects
    client_resp = api_client.post(f"{BASE_URL}/api/clients", json={
/root/.venv/lib/python3.11/site-packages/requests/sessions.py:640: in post
    return self.request("POST", url, data=data, json=json, **kwargs)
           ^^^^^^^^^^^^^^^^^^^^^^^^^^^^^^^^^^^^^^^^^^^^^^^^^^^^^^^^^
/root/.venv/lib/python3.11/site-packages/requests/sessions.py:578: in request
    prep = self.prepare_request(req)
           ^^^^^^^^^^^^^^^^^^^^^^^^^
/root/.venv/lib/python3.11/site-packages/requests/sessions.py:487: in prepare_request
    p.prepare(
/root/.venv/lib/python3.11/site-packages/requests/models.py:369: in prepare
    self.prepare_url(url, params)
/root/.venv/lib/python3.11/site-packages/requests/models.py:440: in prepare_url
    raise MissingSchema(
E   requests.exceptions.MissingSchema: Invalid URL '/api/clients': No scheme supplied. Perhaps you meant https:///api/clients?</failure></testcase><testcase classname="backend.tests.test_creator_consultant.TestClientsCRUD" name="test_delete_client_nullifies_projects" time="0.000"><failure message="requests.exceptions.MissingSchema: Invalid URL '/api/clients': No scheme supplied. Perhaps you meant https:///api/clients?">backend/tests/test_creator_consultant.py:293: in test_delete_client_nullifies_projects
    client_resp = api_client.post(f"{BASE_URL}/api/clients", json={
/root/.venv/lib/python3.11/site-packages/requests/sessions.py:640: in post
    return self.request("POST", url, data=data, json=json, **kwargs)
           ^^^^^^^^^^^^^^^^^^^^^^^^^^^^^^^^^^^^^^^^^^^^^^^^^^^^^^^^^
/root/.venv/lib/python3.11/site-packages/requests/sessions.py:578: in request
    prep = self.prepare_request(req)
           ^^^^^^^^^^^^^^^^^^^^^^^^^
/root/.venv/lib/python3.11/site-packages/requests/sessions.py:487: in prepare_request
    p.prepare(
/root/.venv/lib/python3.11/site-packages/requests/models.py:369: in prepare
    self.prepare_url(url, params)
/root/.venv/lib/python3.11/site-packages/requests/models.py:440: in prepare_url
    raise MissingSchema(
E   requests.exceptions.MissingSchema: Invalid URL '/api/clients': No scheme supplied. Perhaps you meant https:///api/clients?</failure></testcase><testcase classname="backend.tests.test_creator_consultant.TestArchitectsCRUD" name="test_list_architects_returns_seeded_data" time="0.000"><failure message="requests.exceptions.MissingSchema: Invalid URL '/api/architects': No scheme supplied. Perhaps you meant https:///api/architects?">backend/tests/test_creator_consultant.py:326: in test_list_architects_returns_seeded_data
    response = api_client.get(f"{BASE_URL}/api/architects")
               ^^^^^^^^^^^^^^^^^^^^^^^^^^^^^^^^^^^^^^^^^^^^
/root/.venv/lib/python3.11/site-packages/requests/sessions.py:605: in get
    return self.request("GET", url, **kwargs)
           ^^^^^^^^^^^^^^^^^^^^^^^^^^^^^^^^^^
/root/.venv/lib/python3.11/site-packages/requests/sessions.py:578: in request
    prep = self.prepare_request(req)
           ^^^^^^^^^^^^^^^^^^^^^^^^^
/root/.venv/lib/python3.11/site-packages/requests/sessions.py:487: in prepare_request
    p.prepare(
/root/.venv/lib/python3.11/site-packages/requests/models.py:369: in prepare
    self.prepare_url(url, params)
/root/.venv/lib/python3.11/site-packages/requests/models.py:440: in prepare_url
    raise MissingSchema(
E   requests.exceptions.MissingSchema: Invalid URL '/api/architects': No scheme supplied. Perhaps you meant https:///api/architects?</failure></testcase><testcase classname="backend.tests.test_creator_consultant.TestArchitectsCRUD" name="test_create_architect" time="0.000"><failure message="requests.exceptions.MissingSchema: Invalid URL '/api/architects': No scheme supplied. Perhaps you meant https:///api/architects?">backend/tests/test_creator_consultant.py:348: in test_create_architect
    response = api_client.post(f"{BASE_URL}/api/architects", json=payload)
               ^^^^^^^^^^^^^^^^^^^^^^^^^^^^^^^^^^^^^^^^^^^^^^^^^^^^^^^^^^^
/root/.venv/lib/python3.11/site-packages/requests/sessions.py:640: in post
    return self.request("POST", url, data=data, json=json, **kwargs)
           ^^^^^^^^^^^^^^^^^^^^^^^^^^^^^^^^^^^^^^^^^^^^^^^^^^^^^^^^^
/root/.venv/lib/python3.11/site-packages/requests/sessions.py:578: in request
    prep = self.prepare_request(req)
           ^^^^^^^^^^^^^^^^^^^^^^^^^
/root/.venv/lib/python3.11/site-packages/requests/sessions.py:487: in prepare_request
    p.prepare(
/root/.venv/lib/python3.11/site-packages/requests/models.py:369: in prepare
    self.prepare_url(url, params)
/root/.venv/lib/python3.11/site-packages/requests/models.py:440: in prepare_url
    raise MissingSchema(
E   requests.exceptions.MissingSchema: Invalid URL '/api/architects': No scheme supplied. Perhaps you meant https:///api/architects?</failure></testcase><testcase classname="backend.tests.test_creator_consultant.TestArchitectsCRUD" name="test_update_architect_syncs_to_projects" time="0.000"><failure message="requests.exceptions.MissingSchema: Invalid URL '/api/architects': No scheme supplied. Perhaps you meant https:///api/architects?">backend/tests/test_creator_consultant.py:362: in test_update_architect_syncs_to_projects
    arch_resp = api_client.post(f"{BASE_URL}/api/architects", json={
/root/.venv/lib/python3.11/site-packages/requests/sessions.py:640: in post
    return self.request("POST", url, data=data, json=json, **kwargs)
           ^^^^^^^^^^^^^^^^^^^^^^^^^^^^^^^^^^^^^^^^^^^^^^^^^^^^^^^^^
/root/.venv/lib/python3.11/site-packages/requests/sessions.py:578: in request
    prep = self.prepare_request(req)
           ^^^^^^^^^^^^^^^^^^^^^^^^^
/root/.venv/lib/python3.11/site-packages/requests/sessions.py:487: in prepare_request
    p.prepare(
/root/.venv/lib/python3.11/site-packages/requests/models.py:369: in prepare
    self.prepare_url(url, params)
/root/.venv/lib/python3.11/site-packages/requests/models.py:440: in prepare_url
    raise MissingSchema(
E   requests.exceptions.MissingSchema: Invalid URL '/api/architects': No scheme supplied. Perhaps you meant https:///api/architects?</failure></testcase><testcase classname="backend.tests.test_creator_consultant.TestArchitectsCRUD" name="test_delete_architect_nullifies_projects" time="0.000"><failure message="requests.exceptions.MissingSchema: Invalid URL '/api/architects': No scheme supplied. Perhaps you meant https:///api/architects?">backend/tests/test_creator_consultant.py:393: in test_delete_architect_nullifies_projects
    arch_resp = api_client.post(f"{BASE_URL}/api/architects", json={
/root/.venv/lib/python3.11/site-packages/requests/sessions.py:640: in post
    return self.request("POST", url, data=data, json=json, **kwargs)
           ^^^^^^^^^^^^^^^^^^^^^^^^^^^^^^^^^^^^^^^^^^^^^^^^^^^^^^^^^
/root/.venv/lib/python3.11/site-packages/requests/sessions.py:578: in request
    prep = self.prepare_request(req)
           ^^^^^^^^^^^^^^^^^^^^^^^^^
/root/.venv/lib/python3.11/site-packages/requests/sessions.py:487: in prepare_request
    p.prepare(
/root/.venv/lib/python3.11/site-packages/requests/models.py:369: in prepare
    self.prepare_url(url, params)
/root/.venv/lib/python3.11/site-packages/requests/models.py:440: in prepare_url
    raise MissingSchema(
E   requests.exceptions.MissingSchema: Invalid URL '/api/architects': No scheme supplied. Perhaps you meant https:///api/architects?</failure></testcase><testcase classname="backend.tests.test_creator_consultant.TestPayments" name="test_create_payment_updates_project" time="0.000"><failure message="requests.exceptions.MissingSchema: Invalid URL '/api/projects': No scheme supplied. Perhaps you meant https:///api/projects?">backend/tests/test_creator_consultant.py:427: in test_create_payment_updates_project
    project_resp = api_client.post(f"{BASE_URL}/api/projects", json={
/root/.venv/lib/python3.11/site-packages/requests/sessions.py:640: in post
    return self.request("POST", url, data=data, json=json, **kwargs)
           ^^^^^^^^^^^^^^^^^^^^^^^^^^^^^^^^^^^^^^^^^^^^^^^^^^^^^^^^^
/root/.venv/lib/python3.11/site-packages/requests/sessions.py:578: in request
    prep = self.prepare_request(req)
           ^^^^^^^^^^^^^^^^^^^^^^^^^
/root/.venv/lib/python3.11/site-packages/requests/sessions.py:487: in prepare_request
    p.prepare(
/root/.venv/lib/python3.11/site-packages/requests/models.py:369: in prepare
    self.prepare_url(url, params)
/root/.venv/lib/python3.11/site-packages/requests/models.py:440: in prepare_url
    raise MissingSchema(
E   requests.exceptions.MissingSchema: Invalid URL '/api/projects': No scheme supplied. Perhaps you meant https:///api/projects?</failure></testcase><testcase classname="backend.tests.test_creator_consultant.TestPayments" name="test_payment_rejects_zero_amount" time="0.000"><failure message="requests.exceptions.MissingSchema: Invalid URL '/api/projects': No scheme supplied. Perhaps you meant https:///api/projects?">backend/tests/test_creator_consultant.py:470: in test_payment_rejects_zero_amount
    projects = api_client.get(f"{BASE_URL}/api/projects").json()
               ^^^^^^^^^^^^^^^^^^^^^^^^^^^^^^^^^^^^^^^^^^
/root/.venv/lib/python3.11/site-packages/requests/sessions.py:605: in get
    return self.request("GET", url, **kwargs)
           ^^^^^^^^^^^^^^^^^^^^^^^^^^^^^^^^^^
/root/.venv/lib/python3.11/site-packages/requests/sessions.py:578: in request
    prep = self.prepare_request(req)
           ^^^^^^^^^^^^^^^^^^^^^^^^^
/root/.venv/lib/python3.11/site-packages/requests/sessions.py:487: in prepare_request
    p.prepare(
/root/.venv/lib/python3.11/site-packages/requests/models.py:369: in prepare
    self.prepare_url(url, params)
/root/.venv/lib/python3.11/site-packages/requests/models.py:440: in prepare_url
    raise MissingSchema(
E   requests.exceptions.MissingSchema: Invalid URL '/api/projects': No scheme supplied. Perhaps you meant https:///api/projects?</failure></testcase><testcase classname="backend.tests.test_creator_consultant.TestPayments" name="test_payment_rejects_unknown_project" time="0.000"><failure message="requests.exceptions.MissingSchema: Invalid URL '/api/payments': No scheme supplied. Perhaps you meant https:///api/payments?">backend/tests/test_creator_consultant.py:487: in test_payment_rejects_unknown_project
    response = api_client.post(f"{BASE_URL}/api/payments", json={
/root/.venv/lib/python3.11/site-packages/requests/sessions.py:640: in post
    return self.request("POST", url, data=data, json=json, **kwargs)
           ^^^^^^^^^^^^^^^^^^^^^^^^^^^^^^^^^^^^^^^^^^^^^^^^^^^^^^^^^
/root/.venv/lib/python3.11/site-packages/requests/sessions.py:578: in request
    prep = self.prepare_request(req)
           ^^^^^^^^^^^^^^^^^^^^^^^^^
/root/.venv/lib/python3.11/site-packages/requests/sessions.py:487: in prepare_request
    p.prepare(
/root/.venv/lib/python3.11/site-packages/requests/models.py:369: in prepare
    self.prepare_url(url, params)
/root/.venv/lib/python3.11/site-packages/requests/models.py:440: in prepare_url
    raise MissingSchema(
E   requests.exceptions.MissingSchema: Invalid URL '/api/payments': No scheme supplied. Perhaps you meant https:///api/payments?</failure></testcase><testcase classname="backend.tests.test_creator_consultant.TestPayments" name="test_list_payments_by_project" time="0.000"><failure message="requests.exceptions.MissingSchema: Invalid URL '/api/projects': No scheme supplied. Perhaps you meant https:///api/projects?">backend/tests/test_creator_consultant.py:496: in test_list_payments_by_project
    project_resp = api_client.post(f"{BASE_URL}/api/projects", json={
/root/.venv/lib/python3.11/site-packages/requests/sessions.py:640: in post
    return self.request("POST", url, data=data, json=json, **kwargs)
           ^^^^^^^^^^^^^^^^^^^^^^^^^^^^^^^^^^^^^^^^^^^^^^^^^^^^^^^^^
/root/.venv/lib/python3.11/site-packages/requests/sessions.py:578: in request
    prep = self.prepare_request(req)
           ^^^^^^^^^^^^^^^^^^^^^^^^^
/root/.venv/lib/python3.11/site-packages/requests/sessions.py:487: in prepare_request
    p.prepare(
/root/.venv/lib/python3.11/site-packages/requests/models.py:369: in prepare
    self.prepare_url(url, params)
/root/.venv/lib/python3.11/site-packages/requests/models.py:440: in prepare_url
    raise MissingSchema(
E   requests.exceptions.MissingSchema: Invalid URL '/api/projects': No scheme supplied. Perhaps you meant https:///api/projects?</failure></testcase><testcase classname="backend.tests.test_creator_consultant.TestExportExcel" name="test_export_excel_returns_xlsx" time="0.000"><failure message="requests.exceptions.MissingSchema: Invalid URL '/api/export/excel': No scheme supplied. Perhaps you meant https:///api/export/excel?">backend/tests/test_creator_consultant.py:524: in test_export_excel_returns_xlsx
    response = api_client.get(f"{BASE_URL}/api/export/excel")
               ^^^^^^^^^^^^^^^^^^^^^^^^^^^^^^^^^^^^^^^^^^^^^^
/root/.venv/lib/python3.11/site-packages/requests/sessions.py:605: in get
    return self.request("GET", url, **kwargs)
           ^^^^^^^^^^^^^^^^^^^^^^^^^^^^^^^^^^
/root/.venv/lib/python3.11/site-packages/requests/sessions.py:578: in request
    prep = self.prepare_request(req)
           ^^^^^^^^^^^^^^^^^^^^^^^^^
/root/.venv/lib/python3.11/site-packages/requests/sessions.py:487: in prepare_request
    p.prepare(
/root/.venv/lib/python3.11/site-packages/requests/models.py:369: in prepare
    self.prepare_url(url, params)
/root/.venv/lib/python3.11/site-packages/requests/models.py:440: in prepare_url
    raise MissingSchema(
E   requests.exceptions.MissingSchema: Invalid URL '/api/export/excel': No scheme supplied. Perhaps you meant https:///api/export/excel?</failure></testcase><testcase classname="backend.tests.test_creator_consultant.TestSeedEndpoint" name="test_seed_is_idempotent" time="0.000"><failure message="requests.exceptions.MissingSchema: Invalid URL '/api/seed': No scheme supplied. Perhaps you meant https:///api/seed?">backend/tests/test_creator_consultant.py:545: in test_seed_is_idempotent
    response = api_client.post(f"{BASE_URL}/api/seed")
               ^^^^^^^^^^^^^^^^^^^^^^^^^^^^^^^^^^^^^^^
/root/.venv/lib/python3.11/site-packages/requests/sessions.py:640: in post
    return self.request("POST", url, data=data, json=json, **kwargs)
           ^^^^^^^^^^^^^^^^^^^^^^^^^^^^^^^^^^^^^^^^^^^^^^^^^^^^^^^^^
/root/.venv/lib/python3.11/site-packages/requests/sessions.py:578: in request
    prep = self.prepare_request(req)
           ^^^^^^^^^^^^^^^^^^^^^^^^^
/root/.venv/lib/python3.11/site-packages/requests/sessions.py:487: in prepare_request
    p.prepare(
/root/.venv/lib/python3.11/site-packages/requests/models.py:369: in prepare
    self.prepare_url(url, params)
/root/.venv/lib/python3.11/site-packages/requests/models.py:440: in prepare_url
    raise MissingSchema(
E   requests.exceptions.MissingSchema: Invalid URL '/api/seed': No scheme supplied. Perhaps you meant https:///api/seed?</failure></testcase><testcase classname="backend.tests.test_creator_consultant.TestNoMongoDBId" name="test_projects_no_underscore_id" time="0.000"><failure message="requests.exceptions.MissingSchema: Invalid URL '/api/projects': No scheme supplied. Perhaps you meant https:///api/projects?">backend/tests/test_creator_consultant.py:559: in test_projects_no_underscore_id
    response = api_client.get(f"{BASE_URL}/api/projects")
               ^^^^^^^^^^^^^^^^^^^^^^^^^^^^^^^^^^^^^^^^^^
/root/.venv/lib/python3.11/site-packages/requests/sessions.py:605: in get
    return self.request("GET", url, **kwargs)
           ^^^^^^^^^^^^^^^^^^^^^^^^^^^^^^^^^^
/root/.venv/lib/python3.11/site-packages/requests/sessions.py:578: in request
    prep = self.prepare_request(req)
           ^^^^^^^^^^^^^^^^^^^^^^^^^
/root/.venv/lib/python3.11/site-packages/requests/sessions.py:487: in prepare_request
    p.prepare(
/root/.venv/lib/python3.11/site-packages/requests/models.py:369: in prepare
    self.prepare_url(url, params)
/root/.venv/lib/python3.11/site-packages/requests/models.py:440: in prepare_url
    raise MissingSchema(
E   requests.exceptions.MissingSchema: Invalid URL '/api/projects': No scheme supplied. Perhaps you meant https:///api/projects?</failure></testcase><testcase classname="backend.tests.test_creator_consultant.TestNoMongoDBId" name="test_clients_no_underscore_id" time="0.000"><failure message="requests.exceptions.MissingSchema: Invalid URL '/api/clients': No scheme supplied. Perhaps you meant https:///api/clients?">backend/tests/test_creator_consultant.py:566: in test_clients_no_underscore_id
    response = api_client.get(f"{BASE_URL}/api/clients")
               ^^^^^^^^^^^^^^^^^^^^^^^^^^^^^^^^^^^^^^^^^
/root/.venv/lib/python3.11/site-packages/requests/sessions.py:605: in get
    return self.request("GET", url, **kwargs)
           ^^^^^^^^^^^^^^^^^^^^^^^^^^^^^^^^^^
/root/.venv/lib/python3.11/site-packages/requests/sessions.py:578: in request
    prep = self.prepare_request(req)
           ^^^^^^^^^^^^^^^^^^^^^^^^^
/root/.venv/lib/python3.11/site-packages/requests/sessions.py:487: in prepare_request
    p.prepare(
/root/.venv/lib/python3.11/site-packages/requests/models.py:369: in prepare
    self.prepare_url(url, params)
/root/.venv/lib/python3.11/site-packages/requests/models.py:440: in prepare_url
    raise MissingSchema(
E   requests.exceptions.MissingSchema: Invalid URL '/api/clients': No scheme supplied. Perhaps you meant https:///api/clients?</failure></testcase><testcase classname="backend.tests.test_creator_consultant.TestNoMongoDBId" name="test_architects_no_underscore_id" time="0.000"><failure message="requests.exceptions.MissingSchema: Invalid URL '/api/architects': No scheme supplied. Perhaps you meant https:///api/architects?">backend/tests/test_creator_consultant.py:573: in test_architects_no_underscore_id
    response = api_client.get(f"{BASE_URL}/api/architects")
               ^^^^^^^^^^^^^^^^^^^^^^^^^^^^^^^^^^^^^^^^^^^^
/root/.venv/lib/python3.11/site-packages/requests/sessions.py:605: in get
    return self.request("GET", url, **kwargs)
           ^^^^^^^^^^^^^^^^^^^^^^^^^^^^^^^^^^
/root/.venv/lib/python3.11/site-packages/requests/sessions.py:578: in request
    prep = self.prepare_request(req)
           ^^^^^^^^^^^^^^^^^^^^^^^^^
/root/.venv/lib/python3.11/site-packages/requests/sessions.py:487: in prepare_request
    p.prepare(
/root/.venv/lib/python3.11/site-packages/requests/models.py:369: in prepare
    self.prepare_url(url, params)
/root/.venv/lib/python3.11/site-packages/requests/models.py:440: in prepare_url
    raise MissingSchema(
E   requests.exceptions.MissingSchema: Invalid URL '/api/architects': No scheme supplied. Perhaps you meant https:///api/architects?</failure></testcase><testcase classname="backend.tests.test_iteration10_excel_and_engineer_scope.TestEngineerProjectScope" name="test_admin_sees_both_projects" time="1.576" /><testcase classname="backend.tests.test_iteration10_excel_and_engineer_scope.TestEngineerProjectScope" name="test_engineer_sees_only_assigned" time="0.123" /><testcase classname="backend.tests.test_iteration10_excel_and_engineer_scope.TestEngineerProjectScope" name="test_put_project_updates_assigned_engineer_ids" time="0.567" /><testcase classname="backend.tests.test_iteration10_excel_and_engineer_scope.TestExcelExport" name="test_excel_no_filter" time="0.334" /><testcase classname="backend.tests.test_iteration10_excel_and_engineer_scope.TestExcelExport" name="test_excel_month_filter" time="0.110" /><testcase classname="backend.tests.test_iteration10_excel_and_engineer_scope.TestExcelExport" name="test_excel_engineer_id_filter" time="0.115" /><testcase classname="backend.tests.test_iteration10_excel_and_engineer_scope.TestExcelExport" name="test_excel_project_id_filter" time="0.119" /><testcase classname="backend.tests.test_iteration10_excel_and_engineer_scope.TestExcelExport" name="test_excel_engineer_scoped_to_self" time="0.339" /><testcase classname="backend.tests.test_iteration10_excel_and_engineer_scope.TestSiteVisitsPathCollision" name="test_get_single_visit_after_export_route" time="0.342" /><testcase classname="backend.tests.test_iteration10_excel_and_engineer_scope.TestBackupIncludesNewCollections" name="test_backup_run_includes_site_visits" time="0.468" /><testcase classname="backend.tests.test_iteration11_notifications_and_activity.TestActivityLog" name="test_engineer_submit_writes_visit_created_activity" time="1.468" /><testcase classname="backend.tests.test_iteration11_notifications_and_activity.TestActivityLog" name="test_route_ordering_activity_before_catchall" time="0.227" /><testcase classname="backend.tests.test_iteration11_notifications_and_activity.TestActivityLog" name="test_update_same_status_writes_visit_updated" time="0.234" /><testcase classname="backend.tests.test_iteration11_notifications_and_activity.TestActivityLog" name="test_status_change_draft_to_submitted_logs_status_changed" time="0.490" /><testcase classname="backend.tests.test_iteration11_notifications_and_activity.TestActivityLog" name="test_delete_visit_logs_visit_deleted" time="0.326" /><testcase classname="backend.tests.test_iteration11_notifications_and_activity.TestActivityLog" name="test_cleanup_main_visit" time="0.106" /><testcase classname="backend.tests.test_iteration11_notifications_and_activity.TestNotifications" name="test_engineer_submit_creates_admin_notification" time="0.845" /><testcase classname="backend.tests.test_iteration11_notifications_and_activity.TestNotifications" name="test_engineer_feed_excludes_admin_notifications" time="0.106" /><testcase classname="backend.tests.test_iteration11_notifications_and_activity.TestNotifications" name="test_admin_submit_does_not_notify" time="0.971" /><testcase classname="backend.tests.test_iteration11_notifications_and_activity.TestNotifications" name="test_update_same_status_does_not_notify" time="0.849" /><testcase classname="backend.tests.test_iteration11_notifications_and_activity.TestNotifications" name="test_mark_single_read_is_per_user" time="0.323" /><testcase classname="backend.tests.test_iteration11_notifications_and_activity.TestNotifications" name="test_mark_all_read_zeros_unread" time="1.101" /><testcase classname="backend.tests.test_iteration11_notifications_and_activity.TestNotifications" name="test_unauthenticated_mark_read_rejected" time="0.104" /><testcase classname="backend.tests.test_iteration11_notifications_and_activity.TestNotifications" name="test_cleanup" time="0.123" /><testcase classname="backend.tests.test_iteration12_dashboard_sv_and_user_activity.TestSiteVisitStats" name="test_default_shape" time="1.757" /><testcase classname="backend.tests.test_iteration12_dashboard_sv_and_user_activity.TestSiteVisitStats" name="test_days_clamp_low" time="0.116" /><testcase classname="backend.tests.test_iteration12_dashboard_sv_and_user_activity.TestSiteVisitStats" name="test_days_clamp_high" time="0.118" /><testcase classname="backend.tests.test_iteration12_dashboard_sv_and_user_activity.TestSiteVisitStats" name="test_by_engineer_sorted_and_capped" time="0.107" /><testcase classname="backend.tests.test_iteration12_dashboard_sv_and_user_activity.TestSiteVisitStats" name="test_recent_drafts_capped_at_5" time="0.102" /><testcase classname="backend.tests.test_iteration12_dashboard_sv_and_user_activity.TestSiteVisitStats" name="test_unauth_blocked" time="0.102" /><testcase classname="backend.tests.test_iteration12_dashboard_sv_and_user_activity.TestUserActivityFeed" name="test_engineer_activity_shape" time="0.105" /><testcase classname="backend.tests.test_iteration12_dashboard_sv_and_user_activity.TestUserActivityFeed" name="test_visit_code_enrichment" time="0.107" /><testcase classname="backend.tests.test_iteration12_dashboard_sv_and_user_activity.TestUserActivityFeed" name="test_admin_activity_excludes_engineer_visits" time="0.245" /><testcase classname="backend.tests.test_iteration12_dashboard_sv_and_user_activity.TestUserActivityFeed" name="test_limit_clamp_low" time="0.123" /><testcase classname="backend.tests.test_iteration12_dashboard_sv_and_user_activity.TestUserActivityFeed" name="test_limit_clamp_high" time="0.107" /><testcase classname="backend.tests.test_iteration12_dashboard_sv_and_user_activity.TestUserActivityFeed" name="test_unauth_blocked" time="0.107" /><testcase classname="backend.tests.test_iteration12_dashboard_sv_and_user_activity.TestUserActivityFeed" name="test_unknown_user_returns_empty" time="0.336" /><testcase classname="backend.tests.test_iteration2_features.TestPDFInvoice" name="test_invoice_returns_valid_pdf" time="0.001"><failure message="requests.exceptions.MissingSchema: Invalid URL '/api/projects': No scheme supplied. Perhaps you meant https:///api/projects?">backend/tests/test_iteration2_features.py:27: in test_invoice_returns_valid_pdf
    projects = api_client.get(f"{BASE_URL}/api/projects").json()
               ^^^^^^^^^^^^^^^^^^^^^^^^^^^^^^^^^^^^^^^^^^
/root/.venv/lib/python3.11/site-packages/requests/sessions.py:605: in get
    return self.request("GET", url, **kwargs)
           ^^^^^^^^^^^^^^^^^^^^^^^^^^^^^^^^^^
/root/.venv/lib/python3.11/site-packages/requests/sessions.py:578: in request
    prep = self.prepare_request(req)
           ^^^^^^^^^^^^^^^^^^^^^^^^^
/root/.venv/lib/python3.11/site-packages/requests/sessions.py:487: in prepare_request
    p.prepare(
/root/.venv/lib/python3.11/site-packages/requests/models.py:369: in prepare
    self.prepare_url(url, params)
/root/.venv/lib/python3.11/site-packages/requests/models.py:440: in prepare_url
    raise MissingSchema(
E   requests.exceptions.MissingSchema: Invalid URL '/api/projects': No scheme supplied. Perhaps you meant https:///api/projects?</failure></testcase><testcase classname="backend.tests.test_iteration2_features.TestPDFInvoice" name="test_invoice_unknown_project_returns_404" time="0.000"><failure message="requests.exceptions.MissingSchema: Invalid URL '/api/projects/nonexistent-id/invoice': No scheme supplied. Perhaps you meant https:///api/projects/nonexistent-id/invoice?">backend/tests/test_iteration2_features.py:51: in test_invoice_unknown_project_returns_404
    response = api_client.get(f"{BASE_URL}/api/projects/nonexistent-id/invoice")
               ^^^^^^^^^^^^^^^^^^^^^^^^^^^^^^^^^^^^^^^^^^^^^^^^^^^^^^^^^^^^^^^^^
/root/.venv/lib/python3.11/site-packages/requests/sessions.py:605: in get
    return self.request("GET", url, **kwargs)
           ^^^^^^^^^^^^^^^^^^^^^^^^^^^^^^^^^^
/root/.venv/lib/python3.11/site-packages/requests/sessions.py:578: in request
    prep = self.prepare_request(req)
           ^^^^^^^^^^^^^^^^^^^^^^^^^
/root/.venv/lib/python3.11/site-packages/requests/sessions.py:487: in prepare_request
    p.prepare(
/root/.venv/lib/python3.11/site-packages/requests/models.py:369: in prepare
    self.prepare_url(url, params)
/root/.venv/lib/python3.11/site-packages/requests/models.py:440: in prepare_url
    raise MissingSchema(
E   requests.exceptions.MissingSchema: Invalid URL '/api/projects/nonexistent-id/invoice': No scheme supplied. Perhaps you meant https:///api/projects/nonexistent-id/invoice?</failure></testcase><testcase classname="backend.tests.test_iteration2_features.TestPDFReceipt" name="test_receipt_returns_valid_pdf" time="0.000"><failure message="requests.exceptions.MissingSchema: Invalid URL '/api/projects': No scheme supplied. Perhaps you meant https:///api/projects?">backend/tests/test_iteration2_features.py:62: in test_receipt_returns_valid_pdf
    project_resp = api_client.post(f"{BASE_URL}/api/projects", json={
/root/.venv/lib/python3.11/site-packages/requests/sessions.py:640: in post
    return self.request("POST", url, data=data, json=json, **kwargs)
           ^^^^^^^^^^^^^^^^^^^^^^^^^^^^^^^^^^^^^^^^^^^^^^^^^^^^^^^^^
/root/.venv/lib/python3.11/site-packages/requests/sessions.py:578: in request
    prep = self.prepare_request(req)
           ^^^^^^^^^^^^^^^^^^^^^^^^^
/root/.venv/lib/python3.11/site-packages/requests/sessions.py:487: in prepare_request
    p.prepare(
/root/.venv/lib/python3.11/site-packages/requests/models.py:369: in prepare
    self.prepare_url(url, params)
/root/.venv/lib/python3.11/site-packages/requests/models.py:440: in prepare_url
    raise MissingSchema(
E   requests.exceptions.MissingSchema: Invalid URL '/api/projects': No scheme supplied. Perhaps you meant https:///api/projects?</failure></testcase><testcase classname="backend.tests.test_iteration2_features.TestPDFReceipt" name="test_receipt_unknown_payment_returns_404" time="0.000"><failure message="requests.exceptions.MissingSchema: Invalid URL '/api/payments/nonexistent-id/receipt': No scheme supplied. Perhaps you meant https:///api/payments/nonexistent-id/receipt?">backend/tests/test_iteration2_features.py:102: in test_receipt_unknown_payment_returns_404
    response = api_client.get(f"{BASE_URL}/api/payments/nonexistent-id/receipt")
               ^^^^^^^^^^^^^^^^^^^^^^^^^^^^^^^^^^^^^^^^^^^^^^^^^^^^^^^^^^^^^^^^^
/root/.venv/lib/python3.11/site-packages/requests/sessions.py:605: in get
    return self.request("GET", url, **kwargs)
           ^^^^^^^^^^^^^^^^^^^^^^^^^^^^^^^^^^
/root/.venv/lib/python3.11/site-packages/requests/sessions.py:578: in request
    prep = self.prepare_request(req)
           ^^^^^^^^^^^^^^^^^^^^^^^^^
/root/.venv/lib/python3.11/site-packages/requests/sessions.py:487: in prepare_request
    p.prepare(
/root/.venv/lib/python3.11/site-packages/requests/models.py:369: in prepare
    self.prepare_url(url, params)
/root/.venv/lib/python3.11/site-packages/requests/models.py:440: in prepare_url
    raise MissingSchema(
E   requests.exceptions.MissingSchema: Invalid URL '/api/payments/nonexistent-id/receipt': No scheme supplied. Perhaps you meant https:///api/payments/nonexistent-id/receipt?</failure></testcase><testcase classname="backend.tests.test_iteration2_features.TestArchiveProject" name="test_archive_project_sets_archived_true" time="0.000"><failure message="requests.exceptions.MissingSchema: Invalid URL '/api/projects': No scheme supplied. Perhaps you meant https:///api/projects?">backend/tests/test_iteration2_features.py:113: in test_archive_project_sets_archived_true
    project_resp = api_client.post(f"{BASE_URL}/api/projects", json={
/root/.venv/lib/python3.11/site-packages/requests/sessions.py:640: in post
    return self.request("POST", url, data=data, json=json, **kwargs)
           ^^^^^^^^^^^^^^^^^^^^^^^^^^^^^^^^^^^^^^^^^^^^^^^^^^^^^^^^^
/root/.venv/lib/python3.11/site-packages/requests/sessions.py:578: in request
    prep = self.prepare_request(req)
           ^^^^^^^^^^^^^^^^^^^^^^^^^
/root/.venv/lib/python3.11/site-packages/requests/sessions.py:487: in prepare_request
    p.prepare(
/root/.venv/lib/python3.11/site-packages/requests/models.py:369: in prepare
    self.prepare_url(url, params)
/root/.venv/lib/python3.11/site-packages/requests/models.py:440: in prepare_url
    raise MissingSchema(
E   requests.exceptions.MissingSchema: Invalid URL '/api/projects': No scheme supplied. Perhaps you meant https:///api/projects?</failure></testcase><testcase classname="backend.tests.test_iteration2_features.TestArchiveProject" name="test_unarchive_project_sets_archived_false" time="0.000"><failure message="requests.exceptions.MissingSchema: Invalid URL '/api/projects': No scheme supplied. Perhaps you meant https:///api/projects?">backend/tests/test_iteration2_features.py:138: in test_unarchive_project_sets_archived_false
    project_resp = api_client.post(f"{BASE_URL}/api/projects", json={
/root/.venv/lib/python3.11/site-packages/requests/sessions.py:640: in post
    return self.request("POST", url, data=data, json=json, **kwargs)
           ^^^^^^^^^^^^^^^^^^^^^^^^^^^^^^^^^^^^^^^^^^^^^^^^^^^^^^^^^
/root/.venv/lib/python3.11/site-packages/requests/sessions.py:578: in request
    prep = self.prepare_request(req)
           ^^^^^^^^^^^^^^^^^^^^^^^^^
/root/.venv/lib/python3.11/site-packages/requests/sessions.py:487: in prepare_request
    p.prepare(
/root/.venv/lib/python3.11/site-packages/requests/models.py:369: in prepare
    self.prepare_url(url, params)
/root/.venv/lib/python3.11/site-packages/requests/models.py:440: in prepare_url
    raise MissingSchema(
E   requests.exceptions.MissingSchema: Invalid URL '/api/projects': No scheme supplied. Perhaps you meant https:///api/projects?</failure></testcase><testcase classname="backend.tests.test_iteration2_features.TestArchiveProject" name="test_archive_unknown_project_returns_404" time="0.000"><failure message="requests.exceptions.MissingSchema: Invalid URL '/api/projects/nonexistent-id/archive': No scheme supplied. Perhaps you meant https:///api/projects/nonexistent-id/archive?">backend/tests/test_iteration2_features.py:165: in test_archive_unknown_project_returns_404
    response = api_client.post(f"{BASE_URL}/api/projects/nonexistent-id/archive")
               ^^^^^^^^^^^^^^^^^^^^^^^^^^^^^^^^^^^^^^^^^^^^^^^^^^^^^^^^^^^^^^^^^^
/root/.venv/lib/python3.11/site-packages/requests/sessions.py:640: in post
    return self.request("POST", url, data=data, json=json, **kwargs)
           ^^^^^^^^^^^^^^^^^^^^^^^^^^^^^^^^^^^^^^^^^^^^^^^^^^^^^^^^^
/root/.venv/lib/python3.11/site-packages/requests/sessions.py:578: in request
    prep = self.prepare_request(req)
           ^^^^^^^^^^^^^^^^^^^^^^^^^
/root/.venv/lib/python3.11/site-packages/requests/sessions.py:487: in prepare_request
    p.prepare(
/root/.venv/lib/python3.11/site-packages/requests/models.py:369: in prepare
    self.prepare_url(url, params)
/root/.venv/lib/python3.11/site-packages/requests/models.py:440: in prepare_url
    raise MissingSchema(
E   requests.exceptions.MissingSchema: Invalid URL '/api/projects/nonexistent-id/archive': No scheme supplied. Perhaps you meant https:///api/projects/nonexistent-id/archive?</failure></testcase><testcase classname="backend.tests.test_iteration2_features.TestArchiveProject" name="test_unarchive_unknown_project_returns_404" time="0.000"><failure message="requests.exceptions.MissingSchema: Invalid URL '/api/projects/nonexistent-id/unarchive': No scheme supplied. Perhaps you meant https:///api/projects/nonexistent-id/unarchive?">backend/tests/test_iteration2_features.py:170: in test_unarchive_unknown_project_returns_404
    response = api_client.post(f"{BASE_URL}/api/projects/nonexistent-id/unarchive")
               ^^^^^^^^^^^^^^^^^^^^^^^^^^^^^^^^^^^^^^^^^^^^^^^^^^^^^^^^^^^^^^^^^^^^
/root/.venv/lib/python3.11/site-packages/requests/sessions.py:640: in post
    return self.request("POST", url, data=data, json=json, **kwargs)
           ^^^^^^^^^^^^^^^^^^^^^^^^^^^^^^^^^^^^^^^^^^^^^^^^^^^^^^^^^
/root/.venv/lib/python3.11/site-packages/requests/sessions.py:578: in request
    prep = self.prepare_request(req)
           ^^^^^^^^^^^^^^^^^^^^^^^^^
/root/.venv/lib/python3.11/site-packages/requests/sessions.py:487: in prepare_request
    p.prepare(
/root/.venv/lib/python3.11/site-packages/requests/models.py:369: in prepare
    self.prepare_url(url, params)
/root/.venv/lib/python3.11/site-packages/requests/models.py:440: in prepare_url
    raise MissingSchema(
E   requests.exceptions.MissingSchema: Invalid URL '/api/projects/nonexistent-id/unarchive': No scheme supplied. Perhaps you meant https:///api/projects/nonexistent-id/unarchive?</failure></testcase><testcase classname="backend.tests.test_iteration2_features.TestArchiveFiltering" name="test_default_list_excludes_archived" time="0.000"><failure message="requests.exceptions.MissingSchema: Invalid URL '/api/projects': No scheme supplied. Perhaps you meant https:///api/projects?">backend/tests/test_iteration2_features.py:181: in test_default_list_excludes_archived
    project_resp = api_client.post(f"{BASE_URL}/api/projects", json={
/root/.venv/lib/python3.11/site-packages/requests/sessions.py:640: in post
    return self.request("POST", url, data=data, json=json, **kwargs)
           ^^^^^^^^^^^^^^^^^^^^^^^^^^^^^^^^^^^^^^^^^^^^^^^^^^^^^^^^^
/root/.venv/lib/python3.11/site-packages/requests/sessions.py:578: in request
    prep = self.prepare_request(req)
           ^^^^^^^^^^^^^^^^^^^^^^^^^
/root/.venv/lib/python3.11/site-packages/requests/sessions.py:487: in prepare_request
    p.prepare(
/root/.venv/lib/python3.11/site-packages/requests/models.py:369: in prepare
    self.prepare_url(url, params)
/root/.venv/lib/python3.11/site-packages/requests/models.py:440: in prepare_url
    raise MissingSchema(
E   requests.exceptions.MissingSchema: Invalid URL '/api/projects': No scheme supplied. Perhaps you meant https:///api/projects?</failure></testcase><testcase classname="backend.tests.test_iteration2_features.TestArchiveFiltering" name="test_archived_only_returns_only_archived" time="0.000"><failure message="requests.exceptions.MissingSchema: Invalid URL '/api/projects': No scheme supplied. Perhaps you meant https:///api/projects?">backend/tests/test_iteration2_features.py:209: in test_archived_only_returns_only_archived
    project_resp = api_client.post(f"{BASE_URL}/api/projects", json={
/root/.venv/lib/python3.11/site-packages/requests/sessions.py:640: in post
    return self.request("POST", url, data=data, json=json, **kwargs)
           ^^^^^^^^^^^^^^^^^^^^^^^^^^^^^^^^^^^^^^^^^^^^^^^^^^^^^^^^^
/root/.venv/lib/python3.11/site-packages/requests/sessions.py:578: in request
    prep = self.prepare_request(req)
           ^^^^^^^^^^^^^^^^^^^^^^^^^
/root/.venv/lib/python3.11/site-packages/requests/sessions.py:487: in prepare_request
    p.prepare(
/root/.venv/lib/python3.11/site-packages/requests/models.py:369: in prepare
    self.prepare_url(url, params)
/root/.venv/lib/python3.11/site-packages/requests/models.py:440: in prepare_url
    raise MissingSchema(
E   requests.exceptions.MissingSchema: Invalid URL '/api/projects': No scheme supplied. Perhaps you meant https:///api/projects?</failure></testcase><testcase classname="backend.tests.test_iteration2_features.TestArchiveFiltering" name="test_include_archived_returns_both" time="0.000"><failure message="requests.exceptions.MissingSchema: Invalid URL '/api/projects': No scheme supplied. Perhaps you meant https:///api/projects?">backend/tests/test_iteration2_features.py:238: in test_include_archived_returns_both
    active_resp = api_client.post(f"{BASE_URL}/api/projects", json={
/root/.venv/lib/python3.11/site-packages/requests/sessions.py:640: in post
    return self.request("POST", url, data=data, json=json, **kwargs)
           ^^^^^^^^^^^^^^^^^^^^^^^^^^^^^^^^^^^^^^^^^^^^^^^^^^^^^^^^^
/root/.venv/lib/python3.11/site-packages/requests/sessions.py:578: in request
    prep = self.prepare_request(req)
           ^^^^^^^^^^^^^^^^^^^^^^^^^
/root/.venv/lib/python3.11/site-packages/requests/sessions.py:487: in prepare_request
    p.prepare(
/root/.venv/lib/python3.11/site-packages/requests/models.py:369: in prepare
    self.prepare_url(url, params)
/root/.venv/lib/python3.11/site-packages/requests/models.py:440: in prepare_url
    raise MissingSchema(
E   requests.exceptions.MissingSchema: Invalid URL '/api/projects': No scheme supplied. Perhaps you meant https:///api/projects?</failure></testcase><testcase classname="backend.tests.test_iteration2_features.TestArchiveFiltering" name="test_search_respects_archived_filter" time="0.000"><failure message="requests.exceptions.MissingSchema: Invalid URL '/api/projects': No scheme supplied. Perhaps you meant https:///api/projects?">backend/tests/test_iteration2_features.py:271: in test_search_respects_archived_filter
    project_resp = api_client.post(f"{BASE_URL}/api/projects", json={
/root/.venv/lib/python3.11/site-packages/requests/sessions.py:640: in post
    return self.request("POST", url, data=data, json=json, **kwargs)
           ^^^^^^^^^^^^^^^^^^^^^^^^^^^^^^^^^^^^^^^^^^^^^^^^^^^^^^^^^
/root/.venv/lib/python3.11/site-packages/requests/sessions.py:578: in request
    prep = self.prepare_request(req)
           ^^^^^^^^^^^^^^^^^^^^^^^^^
/root/.venv/lib/python3.11/site-packages/requests/sessions.py:487: in prepare_request
    p.prepare(
/root/.venv/lib/python3.11/site-packages/requests/models.py:369: in prepare
    self.prepare_url(url, params)
/root/.venv/lib/python3.11/site-packages/requests/models.py:440: in prepare_url
    raise MissingSchema(
E   requests.exceptions.MissingSchema: Invalid URL '/api/projects': No scheme supplied. Perhaps you meant https:///api/projects?</failure></testcase><testcase classname="backend.tests.test_iteration2_features.TestArchivedFieldInResponse" name="test_project_has_archived_field" time="0.001"><failure message="requests.exceptions.MissingSchema: Invalid URL '/api/projects': No scheme supplied. Perhaps you meant https:///api/projects?">backend/tests/test_iteration2_features.py:311: in test_project_has_archived_field
    project_resp = api_client.post(f"{BASE_URL}/api/projects", json={
/root/.venv/lib/python3.11/site-packages/requests/sessions.py:640: in post
    return self.request("POST", url, data=data, json=json, **kwargs)
           ^^^^^^^^^^^^^^^^^^^^^^^^^^^^^^^^^^^^^^^^^^^^^^^^^^^^^^^^^
/root/.venv/lib/python3.11/site-packages/requests/sessions.py:578: in request
    prep = self.prepare_request(req)
           ^^^^^^^^^^^^^^^^^^^^^^^^^
/root/.venv/lib/python3.11/site-packages/requests/sessions.py:487: in prepare_request
    p.prepare(
/root/.venv/lib/python3.11/site-packages/requests/models.py:369: in prepare
    self.prepare_url(url, params)
/root/.venv/lib/python3.11/site-packages/requests/models.py:440: in prepare_url
    raise MissingSchema(
E   requests.exceptions.MissingSchema: Invalid URL '/api/projects': No scheme supplied. Perhaps you meant https:///api/projects?</failure></testcase><testcase classname="backend.tests.test_iteration3_offers.TestOffersListAndFilter" name="test_list_offers_returns_seeded_data" time="0.001"><failure message="requests.exceptions.MissingSchema: Invalid URL '/api/offers': No scheme supplied. Perhaps you meant https:///api/offers?">backend/tests/test_iteration3_offers.py:26: in test_list_offers_returns_seeded_data
    response = api_client.get(f"{BASE_URL}/api/offers")
               ^^^^^^^^^^^^^^^^^^^^^^^^^^^^^^^^^^^^^^^^
/root/.venv/lib/python3.11/site-packages/requests/sessions.py:605: in get
    return self.request("GET", url, **kwargs)
           ^^^^^^^^^^^^^^^^^^^^^^^^^^^^^^^^^^
/root/.venv/lib/python3.11/site-packages/requests/sessions.py:578: in request
    prep = self.prepare_request(req)
           ^^^^^^^^^^^^^^^^^^^^^^^^^
/root/.venv/lib/python3.11/site-packages/requests/sessions.py:487: in prepare_request
    p.prepare(
/root/.venv/lib/python3.11/site-packages/requests/models.py:369: in prepare
    self.prepare_url(url, params)
/root/.venv/lib/python3.11/site-packages/requests/models.py:440: in prepare_url
    raise MissingSchema(
E   requests.exceptions.MissingSchema: Invalid URL '/api/offers': No scheme supplied. Perhaps you meant https:///api/offers?</failure></testcase><testcase classname="backend.tests.test_iteration3_offers.TestOffersListAndFilter" name="test_offers_gst_calculation_correct" time="0.000"><failure message="requests.exceptions.MissingSchema: Invalid URL '/api/offers': No scheme supplied. Perhaps you meant https:///api/offers?">backend/tests/test_iteration3_offers.py:48: in test_offers_gst_calculation_correct
    response = api_client.get(f"{BASE_URL}/api/offers")
               ^^^^^^^^^^^^^^^^^^^^^^^^^^^^^^^^^^^^^^^^
/root/.venv/lib/python3.11/site-packages/requests/sessions.py:605: in get
    return self.request("GET", url, **kwargs)
           ^^^^^^^^^^^^^^^^^^^^^^^^^^^^^^^^^^
/root/.venv/lib/python3.11/site-packages/requests/sessions.py:578: in request
    prep = self.prepare_request(req)
           ^^^^^^^^^^^^^^^^^^^^^^^^^
/root/.venv/lib/python3.11/site-packages/requests/sessions.py:487: in prepare_request
    p.prepare(
/root/.venv/lib/python3.11/site-packages/requests/models.py:369: in prepare
    self.prepare_url(url, params)
/root/.venv/lib/python3.11/site-packages/requests/models.py:440: in prepare_url
    raise MissingSchema(
E   requests.exceptions.MissingSchema: Invalid URL '/api/offers': No scheme supplied. Perhaps you meant https:///api/offers?</failure></testcase><testcase classname="backend.tests.test_iteration3_offers.TestOffersListAndFilter" name="test_offers_effective_type_logic" time="0.000"><failure message="requests.exceptions.MissingSchema: Invalid URL '/api/offers': No scheme supplied. Perhaps you meant https:///api/offers?">backend/tests/test_iteration3_offers.py:62: in test_offers_effective_type_logic
    response = api_client.get(f"{BASE_URL}/api/offers")
               ^^^^^^^^^^^^^^^^^^^^^^^^^^^^^^^^^^^^^^^^
/root/.venv/lib/python3.11/site-packages/requests/sessions.py:605: in get
    return self.request("GET", url, **kwargs)
           ^^^^^^^^^^^^^^^^^^^^^^^^^^^^^^^^^^
/root/.venv/lib/python3.11/site-packages/requests/sessions.py:578: in request
    prep = self.prepare_request(req)
           ^^^^^^^^^^^^^^^^^^^^^^^^^
/root/.venv/lib/python3.11/site-packages/requests/sessions.py:487: in prepare_request
    p.prepare(
/root/.venv/lib/python3.11/site-packages/requests/models.py:369: in prepare
    self.prepare_url(url, params)
/root/.venv/lib/python3.11/site-packages/requests/models.py:440: in prepare_url
    raise MissingSchema(
E   requests.exceptions.MissingSchema: Invalid URL '/api/offers': No scheme supplied. Perhaps you meant https:///api/offers?</failure></testcase><testcase classname="backend.tests.test_iteration3_offers.TestOffersListAndFilter" name="test_filter_offers_by_status_pending" time="0.000"><failure message="requests.exceptions.MissingSchema: Invalid URL '/api/offers': No scheme supplied. Perhaps you meant https:///api/offers?">backend/tests/test_iteration3_offers.py:75: in test_filter_offers_by_status_pending
    response = api_client.get(f"{BASE_URL}/api/offers", params={"status": "Pending"})
               ^^^^^^^^^^^^^^^^^^^^^^^^^^^^^^^^^^^^^^^^^^^^^^^^^^^^^^^^^^^^^^^^^^^^^^
/root/.venv/lib/python3.11/site-packages/requests/sessions.py:605: in get
    return self.request("GET", url, **kwargs)
           ^^^^^^^^^^^^^^^^^^^^^^^^^^^^^^^^^^
/root/.venv/lib/python3.11/site-packages/requests/sessions.py:578: in request
    prep = self.prepare_request(req)
           ^^^^^^^^^^^^^^^^^^^^^^^^^
/root/.venv/lib/python3.11/site-packages/requests/sessions.py:487: in prepare_request
    p.prepare(
/root/.venv/lib/python3.11/site-packages/requests/models.py:369: in prepare
    self.prepare_url(url, params)
/root/.venv/lib/python3.11/site-packages/requests/models.py:440: in prepare_url
    raise MissingSchema(
E   requests.exceptions.MissingSchema: Invalid URL '/api/offers': No scheme supplied. Perhaps you meant https:///api/offers?</failure></testcase><testcase classname="backend.tests.test_iteration3_offers.TestOffersListAndFilter" name="test_filter_offers_by_status_accepted" time="0.000"><failure message="requests.exceptions.MissingSchema: Invalid URL '/api/offers': No scheme supplied. Perhaps you meant https:///api/offers?">backend/tests/test_iteration3_offers.py:84: in test_filter_offers_by_status_accepted
    response = api_client.get(f"{BASE_URL}/api/offers", params={"status": "Accepted"})
               ^^^^^^^^^^^^^^^^^^^^^^^^^^^^^^^^^^^^^^^^^^^^^^^^^^^^^^^^^^^^^^^^^^^^^^^
/root/.venv/lib/python3.11/site-packages/requests/sessions.py:605: in get
    return self.request("GET", url, **kwargs)
           ^^^^^^^^^^^^^^^^^^^^^^^^^^^^^^^^^^
/root/.venv/lib/python3.11/site-packages/requests/sessions.py:578: in request
    prep = self.prepare_request(req)
           ^^^^^^^^^^^^^^^^^^^^^^^^^
/root/.venv/lib/python3.11/site-packages/requests/sessions.py:487: in prepare_request
    p.prepare(
/root/.venv/lib/python3.11/site-packages/requests/models.py:369: in prepare
    self.prepare_url(url, params)
/root/.venv/lib/python3.11/site-packages/requests/models.py:440: in prepare_url
    raise MissingSchema(
E   requests.exceptions.MissingSchema: Invalid URL '/api/offers': No scheme supplied. Perhaps you meant https:///api/offers?</failure></testcase><testcase classname="backend.tests.test_iteration3_offers.TestOffersListAndFilter" name="test_search_offers_by_offer_code" time="0.000"><failure message="requests.exceptions.MissingSchema: Invalid URL '/api/offers': No scheme supplied. Perhaps you meant https:///api/offers?">backend/tests/test_iteration3_offers.py:93: in test_search_offers_by_offer_code
    response = api_client.get(f"{BASE_URL}/api/offers", params={"search": "OFR-0001"})
               ^^^^^^^^^^^^^^^^^^^^^^^^^^^^^^^^^^^^^^^^^^^^^^^^^^^^^^^^^^^^^^^^^^^^^^^
/root/.venv/lib/python3.11/site-packages/requests/sessions.py:605: in get
    return self.request("GET", url, **kwargs)
           ^^^^^^^^^^^^^^^^^^^^^^^^^^^^^^^^^^
/root/.venv/lib/python3.11/site-packages/requests/sessions.py:578: in request
    prep = self.prepare_request(req)
           ^^^^^^^^^^^^^^^^^^^^^^^^^
/root/.venv/lib/python3.11/site-packages/requests/sessions.py:487: in prepare_request
    p.prepare(
/root/.venv/lib/python3.11/site-packages/requests/models.py:369: in prepare
    self.prepare_url(url, params)
/root/.venv/lib/python3.11/site-packages/requests/models.py:440: in prepare_url
    raise MissingSchema(
E   requests.exceptions.MissingSchema: Invalid URL '/api/offers': No scheme supplied. Perhaps you meant https:///api/offers?</failure></testcase><testcase classname="backend.tests.test_iteration3_offers.TestOffersListAndFilter" name="test_search_offers_by_reference_no" time="0.000"><failure message="requests.exceptions.MissingSchema: Invalid URL '/api/offers': No scheme supplied. Perhaps you meant https:///api/offers?">backend/tests/test_iteration3_offers.py:102: in test_search_offers_by_reference_no
    response = api_client.get(f"{BASE_URL}/api/offers", params={"search": "STR/AUDIT"})
               ^^^^^^^^^^^^^^^^^^^^^^^^^^^^^^^^^^^^^^^^^^^^^^^^^^^^^^^^^^^^^^^^^^^^^^^^
/root/.venv/lib/python3.11/site-packages/requests/sessions.py:605: in get
    return self.request("GET", url, **kwargs)
           ^^^^^^^^^^^^^^^^^^^^^^^^^^^^^^^^^^
/root/.venv/lib/python3.11/site-packages/requests/sessions.py:578: in request
    prep = self.prepare_request(req)
           ^^^^^^^^^^^^^^^^^^^^^^^^^
/root/.venv/lib/python3.11/site-packages/requests/sessions.py:487: in prepare_request
    p.prepare(
/root/.venv/lib/python3.11/site-packages/requests/models.py:369: in prepare
    self.prepare_url(url, params)
/root/.venv/lib/python3.11/site-packages/requests/models.py:440: in prepare_url
    raise MissingSchema(
E   requests.exceptions.MissingSchema: Invalid URL '/api/offers': No scheme supplied. Perhaps you meant https:///api/offers?</failure></testcase><testcase classname="backend.tests.test_iteration3_offers.TestOffersListAndFilter" name="test_search_offers_by_description" time="0.000"><failure message="requests.exceptions.MissingSchema: Invalid URL '/api/offers': No scheme supplied. Perhaps you meant https:///api/offers?">backend/tests/test_iteration3_offers.py:111: in test_search_offers_by_description
    response = api_client.get(f"{BASE_URL}/api/offers", params={"search": "Structural Design"})
               ^^^^^^^^^^^^^^^^^^^^^^^^^^^^^^^^^^^^^^^^^^^^^^^^^^^^^^^^^^^^^^^^^^^^^^^^^^^^^^^^
/root/.venv/lib/python3.11/site-packages/requests/sessions.py:605: in get
    return self.request("GET", url, **kwargs)
           ^^^^^^^^^^^^^^^^^^^^^^^^^^^^^^^^^^
/root/.venv/lib/python3.11/site-packages/requests/sessions.py:578: in request
    prep = self.prepare_request(req)
           ^^^^^^^^^^^^^^^^^^^^^^^^^
/root/.venv/lib/python3.11/site-packages/requests/sessions.py:487: in prepare_request
    p.prepare(
/root/.venv/lib/python3.11/site-packages/requests/models.py:369: in prepare
    self.prepare_url(url, params)
/root/.venv/lib/python3.11/site-packages/requests/models.py:440: in prepare_url
    raise MissingSchema(
E   requests.exceptions.MissingSchema: Invalid URL '/api/offers': No scheme supplied. Perhaps you meant https:///api/offers?</failure></testcase><testcase classname="backend.tests.test_iteration3_offers.TestOffersListAndFilter" name="test_search_offers_by_site_location" time="0.000"><failure message="requests.exceptions.MissingSchema: Invalid URL '/api/offers': No scheme supplied. Perhaps you meant https:///api/offers?">backend/tests/test_iteration3_offers.py:119: in test_search_offers_by_site_location
    response = api_client.get(f"{BASE_URL}/api/offers", params={"search": "Rabale"})
               ^^^^^^^^^^^^^^^^^^^^^^^^^^^^^^^^^^^^^^^^^^^^^^^^^^^^^^^^^^^^^^^^^^^^^
/root/.venv/lib/python3.11/site-packages/requests/sessions.py:605: in get
    return self.request("GET", url, **kwargs)
           ^^^^^^^^^^^^^^^^^^^^^^^^^^^^^^^^^^
/root/.venv/lib/python3.11/site-packages/requests/sessions.py:578: in request
    prep = self.prepare_request(req)
           ^^^^^^^^^^^^^^^^^^^^^^^^^
/root/.venv/lib/python3.11/site-packages/requests/sessions.py:487: in prepare_request
    p.prepare(
/root/.venv/lib/python3.11/site-packages/requests/models.py:369: in prepare
    self.prepare_url(url, params)
/root/.venv/lib/python3.11/site-packages/requests/models.py:440: in prepare_url
    raise MissingSchema(
E   requests.exceptions.MissingSchema: Invalid URL '/api/offers': No scheme supplied. Perhaps you meant https:///api/offers?</failure></testcase><testcase classname="backend.tests.test_iteration3_offers.TestOffersCRUD" name="test_create_offer_auto_generates_code" time="0.000"><failure message="requests.exceptions.MissingSchema: Invalid URL '/api/clients': No scheme supplied. Perhaps you meant https:///api/clients?">backend/tests/test_iteration3_offers.py:133: in test_create_offer_auto_generates_code
    clients = api_client.get(f"{BASE_URL}/api/clients").json()
              ^^^^^^^^^^^^^^^^^^^^^^^^^^^^^^^^^^^^^^^^^
/root/.venv/lib/python3.11/site-packages/requests/sessions.py:605: in get
    return self.request("GET", url, **kwargs)
           ^^^^^^^^^^^^^^^^^^^^^^^^^^^^^^^^^^
/root/.venv/lib/python3.11/site-packages/requests/sessions.py:578: in request
    prep = self.prepare_request(req)
           ^^^^^^^^^^^^^^^^^^^^^^^^^
/root/.venv/lib/python3.11/site-packages/requests/sessions.py:487: in prepare_request
    p.prepare(
/root/.venv/lib/python3.11/site-packages/requests/models.py:369: in prepare
    self.prepare_url(url, params)
/root/.venv/lib/python3.11/site-packages/requests/models.py:440: in prepare_url
    raise MissingSchema(
E   requests.exceptions.MissingSchema: Invalid URL '/api/clients': No scheme supplied. Perhaps you meant https:///api/clients?</failure></testcase><testcase classname="backend.tests.test_iteration3_offers.TestOffersCRUD" name="test_create_offer_with_other_type" time="0.000"><failure message="requests.exceptions.MissingSchema: Invalid URL '/api/offers': No scheme supplied. Perhaps you meant https:///api/offers?">backend/tests/test_iteration3_offers.py:175: in test_create_offer_with_other_type
    response = api_client.post(f"{BASE_URL}/api/offers", json=payload)
               ^^^^^^^^^^^^^^^^^^^^^^^^^^^^^^^^^^^^^^^^^^^^^^^^^^^^^^^
/root/.venv/lib/python3.11/site-packages/requests/sessions.py:640: in post
    return self.request("POST", url, data=data, json=json, **kwargs)
           ^^^^^^^^^^^^^^^^^^^^^^^^^^^^^^^^^^^^^^^^^^^^^^^^^^^^^^^^^
/root/.venv/lib/python3.11/site-packages/requests/sessions.py:578: in request
    prep = self.prepare_request(req)
           ^^^^^^^^^^^^^^^^^^^^^^^^^
/root/.venv/lib/python3.11/site-packages/requests/sessions.py:487: in prepare_request
    p.prepare(
/root/.venv/lib/python3.11/site-packages/requests/models.py:369: in prepare
    self.prepare_url(url, params)
/root/.venv/lib/python3.11/site-packages/requests/models.py:440: in prepare_url
    raise MissingSchema(
E   requests.exceptions.MissingSchema: Invalid URL '/api/offers': No scheme supplied. Perhaps you meant https:///api/offers?</failure></testcase><testcase classname="backend.tests.test_iteration3_offers.TestOffersCRUD" name="test_get_single_offer" time="0.000"><failure message="requests.exceptions.MissingSchema: Invalid URL '/api/offers': No scheme supplied. Perhaps you meant https:///api/offers?">backend/tests/test_iteration3_offers.py:188: in test_get_single_offer
    offers = api_client.get(f"{BASE_URL}/api/offers").json()
             ^^^^^^^^^^^^^^^^^^^^^^^^^^^^^^^^^^^^^^^^
/root/.venv/lib/python3.11/site-packages/requests/sessions.py:605: in get
    return self.request("GET", url, **kwargs)
           ^^^^^^^^^^^^^^^^^^^^^^^^^^^^^^^^^^
/root/.venv/lib/python3.11/site-packages/requests/sessions.py:578: in request
    prep = self.prepare_request(req)
           ^^^^^^^^^^^^^^^^^^^^^^^^^
/root/.venv/lib/python3.11/site-packages/requests/sessions.py:487: in prepare_request
    p.prepare(
/root/.venv/lib/python3.11/site-packages/requests/models.py:369: in prepare
    self.prepare_url(url, params)
/root/.venv/lib/python3.11/site-packages/requests/models.py:440: in prepare_url
    raise MissingSchema(
[...]
    create_resp = requests.post(
/root/.venv/lib/python3.11/site-packages/requests/api.py:115: in post
    return request("post", url, data=data, json=json, **kwargs)
           ^^^^^^^^^^^^^^^^^^^^^^^^^^^^^^^^^^^^^^^^^^^^^^^^^^^^
/root/.venv/lib/python3.11/site-packages/requests/api.py:59: in request
    return session.request(method=method, url=url, **kwargs)
           ^^^^^^^^^^^^^^^^^^^^^^^^^^^^^^^^^^^^^^^^^^^^^^^^^
/root/.venv/lib/python3.11/site-packages/requests/sessions.py:578: in request
    prep = self.prepare_request(req)
           ^^^^^^^^^^^^^^^^^^^^^^^^^
/root/.venv/lib/python3.11/site-packages/requests/sessions.py:487: in prepare_request
    p.prepare(
/root/.venv/lib/python3.11/site-packages/requests/models.py:369: in prepare
    self.prepare_url(url, params)
/root/.venv/lib/python3.11/site-packages/requests/models.py:440: in prepare_url
    raise MissingSchema(
E   requests.exceptions.MissingSchema: Invalid URL '/api/projects': No scheme supplied. Perhaps you meant https:///api/projects?</failure></testcase><testcase classname="backend.tests.test_iteration6_project_detail.TestDeleteProjectCascade" name="test_delete_project_cascades_activity" time="0.000"><failure message="requests.exceptions.MissingSchema: Invalid URL '/api/projects': No scheme supplied. Perhaps you meant https:///api/projects?">backend/tests/test_iteration6_project_detail.py:448: in test_delete_project_cascades_activity
    create_resp = requests.post(
/root/.venv/lib/python3.11/site-packages/requests/api.py:115: in post
    return request("post", url, data=data, json=json, **kwargs)
           ^^^^^^^^^^^^^^^^^^^^^^^^^^^^^^^^^^^^^^^^^^^^^^^^^^^^
/root/.venv/lib/python3.11/site-packages/requests/api.py:59: in request
    return session.request(method=method, url=url, **kwargs)
           ^^^^^^^^^^^^^^^^^^^^^^^^^^^^^^^^^^^^^^^^^^^^^^^^^
/root/.venv/lib/python3.11/site-packages/requests/sessions.py:578: in request
    prep = self.prepare_request(req)
           ^^^^^^^^^^^^^^^^^^^^^^^^^
/root/.venv/lib/python3.11/site-packages/requests/sessions.py:487: in prepare_request
    p.prepare(
/root/.venv/lib/python3.11/site-packages/requests/models.py:369: in prepare
    self.prepare_url(url, params)
/root/.venv/lib/python3.11/site-packages/requests/models.py:440: in prepare_url
    raise MissingSchema(
E   requests.exceptions.MissingSchema: Invalid URL '/api/projects': No scheme supplied. Perhaps you meant https:///api/projects?</failure></testcase><testcase classname="backend.tests.test_iteration6_project_detail.TestExistingEndpointsStillWork" name="test_clients_endpoint" time="0.000"><failure message="requests.exceptions.MissingSchema: Invalid URL '/api/clients': No scheme supplied. Perhaps you meant https:///api/clients?">backend/tests/test_iteration6_project_detail.py:471: in test_clients_endpoint
    response = requests.get(f"{BASE_URL}/api/clients")
               ^^^^^^^^^^^^^^^^^^^^^^^^^^^^^^^^^^^^^^^
/root/.venv/lib/python3.11/site-packages/requests/api.py:73: in get
    return request("get", url, params=params, **kwargs)
           ^^^^^^^^^^^^^^^^^^^^^^^^^^^^^^^^^^^^^^^^^^^^
/root/.venv/lib/python3.11/site-packages/requests/api.py:59: in request
    return session.request(method=method, url=url, **kwargs)
           ^^^^^^^^^^^^^^^^^^^^^^^^^^^^^^^^^^^^^^^^^^^^^^^^^
/root/.venv/lib/python3.11/site-packages/requests/sessions.py:578: in request
    prep = self.prepare_request(req)
           ^^^^^^^^^^^^^^^^^^^^^^^^^
/root/.venv/lib/python3.11/site-packages/requests/sessions.py:487: in prepare_request
    p.prepare(
/root/.venv/lib/python3.11/site-packages/requests/models.py:369: in prepare
    self.prepare_url(url, params)
/root/.venv/lib/python3.11/site-packages/requests/models.py:440: in prepare_url
    raise MissingSchema(
E   requests.exceptions.MissingSchema: Invalid URL '/api/clients': No scheme supplied. Perhaps you meant https:///api/clients?</failure></testcase><testcase classname="backend.tests.test_iteration6_project_detail.TestExistingEndpointsStillWork" name="test_architects_endpoint" time="0.000"><failure message="requests.exceptions.MissingSchema: Invalid URL '/api/architects': No scheme supplied. Perhaps you meant https:///api/architects?">backend/tests/test_iteration6_project_detail.py:476: in test_architects_endpoint
    response = requests.get(f"{BASE_URL}/api/architects")
               ^^^^^^^^^^^^^^^^^^^^^^^^^^^^^^^^^^^^^^^^^^
/root/.venv/lib/python3.11/site-packages/requests/api.py:73: in get
    return request("get", url, params=params, **kwargs)
           ^^^^^^^^^^^^^^^^^^^^^^^^^^^^^^^^^^^^^^^^^^^^
/root/.venv/lib/python3.11/site-packages/requests/api.py:59: in request
    return session.request(method=method, url=url, **kwargs)
           ^^^^^^^^^^^^^^^^^^^^^^^^^^^^^^^^^^^^^^^^^^^^^^^^^
/root/.venv/lib/python3.11/site-packages/requests/sessions.py:578: in request
    prep = self.prepare_request(req)
           ^^^^^^^^^^^^^^^^^^^^^^^^^
/root/.venv/lib/python3.11/site-packages/requests/sessions.py:487: in prepare_request
    p.prepare(
/root/.venv/lib/python3.11/site-packages/requests/models.py:369: in prepare
    self.prepare_url(url, params)
/root/.venv/lib/python3.11/site-packages/requests/models.py:440: in prepare_url
    raise MissingSchema(
E   requests.exceptions.MissingSchema: Invalid URL '/api/architects': No scheme supplied. Perhaps you meant https:///api/architects?</failure></testcase><testcase classname="backend.tests.test_iteration6_project_detail.TestExistingEndpointsStillWork" name="test_projects_endpoint" time="0.000"><failure message="requests.exceptions.MissingSchema: Invalid URL '/api/projects': No scheme supplied. Perhaps you meant https:///api/projects?">backend/tests/test_iteration6_project_detail.py:481: in test_projects_endpoint
    response = requests.get(f"{BASE_URL}/api/projects")
               ^^^^^^^^^^^^^^^^^^^^^^^^^^^^^^^^^^^^^^^^
/root/.venv/lib/python3.11/site-packages/requests/api.py:73: in get
    return request("get", url, params=params, **kwargs)
           ^^^^^^^^^^^^^^^^^^^^^^^^^^^^^^^^^^^^^^^^^^^^
/root/.venv/lib/python3.11/site-packages/requests/api.py:59: in request
    return session.request(method=method, url=url, **kwargs)
           ^^^^^^^^^^^^^^^^^^^^^^^^^^^^^^^^^^^^^^^^^^^^^^^^^
/root/.venv/lib/python3.11/site-packages/requests/sessions.py:578: in request
    prep = self.prepare_request(req)
           ^^^^^^^^^^^^^^^^^^^^^^^^^
/root/.venv/lib/python3.11/site-packages/requests/sessions.py:487: in prepare_request
    p.prepare(
/root/.venv/lib/python3.11/site-packages/requests/models.py:369: in prepare
    self.prepare_url(url, params)
/root/.venv/lib/python3.11/site-packages/requests/models.py:440: in prepare_url
    raise MissingSchema(
E   requests.exceptions.MissingSchema: Invalid URL '/api/projects': No scheme supplied. Perhaps you meant https:///api/projects?</failure></testcase><testcase classname="backend.tests.test_iteration6_project_detail.TestExistingEndpointsStillWork" name="test_offers_endpoint" time="0.000"><failure message="requests.exceptions.MissingSchema: Invalid URL '/api/offers': No scheme supplied. Perhaps you meant https:///api/offers?">backend/tests/test_iteration6_project_detail.py:486: in test_offers_endpoint
    response = requests.get(f"{BASE_URL}/api/offers")
               ^^^^^^^^^^^^^^^^^^^^^^^^^^^^^^^^^^^^^^
/root/.venv/lib/python3.11/site-packages/requests/api.py:73: in get
    return request("get", url, params=params, **kwargs)
           ^^^^^^^^^^^^^^^^^^^^^^^^^^^^^^^^^^^^^^^^^^^^
/root/.venv/lib/python3.11/site-packages/requests/api.py:59: in request
    return session.request(method=method, url=url, **kwargs)
           ^^^^^^^^^^^^^^^^^^^^^^^^^^^^^^^^^^^^^^^^^^^^^^^^^
/root/.venv/lib/python3.11/site-packages/requests/sessions.py:578: in request
    prep = self.prepare_request(req)
           ^^^^^^^^^^^^^^^^^^^^^^^^^
/root/.venv/lib/python3.11/site-packages/requests/sessions.py:487: in prepare_request
    p.prepare(
/root/.venv/lib/python3.11/site-packages/requests/models.py:369: in prepare
    self.prepare_url(url, params)
/root/.venv/lib/python3.11/site-packages/requests/models.py:440: in prepare_url
    raise MissingSchema(
E   requests.exceptions.MissingSchema: Invalid URL '/api/offers': No scheme supplied. Perhaps you meant https:///api/offers?</failure></testcase><testcase classname="backend.tests.test_iteration6_project_detail.TestExistingEndpointsStillWork" name="test_payments_endpoint" time="0.000"><failure message="requests.exceptions.MissingSchema: Invalid URL '/api/payments': No scheme supplied. Perhaps you meant https:///api/payments?">backend/tests/test_iteration6_project_detail.py:491: in test_payments_endpoint
    response = requests.get(f"{BASE_URL}/api/payments")
               ^^^^^^^^^^^^^^^^^^^^^^^^^^^^^^^^^^^^^^^^
/root/.venv/lib/python3.11/site-packages/requests/api.py:73: in get
    return request("get", url, params=params, **kwargs)
           ^^^^^^^^^^^^^^^^^^^^^^^^^^^^^^^^^^^^^^^^^^^^
/root/.venv/lib/python3.11/site-packages/requests/api.py:59: in request
    return session.request(method=method, url=url, **kwargs)
           ^^^^^^^^^^^^^^^^^^^^^^^^^^^^^^^^^^^^^^^^^^^^^^^^^
/root/.venv/lib/python3.11/site-packages/requests/sessions.py:578: in request
    prep = self.prepare_request(req)
           ^^^^^^^^^^^^^^^^^^^^^^^^^
/root/.venv/lib/python3.11/site-packages/requests/sessions.py:487: in prepare_request
    p.prepare(
/root/.venv/lib/python3.11/site-packages/requests/models.py:369: in prepare
    self.prepare_url(url, params)
/root/.venv/lib/python3.11/site-packages/requests/models.py:440: in prepare_url
    raise MissingSchema(
E   requests.exceptions.MissingSchema: Invalid URL '/api/payments': No scheme supplied. Perhaps you meant https:///api/payments?</failure></testcase><testcase classname="backend.tests.test_iteration6_project_detail.TestExistingEndpointsStillWork" name="test_dashboard_stats_endpoint" time="0.000"><failure message="requests.exceptions.MissingSchema: Invalid URL '/api/dashboard/stats': No scheme supplied. Perhaps you meant https:///api/dashboard/stats?">backend/tests/test_iteration6_project_detail.py:496: in test_dashboard_stats_endpoint
    response = requests.get(f"{BASE_URL}/api/dashboard/stats")
               ^^^^^^^^^^^^^^^^^^^^^^^^^^^^^^^^^^^^^^^^^^^^^^^
/root/.venv/lib/python3.11/site-packages/requests/api.py:73: in get
    return request("get", url, params=params, **kwargs)
           ^^^^^^^^^^^^^^^^^^^^^^^^^^^^^^^^^^^^^^^^^^^^
/root/.venv/lib/python3.11/site-packages/requests/api.py:59: in request
    return session.request(method=method, url=url, **kwargs)
           ^^^^^^^^^^^^^^^^^^^^^^^^^^^^^^^^^^^^^^^^^^^^^^^^^
/root/.venv/lib/python3.11/site-packages/requests/sessions.py:578: in request
    prep = self.prepare_request(req)
           ^^^^^^^^^^^^^^^^^^^^^^^^^
/root/.venv/lib/python3.11/site-packages/requests/sessions.py:487: in prepare_request
    p.prepare(
/root/.venv/lib/python3.11/site-packages/requests/models.py:369: in prepare
    self.prepare_url(url, params)
/root/.venv/lib/python3.11/site-packages/requests/models.py:440: in prepare_url
    raise MissingSchema(
E   requests.exceptions.MissingSchema: Invalid URL '/api/dashboard/stats': No scheme supplied. Perhaps you meant https:///api/dashboard/stats?</failure></testcase><testcase classname="backend.tests.test_iteration6_project_detail.TestExistingEndpointsStillWork" name="test_auth_status_endpoint" time="0.000"><failure message="requests.exceptions.MissingSchema: Invalid URL '/api/auth/status': No scheme supplied. Perhaps you meant https:///api/auth/status?">backend/tests/test_iteration6_project_detail.py:504: in test_auth_status_endpoint
    response = requests.get(f"{BASE_URL}/api/auth/status")
               ^^^^^^^^^^^^^^^^^^^^^^^^^^^^^^^^^^^^^^^^^^^
/root/.venv/lib/python3.11/site-packages/requests/api.py:73: in get
    return request("get", url, params=params, **kwargs)
           ^^^^^^^^^^^^^^^^^^^^^^^^^^^^^^^^^^^^^^^^^^^^
/root/.venv/lib/python3.11/site-packages/requests/api.py:59: in request
    return session.request(method=method, url=url, **kwargs)
           ^^^^^^^^^^^^^^^^^^^^^^^^^^^^^^^^^^^^^^^^^^^^^^^^^
/root/.venv/lib/python3.11/site-packages/requests/sessions.py:578: in request
    prep = self.prepare_request(req)
           ^^^^^^^^^^^^^^^^^^^^^^^^^
/root/.venv/lib/python3.11/site-packages/requests/sessions.py:487: in prepare_request
    p.prepare(
/root/.venv/lib/python3.11/site-packages/requests/models.py:369: in prepare
    self.prepare_url(url, params)
/root/.venv/lib/python3.11/site-packages/requests/models.py:440: in prepare_url
    raise MissingSchema(
E   requests.exceptions.MissingSchema: Invalid URL '/api/auth/status': No scheme supplied. Perhaps you meant https:///api/auth/status?</failure></testcase><testcase classname="backend.tests.test_iteration6_project_detail.TestNoMongoDBIdInResponses" name="test_projects_no_id" time="0.000"><failure message="requests.exceptions.MissingSchema: Invalid URL '/api/projects': No scheme supplied. Perhaps you meant https:///api/projects?">backend/tests/test_iteration6_project_detail.py:513: in test_projects_no_id
    projects = requests.get(f"{BASE_URL}/api/projects").json()
               ^^^^^^^^^^^^^^^^^^^^^^^^^^^^^^^^^^^^^^^^
/root/.venv/lib/python3.11/site-packages/requests/api.py:73: in get
    return request("get", url, params=params, **kwargs)
           ^^^^^^^^^^^^^^^^^^^^^^^^^^^^^^^^^^^^^^^^^^^^
/root/.venv/lib/python3.11/site-packages/requests/api.py:59: in request
    return session.request(method=method, url=url, **kwargs)
           ^^^^^^^^^^^^^^^^^^^^^^^^^^^^^^^^^^^^^^^^^^^^^^^^^
/root/.venv/lib/python3.11/site-packages/requests/sessions.py:578: in request
    prep = self.prepare_request(req)
           ^^^^^^^^^^^^^^^^^^^^^^^^^
/root/.venv/lib/python3.11/site-packages/requests/sessions.py:487: in prepare_request
    p.prepare(
/root/.venv/lib/python3.11/site-packages/requests/models.py:369: in prepare
    self.prepare_url(url, params)
/root/.venv/lib/python3.11/site-packages/requests/models.py:440: in prepare_url
    raise MissingSchema(
E   requests.exceptions.MissingSchema: Invalid URL '/api/projects': No scheme supplied. Perhaps you meant https:///api/projects?</failure></testcase><testcase classname="backend.tests.test_iteration6_project_detail.TestNoMongoDBIdInResponses" name="test_revisions_no_id" time="0.000"><failure message="requests.exceptions.MissingSchema: Invalid URL '/api/projects': No scheme supplied. Perhaps you meant https:///api/projects?">backend/tests/test_iteration6_project_detail.py:518: in test_revisions_no_id
    projects = requests.get(f"{BASE_URL}/api/projects").json()
               ^^^^^^^^^^^^^^^^^^^^^^^^^^^^^^^^^^^^^^^^
/root/.venv/lib/python3.11/site-packages/requests/api.py:73: in get
    return request("get", url, params=params, **kwargs)
           ^^^^^^^^^^^^^^^^^^^^^^^^^^^^^^^^^^^^^^^^^^^^
/root/.venv/lib/python3.11/site-packages/requests/api.py:59: in request
    return session.request(method=method, url=url, **kwargs)
           ^^^^^^^^^^^^^^^^^^^^^^^^^^^^^^^^^^^^^^^^^^^^^^^^^
/root/.venv/lib/python3.11/site-packages/requests/sessions.py:578: in request
    prep = self.prepare_request(req)
           ^^^^^^^^^^^^^^^^^^^^^^^^^
/root/.venv/lib/python3.11/site-packages/requests/sessions.py:487: in prepare_request
    p.prepare(
/root/.venv/lib/python3.11/site-packages/requests/models.py:369: in prepare
    self.prepare_url(url, params)
/root/.venv/lib/python3.11/site-packages/requests/models.py:440: in prepare_url
    raise MissingSchema(
E   requests.exceptions.MissingSchema: Invalid URL '/api/projects': No scheme supplied. Perhaps you meant https:///api/projects?</failure></testcase><testcase classname="backend.tests.test_iteration6_project_detail.TestNoMongoDBIdInResponses" name="test_activity_no_id" time="0.000"><failure message="requests.exceptions.MissingSchema: Invalid URL '/api/projects': No scheme supplied. Perhaps you meant https:///api/projects?">backend/tests/test_iteration6_project_detail.py:525: in test_activity_no_id
    projects = requests.get(f"{BASE_URL}/api/projects").json()
               ^^^^^^^^^^^^^^^^^^^^^^^^^^^^^^^^^^^^^^^^
/root/.venv/lib/python3.11/site-packages/requests/api.py:73: in get
    return request("get", url, params=params, **kwargs)
           ^^^^^^^^^^^^^^^^^^^^^^^^^^^^^^^^^^^^^^^^^^^^
/root/.venv/lib/python3.11/site-packages/requests/api.py:59: in request
    return session.request(method=method, url=url, **kwargs)
           ^^^^^^^^^^^^^^^^^^^^^^^^^^^^^^^^^^^^^^^^^^^^^^^^^
/root/.venv/lib/python3.11/site-packages/requests/sessions.py:578: in request
    prep = self.prepare_request(req)
           ^^^^^^^^^^^^^^^^^^^^^^^^^
/root/.venv/lib/python3.11/site-packages/requests/sessions.py:487: in prepare_request
    p.prepare(
/root/.venv/lib/python3.11/site-packages/requests/models.py:369: in prepare
    self.prepare_url(url, params)
/root/.venv/lib/python3.11/site-packages/requests/models.py:440: in prepare_url
    raise MissingSchema(
E   requests.exceptions.MissingSchema: Invalid URL '/api/projects': No scheme supplied. Perhaps you meant https:///api/projects?</failure></testcase><testcase classname="backend.tests.test_notifications_cleanup.TestCleanupRBAC" name="test_admin_cleanup_returns_ok" time="0.463" /><testcase classname="backend.tests.test_notifications_cleanup.TestCleanupRBAC" name="test_engineer_cleanup_forbidden" time="1.008" /><testcase classname="backend.tests.test_notifications_cleanup.TestCleanupCorrectness" name="test_only_old_read_notifications_pruned" time="0.134" /><testcase classname="backend.tests.test_notifications_cleanup.TestSiteVisitsProjectScope" name="test_filter_by_project_id" time="0.099" /><testcase classname="backend.tests.test_notifications_cleanup.TestSiteVisitsProjectScope" name="test_filter_unknown_project_returns_empty" time="0.098" /><testcase classname="backend.tests.test_notifications_cleanup.TestSchedulerStartupLog" name="test_scheduler_log_line_present" time="0.000" /><testcase classname="backend.tests.test_site_visits.TestTemplates" name="test_list_default_templates" time="0.445" /><testcase classname="backend.tests.test_site_visits.TestTemplates" name="test_template_crud" time="0.422" /><testcase classname="backend.tests.test_site_visits.TestSiteVisits" name="test_upload_photo" time="0.223" /><testcase classname="backend.tests.test_site_visits.TestSiteVisits" name="test_create_site_visit" time="0.108" /><testcase classname="backend.tests.test_site_visits.TestSiteVisits" name="test_get_site_visit" time="0.104" /><testcase classname="backend.tests.test_site_visits.TestSiteVisits" name="test_list_site_visits_all" time="0.117" /><testcase classname="backend.tests.test_site_visits.TestSiteVisits" name="test_update_site_visit" time="0.225" /><testcase classname="backend.tests.test_site_visits.TestSiteVisits" name="test_pdf_with_auth" time="0.146" /><testcase classname="backend.tests.test_site_visits.TestSiteVisits" name="test_public_pdf_no_auth" time="0.106" /><testcase classname="backend.tests.test_site_visits.TestSiteVisits" name="test_public_pdf_invalid_token" time="0.115" /><testcase classname="backend.tests.test_site_visits.TestEngineerRBAC" name="test_create_engineer_via_post" time="0.923" /><testcase classname="backend.tests.test_site_visits.TestEngineerRBAC" name="test_engineer_mine_filter" time="1.281" /><testcase classname="backend.tests.test_site_visits" name="test_zz_cleanup" time="0.439" /></testsuite></testsuites>