<?xml version="1.0" encoding="utf-8"?><testsuites name="pytest tests"><testsuite name="pytest" errors="0" failures="1" skipped="1" tests="13" time="6.041" timestamp="2026-05-28T11:35:11.489885+00:00" hostname="agent-env-532f27ad-0c64-413a-bb47-a95d56938bbf"><testcase classname="backend.tests.test_iteration13_push_and_activity.TestVapidPublic" name="test_vapid_public_authenticated" time="0.454" /><testcase classname="backend.tests.test_iteration13_push_and_activity.TestVapidPublic" name="test_vapid_public_persists_across_calls" time="0.214" /><testcase classname="backend.tests.test_iteration13_push_and_activity.TestSubscribeStatusUnsubscribe" name="test_subscribe_then_status_then_unsubscribe" time="0.543" /><testcase classname="backend.tests.test_iteration13_push_and_activity.TestSubscribeStatusUnsubscribe" name="test_subscribe_upserts_no_duplicates" time="0.634" /><testcase classname="backend.tests.test_iteration13_push_and_activity.TestSubscribeStatusUnsubscribe" name="test_unsubscribe_only_targets_given_endpoint" time="0.638" /><testcase classname="backend.tests.test_iteration13_push_and_activity.TestSubscribeStatusUnsubscribe" name="test_unsubscribe_missing_endpoint_returns_400" time="0.103" /><testcase classname="backend.tests.test_iteration13_push_and_activity.TestPushTest" name="test_push_test_no_subs_returns_400" time="0.208" /><testcase classname="backend.tests.test_iteration13_push_and_activity.TestPushTest" name="test_push_test_culls_fake_subscription" time="1.136"><failure message="AssertionError: fake subscription was NOT culled after 404. baseline=0 after=1&#10;assert 1 == 0">E   AssertionError: fake subscription was NOT culled after 404. baseline=0 after=1
    assert 1 == 0</failure></testcase><testcase classname="backend.tests.test_iteration13_push_and_activity.TestPushAuth" name="test_status_requires_auth" time="0.103" /><testcase classname="backend.tests.test_iteration13_push_and_activity.TestPushAuth" name="test_subscribe_requires_auth" time="0.103" /><testcase classname="backend.tests.test_iteration13_push_and_activity.TestPushAuth" name="test_test_requires_auth" time="0.101" /><testcase classname="backend.tests.test_iteration13_push_and_activity.TestAuditCodeEnrichment" name="test_admin_activity_contains_audit_code_on_audit_rows" time="0.414" /><testcase classname="backend.tests.test_iteration13_push_and_activity.TestEngineerSubmitTriggersPush" name="test_engineer_submit_does_not_break_when_admin_has_fake_sub" time="1.304"><skipped type="pytest.skip" message="engineer has no assigned projects; cannot exercise SV submit">/app/backend/tests/test_iteration13_push_and_activity.py:268: engineer has no assigned projects; cannot exercise SV submit</skipped></testcase></testsuite></testsuites>