<?xml version="1.0" encoding="utf-8"?><testsuites name="pytest tests"><testsuite name="pytest" errors="0" failures="0" skipped="0" tests="27" time="11.677" timestamp="2026-05-28T11:15:32.350788+00:00" hostname="agent-env-532f27ad-0c64-413a-bb47-a95d56938bbf"><testcase classname="backend.tests.test_site_visits.TestTemplates" name="test_list_default_templates" time="0.463" /><testcase classname="backend.tests.test_site_visits.TestTemplates" name="test_template_crud" time="0.467" /><testcase classname="backend.tests.test_site_visits.TestSiteVisits" name="test_upload_photo" time="0.229" /><testcase classname="backend.tests.test_site_visits.TestSiteVisits" name="test_create_site_visit" time="0.108" /><testcase classname="backend.tests.test_site_visits.TestSiteVisits" name="test_get_site_visit" time="0.115" /><testcase classname="backend.tests.test_site_visits.TestSiteVisits" name="test_list_site_visits_all" time="0.104" /><testcase classname="backend.tests.test_site_visits.TestSiteVisits" name="test_update_site_visit" time="0.216" /><testcase classname="backend.tests.test_site_visits.TestSiteVisits" name="test_pdf_with_auth" time="0.230" /><testcase classname="backend.tests.test_site_visits.TestSiteVisits" name="test_public_pdf_no_auth" time="0.123" /><testcase classname="backend.tests.test_site_visits.TestSiteVisits" name="test_public_pdf_invalid_token" time="0.102" /><testcase classname="backend.tests.test_site_visits.TestEngineerRBAC" name="test_create_engineer_via_post" time="0.883" /><testcase classname="backend.tests.test_site_visits.TestEngineerRBAC" name="test_engineer_mine_filter" time="1.371" /><testcase classname="backend.tests.test_site_visits" name="test_zz_cleanup" time="0.426" /><testcase classname="backend.tests.test_iteration11_notifications_and_activity.TestActivityLog" name="test_engineer_submit_writes_visit_created_activity" time="1.216" /><testcase classname="backend.tests.test_iteration11_notifications_and_activity.TestActivityLog" name="test_route_ordering_activity_before_catchall" time="0.212" /><testcase classname="backend.tests.test_iteration11_notifications_and_activity.TestActivityLog" name="test_update_same_status_writes_visit_updated" time="0.210" /><testcase classname="backend.tests.test_iteration11_notifications_and_activity.TestActivityLog" name="test_status_change_draft_to_submitted_logs_status_changed" time="0.429" /><testcase classname="backend.tests.test_iteration11_notifications_and_activity.TestActivityLog" name="test_delete_visit_logs_visit_deleted" time="0.316" /><testcase classname="backend.tests.test_iteration11_notifications_and_activity.TestActivityLog" name="test_cleanup_main_visit" time="0.133" /><testcase classname="backend.tests.test_iteration11_notifications_and_activity.TestNotifications" name="test_engineer_submit_creates_admin_notification" time="0.812" /><testcase classname="backend.tests.test_iteration11_notifications_and_activity.TestNotifications" name="test_engineer_feed_excludes_admin_notifications" time="0.117" /><testcase classname="backend.tests.test_iteration11_notifications_and_activity.TestNotifications" name="test_admin_submit_does_not_notify" time="0.922" /><testcase classname="backend.tests.test_iteration11_notifications_and_activity.TestNotifications" name="test_update_same_status_does_not_notify" time="0.806" /><testcase classname="backend.tests.test_iteration11_notifications_and_activity.TestNotifications" name="test_mark_single_read_is_per_user" time="0.359" /><testcase classname="backend.tests.test_iteration11_notifications_and_activity.TestNotifications" name="test_mark_all_read_zeros_unread" time="1.029" /><testcase classname="backend.tests.test_iteration11_notifications_and_activity.TestNotifications" name="test_unauthenticated_mark_read_rejected" time="0.100" /><testcase classname="backend.tests.test_iteration11_notifications_and_activity.TestNotifications" name="test_cleanup" time="0.104" /></testsuite></testsuites>