<?xml version="1.0" encoding="utf-8"?><testsuites name="pytest tests"><testsuite name="pytest" errors="0" failures="0" skipped="0" tests="27" time="11.934" timestamp="2026-05-28T10:29:48.577471+00:00" hostname="agent-env-532f27ad-0c64-413a-bb47-a95d56938bbf"><testcase classname="backend.tests.test_iteration11_notifications_and_activity.TestActivityLog" name="test_engineer_submit_writes_visit_created_activity" time="1.559" /><testcase classname="backend.tests.test_iteration11_notifications_and_activity.TestActivityLog" name="test_route_ordering_activity_before_catchall" time="0.206" /><testcase classname="backend.tests.test_iteration11_notifications_and_activity.TestActivityLog" name="test_update_same_status_writes_visit_updated" time="0.220" /><testcase classname="backend.tests.test_iteration11_notifications_and_activity.TestActivityLog" name="test_status_change_draft_to_submitted_logs_status_changed" time="0.413" /><testcase classname="backend.tests.test_iteration11_notifications_and_activity.TestActivityLog" name="test_delete_visit_logs_visit_deleted" time="0.344" /><testcase classname="backend.tests.test_iteration11_notifications_and_activity.TestActivityLog" name="test_cleanup_main_visit" time="0.102" /><testcase classname="backend.tests.test_iteration11_notifications_and_activity.TestNotifications" name="test_engineer_submit_creates_admin_notification" time="0.825" /><testcase classname="backend.tests.test_iteration11_notifications_and_activity.TestNotifications" name="test_engineer_feed_excludes_admin_notifications" time="0.104" /><testcase classname="backend.tests.test_iteration11_notifications_and_activity.TestNotifications" name="test_admin_submit_does_not_notify" time="0.987" /><testcase classname="backend.tests.test_iteration11_notifications_and_activity.TestNotifications" name="test_update_same_status_does_not_notify" time="0.835" /><testcase classname="backend.tests.test_iteration11_notifications_and_activity.TestNotifications" name="test_mark_single_read_is_per_user" time="0.308" /><testcase classname="backend.tests.test_iteration11_notifications_and_activity.TestNotifications" name="test_mark_all_read_zeros_unread" time="1.053" /><testcase classname="backend.tests.test_iteration11_notifications_and_activity.TestNotifications" name="test_unauthenticated_mark_read_rejected" time="0.102" /><testcase classname="backend.tests.test_iteration11_notifications_and_activity.TestNotifications" name="test_cleanup" time="0.104" /><testcase classname="backend.tests.test_site_visits.TestTemplates" name="test_list_default_templates" time="0.436" /><testcase classname="backend.tests.test_site_visits.TestTemplates" name="test_template_crud" time="0.428" /><testcase classname="backend.tests.test_site_visits.TestSiteVisits" name="test_upload_photo" time="0.217" /><testcase classname="backend.tests.test_site_visits.TestSiteVisits" name="test_create_site_visit" time="0.110" /><testcase classname="backend.tests.test_site_visits.TestSiteVisits" name="test_get_site_visit" time="0.107" /><testcase classname="backend.tests.test_site_visits.TestSiteVisits" name="test_list_site_visits_all" time="0.103" /><testcase classname="backend.tests.test_site_visits.TestSiteVisits" name="test_update_site_visit" time="0.229" /><testcase classname="backend.tests.test_site_visits.TestSiteVisits" name="test_pdf_with_auth" time="0.182" /><testcase classname="backend.tests.test_site_visits.TestSiteVisits" name="test_public_pdf_no_auth" time="0.105" /><testcase classname="backend.tests.test_site_visits.TestSiteVisits" name="test_public_pdf_invalid_token" time="0.127" /><testcase classname="backend.tests.test_site_visits.TestEngineerRBAC" name="test_create_engineer_via_post" time="0.856" /><testcase classname="backend.tests.test_site_visits.TestEngineerRBAC" name="test_engineer_mine_filter" time="1.375" /><testcase classname="backend.tests.test_site_visits" name="test_zz_cleanup" time="0.398" /></testsuite></testsuites>