<?xml version="1.0" encoding="utf-8"?><testsuites name="pytest tests"><testsuite name="pytest" errors="0" failures="0" skipped="0" tests="46" time="16.711" timestamp="2026-05-28T11:52:39.904484+00:00" hostname="agent-env-532f27ad-0c64-413a-bb47-a95d56938bbf"><testcase classname="backend.tests.test_site_visits.TestTemplates" name="test_list_default_templates" time="0.443" /><testcase classname="backend.tests.test_site_visits.TestTemplates" name="test_template_crud" time="0.456" /><testcase classname="backend.tests.test_site_visits.TestSiteVisits" name="test_upload_photo" time="0.205" /><testcase classname="backend.tests.test_site_visits.TestSiteVisits" name="test_create_site_visit" time="0.104" /><testcase classname="backend.tests.test_site_visits.TestSiteVisits" name="test_get_site_visit" time="0.099" /><testcase classname="backend.tests.test_site_visits.TestSiteVisits" name="test_list_site_visits_all" time="0.120" /><testcase classname="backend.tests.test_site_visits.TestSiteVisits" name="test_update_site_visit" time="0.400" /><testcase classname="backend.tests.test_site_visits.TestSiteVisits" name="test_pdf_with_auth" time="0.105" /><testcase classname="backend.tests.test_site_visits.TestSiteVisits" name="test_public_pdf_no_auth" time="0.110" /><testcase classname="backend.tests.test_site_visits.TestSiteVisits" name="test_public_pdf_invalid_token" time="0.105" /><testcase classname="backend.tests.test_site_visits.TestEngineerRBAC" name="test_create_engineer_via_post" time="0.910" /><testcase classname="backend.tests.test_site_visits.TestEngineerRBAC" name="test_engineer_mine_filter" time="1.097" /><testcase classname="backend.tests.test_site_visits" name="test_zz_cleanup" time="0.415" /><testcase classname="backend.tests.test_iteration11_notifications_and_activity.TestActivityLog" name="test_engineer_submit_writes_visit_created_activity" time="1.286" /><testcase classname="backend.tests.test_iteration11_notifications_and_activity.TestActivityLog" name="test_route_ordering_activity_before_catchall" time="0.206" /><testcase classname="backend.tests.test_iteration11_notifications_and_activity.TestActivityLog" name="test_update_same_status_writes_visit_updated" time="0.209" /><testcase classname="backend.tests.test_iteration11_notifications_and_activity.TestActivityLog" name="test_status_change_draft_to_submitted_logs_status_changed" time="0.429" /><testcase classname="backend.tests.test_iteration11_notifications_and_activity.TestActivityLog" name="test_delete_visit_logs_visit_deleted" time="0.318" /><testcase classname="backend.tests.test_iteration11_notifications_and_activity.TestActivityLog" name="test_cleanup_main_visit" time="0.105" /><testcase classname="backend.tests.test_iteration11_notifications_and_activity.TestNotifications" name="test_engineer_submit_creates_admin_notification" time="0.817" /><testcase classname="backend.tests.test_iteration11_notifications_and_activity.TestNotifications" name="test_engineer_feed_excludes_admin_notifications" time="0.102" /><testcase classname="backend.tests.test_iteration11_notifications_and_activity.TestNotifications" name="test_admin_submit_does_not_notify" time="0.933" /><testcase classname="backend.tests.test_iteration11_notifications_and_activity.TestNotifications" name="test_update_same_status_does_not_notify" time="0.810" /><testcase classname="backend.tests.test_iteration11_notifications_and_activity.TestNotifications" name="test_mark_single_read_is_per_user" time="0.316" /><testcase classname="backend.tests.test_iteration11_notifications_and_activity.TestNotifications" name="test_mark_all_read_zeros_unread" time="1.109" /><testcase classname="backend.tests.test_iteration11_notifications_and_activity.TestNotifications" name="test_unauthenticated_mark_read_rejected" time="0.165" /><testcase classname="backend.tests.test_iteration11_notifications_and_activity.TestNotifications" name="test_cleanup" time="0.108" /><testcase classname="backend.tests.test_iteration12_dashboard_sv_and_user_activity.TestSiteVisitStats" name="test_default_shape" time="1.639" /><testcase classname="backend.tests.test_iteration12_dashboard_sv_and_user_activity.TestSiteVisitStats" name="test_days_clamp_low" time="0.106" /><testcase classname="backend.tests.test_iteration12_dashboard_sv_and_user_activity.TestSiteVisitStats" name="test_days_clamp_high" time="0.139" /><testcase classname="backend.tests.test_iteration12_dashboard_sv_and_user_activity.TestSiteVisitStats" name="test_by_engineer_sorted_and_capped" time="0.120" /><testcase classname="backend.tests.test_iteration12_dashboard_sv_and_user_activity.TestSiteVisitStats" name="test_recent_drafts_capped_at_5" time="0.114" /><testcase classname="backend.tests.test_iteration12_dashboard_sv_and_user_activity.TestSiteVisitStats" name="test_unauth_blocked" time="0.116" /><testcase classname="backend.tests.test_iteration12_dashboard_sv_and_user_activity.TestUserActivityFeed" name="test_engineer_activity_shape" time="0.101" /><testcase classname="backend.tests.test_iteration12_dashboard_sv_and_user_activity.TestUserActivityFeed" name="test_visit_code_enrichment" time="0.102" /><testcase classname="backend.tests.test_iteration12_dashboard_sv_and_user_activity.TestUserActivityFeed" name="test_admin_activity_excludes_engineer_visits" time="0.216" /><testcase classname="backend.tests.test_iteration12_dashboard_sv_and_user_activity.TestUserActivityFeed" name="test_limit_clamp_low" time="0.108" /><testcase classname="backend.tests.test_iteration12_dashboard_sv_and_user_activity.TestUserActivityFeed" name="test_limit_clamp_high" time="0.106" /><testcase classname="backend.tests.test_iteration12_dashboard_sv_and_user_activity.TestUserActivityFeed" name="test_unauth_blocked" time="0.099" /><testcase classname="backend.tests.test_iteration12_dashboard_sv_and_user_activity.TestUserActivityFeed" name="test_unknown_user_returns_empty" time="0.311" /><testcase classname="backend.tests.test_notifications_cleanup.TestCleanupRBAC" name="test_admin_cleanup_returns_ok" time="0.424" /><testcase classname="backend.tests.test_notifications_cleanup.TestCleanupRBAC" name="test_engineer_cleanup_forbidden" time="1.021" /><testcase classname="backend.tests.test_notifications_cleanup.TestCleanupCorrectness" name="test_only_old_read_notifications_pruned" time="0.120" /><testcase classname="backend.tests.test_notifications_cleanup.TestSiteVisitsProjectScope" name="test_filter_by_project_id" time="0.104" /><testcase classname="backend.tests.test_notifications_cleanup.TestSiteVisitsProjectScope" name="test_filter_unknown_project_returns_empty" time="0.123" /><testcase classname="backend.tests.test_notifications_cleanup.TestSchedulerStartupLog" name="test_scheduler_log_line_present" time="0.001" /></testsuite></testsuites>