<?xml version="1.0" encoding="utf-8"?><testsuites name="pytest tests"><testsuite name="pytest" errors="0" failures="0" skipped="0" tests="27" time="6.310" timestamp="2026-05-29T09:17:39.486368+00:00" hostname="agent-env-532f27ad-0c64-413a-bb47-a95d56938bbf"><testcase classname="backend.tests.test_iteration16_sv_enhancements.TestAuth" name="test_admin_login" time="0.397" /><testcase classname="backend.tests.test_iteration16_sv_enhancements.TestAuth" name="test_admin_me" time="0.106" /><testcase classname="backend.tests.test_iteration16_sv_enhancements.TestAuth" name="test_engineer_me" time="0.431" /><testcase classname="backend.tests.test_iteration16_sv_enhancements.TestPinSiteVisit" name="test_pin_visit" time="0.438" /><testcase classname="backend.tests.test_iteration16_sv_enhancements.TestPinSiteVisit" name="test_get_visit_reflects_pin" time="0.137" /><testcase classname="backend.tests.test_iteration16_sv_enhancements.TestPinSiteVisit" name="test_pinned_visits_listed_by_project" time="0.115" /><testcase classname="backend.tests.test_iteration16_sv_enhancements.TestPinSiteVisit" name="test_unpin_visit" time="0.215" /><testcase classname="backend.tests.test_iteration16_sv_enhancements.TestPinSiteVisit" name="test_pin_unknown_visit_404" time="0.106" /><testcase classname="backend.tests.test_iteration16_sv_enhancements.TestPhotoGPS" name="test_photos_lat_lng_persisted" time="0.107" /><testcase classname="backend.tests.test_iteration16_sv_enhancements.TestPhotoGPS" name="test_upload_photo_endpoint" time="0.238" /><testcase classname="backend.tests.test_iteration16_sv_enhancements.TestSmartJobNoSearch" name="test_search_by_partial_job_no" time="0.104" /><testcase classname="backend.tests.test_iteration16_sv_enhancements.TestSmartJobNoSearch" name="test_get_project_returns_customer_contact" time="0.116" /><testcase classname="backend.tests.test_iteration16_sv_enhancements.TestDashboardMySvWeekly" name="test_admin_my_sv_weekly" time="0.101" /><testcase classname="backend.tests.test_iteration16_sv_enhancements.TestDashboardMySvWeekly" name="test_engineer_my_sv_weekly" time="0.102" /><testcase classname="backend.tests.test_iteration16_sv_enhancements.TestDashboardMySvWeekly" name="test_invalid_month" time="0.101" /><testcase classname="backend.tests.test_iteration16_sv_enhancements.TestWebPush" name="test_vapid_public_key" time="0.106" /><testcase classname="backend.tests.test_iteration16_sv_enhancements.TestWebPush" name="test_push_subscribe" time="0.100" /><testcase classname="backend.tests.test_iteration16_sv_enhancements.TestExports" name="test_site_visit_pdf" time="0.126" /><testcase classname="backend.tests.test_iteration16_sv_enhancements.TestExports" name="test_site_visit_excel" time="0.115" /><testcase classname="backend.tests.test_iteration16_sv_enhancements.TestNotifyAndActivity" name="test_create_visit_notifies_admins" time="1.798" /><testcase classname="backend.tests.test_iteration16_sv_enhancements.TestEngineerRBAC" name="test_engineer_cannot_list_clients" time="0.128" /><testcase classname="backend.tests.test_iteration16_sv_enhancements.TestEngineerRBAC" name="test_engineer_can_list_site_visits" time="0.119" /><testcase classname="backend.tests.test_iteration16_sv_enhancements.TestEngineerRBAC" name="test_engineer_can_list_projects" time="0.121" /><testcase classname="backend.tests.test_iteration16_sv_enhancements.TestRegressionSmoke" name="test_clients_list" time="0.101" /><testcase classname="backend.tests.test_iteration16_sv_enhancements.TestRegressionSmoke" name="test_architects_list" time="0.101" /><testcase classname="backend.tests.test_iteration16_sv_enhancements.TestRegressionSmoke" name="test_audits_list" time="0.107" /><testcase classname="backend.tests.test_iteration16_sv_enhancements.TestRegressionSmoke" name="test_projects_list" time="0.463" /></testsuite></testsuites>