<?xml version="1.0" encoding="utf-8"?><testsuites name="pytest tests"><testsuite name="pytest" errors="0" failures="0" skipped="0" tests="10" time="4.543" timestamp="2026-05-28T09:14:24.539396+00:00" hostname="agent-env-532f27ad-0c64-413a-bb47-a95d56938bbf"><testcase classname="backend.tests.test_iteration10_excel_and_engineer_scope.TestEngineerProjectScope" name="test_admin_sees_both_projects" time="1.462" /><testcase classname="backend.tests.test_iteration10_excel_and_engineer_scope.TestEngineerProjectScope" name="test_engineer_sees_only_assigned" time="0.099" /><testcase classname="backend.tests.test_iteration10_excel_and_engineer_scope.TestEngineerProjectScope" name="test_put_project_updates_assigned_engineer_ids" time="0.577" /><testcase classname="backend.tests.test_iteration10_excel_and_engineer_scope.TestExcelExport" name="test_excel_no_filter" time="0.347" /><testcase classname="backend.tests.test_iteration10_excel_and_engineer_scope.TestExcelExport" name="test_excel_month_filter" time="0.111" /><testcase classname="backend.tests.test_iteration10_excel_and_engineer_scope.TestExcelExport" name="test_excel_engineer_id_filter" time="0.121" /><testcase classname="backend.tests.test_iteration10_excel_and_engineer_scope.TestExcelExport" name="test_excel_project_id_filter" time="0.134" /><testcase classname="backend.tests.test_iteration10_excel_and_engineer_scope.TestExcelExport" name="test_excel_engineer_scoped_to_self" time="0.337" /><testcase classname="backend.tests.test_iteration10_excel_and_engineer_scope.TestSiteVisitsPathCollision" name="test_get_single_visit_after_export_route" time="0.335" /><testcase classname="backend.tests.test_iteration10_excel_and_engineer_scope.TestBackupIncludesNewCollections" name="test_backup_run_includes_site_visits" time="0.430" /></testsuite></testsuites>