<?xml version="1.0" encoding="utf-8"?><testsuites name="pytest tests"><testsuite name="pytest" errors="0" failures="0" skipped="0" tests="46" time="93.592" timestamp="2026-05-28T18:52:49.888299+00:00" hostname="agent-env-532f27ad-0c64-413a-bb47-a95d56938bbf"><testcase classname="backend.tests.test_site_visits.TestTemplates" name="test_list_default_templates" time="0.533" /><testcase classname="backend.tests.test_site_visits.TestTemplates" name="test_template_crud" time="0.564" /><testcase classname="backend.tests.test_site_visits.TestSiteVisits" name="test_upload_photo" time="0.230" /><testcase classname="backend.tests.test_site_visits.TestSiteVisits" name="test_create_site_visit" time="0.126" /><testcase classname="backend.tests.test_site_visits.TestSiteVisits" name="test_get_site_visit" time="0.118" /><testcase classname="backend.tests.test_site_visits.TestSiteVisits" name="test_list_site_visits_all" time="0.112" /><testcase classname="backend.tests.test_site_visits.TestSiteVisits" name="test_update_site_visit" time="0.278" /><testcase classname="backend.tests.test_site_visits.TestSiteVisits" name="test_pdf_with_auth" time="0.196" /><testcase classname="backend.tests.test_site_visits.TestSiteVisits" name="test_public_pdf_no_auth" time="0.115" /><testcase classname="backend.tests.test_site_visits.TestSiteVisits" name="test_public_pdf_invalid_token" time="0.191" /><testcase classname="backend.tests.test_site_visits.TestEngineerRBAC" name="test_create_engineer_via_post" time="0.945" /><testcase classname="backend.tests.test_site_visits.TestEngineerRBAC" name="test_engineer_mine_filter" time="1.359" /><testcase classname="backend.tests.test_site_visits" name="test_zz_cleanup" time="0.480" /><testcase classname="backend.tests.test_iteration11_notifications_and_activity.TestActivityLog" name="test_engineer_submit_writes_visit_created_activity" time="1.301" /><testcase classname="backend.tests.test_iteration11_notifications_and_activity.TestActivityLog" name="test_route_ordering_activity_before_catchall" time="0.237" /><testcase classname="backend.tests.test_iteration11_notifications_and_activity.TestActivityLog" name="test_update_same_status_writes_visit_updated" time="0.231" /><testcase classname="backend.tests.test_iteration11_notifications_and_activity.TestActivityLog" name="test_status_change_draft_to_submitted_logs_status_changed" time="0.460" /><testcase classname="backend.tests.test_iteration11_notifications_and_activity.TestActivityLog" name="test_delete_visit_logs_visit_deleted" time="0.341" /><testcase classname="backend.tests.test_iteration11_notifications_and_activity.TestActivityLog" name="test_cleanup_main_visit" time="0.136" /><testcase classname="backend.tests.test_iteration11_notifications_and_activity.TestNotifications" name="test_engineer_submit_creates_admin_notification" time="2.006" /><testcase classname="backend.tests.test_iteration11_notifications_and_activity.TestNotifications" name="test_engineer_feed_excludes_admin_notifications" time="0.269" /><testcase classname="backend.tests.test_iteration11_notifications_and_activity.TestNotifications" name="test_admin_submit_does_not_notify" time="1.155" /><testcase classname="backend.tests.test_iteration11_notifications_and_activity.TestNotifications" name="test_update_same_status_does_not_notify" time="1.020" /><testcase classname="backend.tests.test_iteration11_notifications_and_activity.TestNotifications" name="test_mark_single_read_is_per_user" time="2.692" /><testcase classname="backend.tests.test_iteration11_notifications_and_activity.TestNotifications" name="test_mark_all_read_zeros_unread" time="2.137" /><testcase classname="backend.tests.test_iteration11_notifications_and_activity.TestNotifications" name="test_unauthenticated_mark_read_rejected" time="0.151" /><testcase classname="backend.tests.test_iteration11_notifications_and_activity.TestNotifications" name="test_cleanup" time="0.167" /><testcase classname="backend.tests.test_iteration12_dashboard_sv_and_user_activity.TestSiteVisitStats" name="test_default_shape" time="4.802" /><testcase classname="backend.tests.test_iteration12_dashboard_sv_and_user_activity.TestSiteVisitStats" name="test_days_clamp_low" time="0.545" /><testcase classname="backend.tests.test_iteration12_dashboard_sv_and_user_activity.TestSiteVisitStats" name="test_days_clamp_high" time="0.150" /><testcase classname="backend.tests.test_iteration12_dashboard_sv_and_user_activity.TestSiteVisitStats" name="test_by_engineer_sorted_and_capped" time="0.171" /><testcase classname="backend.tests.test_iteration12_dashboard_sv_and_user_activity.TestSiteVisitStats" name="test_recent_drafts_capped_at_5" time="1.204" /><testcase classname="backend.tests.test_iteration12_dashboard_sv_and_user_activity.TestSiteVisitStats" name="test_unauth_blocked" time="20.127" /><testcase classname="backend.tests.test_iteration12_dashboard_sv_and_user_activity.TestUserActivityFeed" name="test_engineer_activity_shape" time="5.303" /><testcase classname="backend.tests.test_iteration12_dashboard_sv_and_user_activity.TestUserActivityFeed" name="test_visit_code_enrichment" time="0.127" /><testcase classname="backend.tests.test_iteration12_dashboard_sv_and_user_activity.TestUserActivityFeed" name="test_admin_activity_excludes_engineer_visits" time="12.528" /><testcase classname="backend.tests.test_iteration12_dashboard_sv_and_user_activity.TestUserActivityFeed" name="test_limit_clamp_low" time="0.141" /><testcase classname="backend.tests.test_iteration12_dashboard_sv_and_user_activity.TestUserActivityFeed" name="test_limit_clamp_high" time="0.110" /><testcase classname="backend.tests.test_iteration12_dashboard_sv_and_user_activity.TestUserActivityFeed" name="test_unauth_blocked" time="1.118" /><testcase classname="backend.tests.test_iteration12_dashboard_sv_and_user_activity.TestUserActivityFeed" name="test_unknown_user_returns_empty" time="20.404" /><testcase classname="backend.tests.test_notifications_cleanup.TestCleanupRBAC" name="test_admin_cleanup_returns_ok" time="0.490" /><testcase classname="backend.tests.test_notifications_cleanup.TestCleanupRBAC" name="test_engineer_cleanup_forbidden" time="8.260" /><testcase classname="backend.tests.test_notifications_cleanup.TestCleanupCorrectness" name="test_only_old_read_notifications_pruned" time="0.163" /><testcase classname="backend.tests.test_notifications_cleanup.TestSiteVisitsProjectScope" name="test_filter_by_project_id" time="0.119" /><testcase classname="backend.tests.test_notifications_cleanup.TestSiteVisitsProjectScope" name="test_filter_unknown_project_returns_empty" time="0.109" /><testcase classname="backend.tests.test_notifications_cleanup.TestSchedulerStartupLog" name="test_scheduler_log_line_present" time="0.002" /></testsuite></testsuites>