<?xml version="1.0" encoding="utf-8"?><testsuites name="pytest tests"><testsuite name="pytest" errors="0" failures="0" skipped="0" tests="2" time="2.128" timestamp="2026-05-30T05:05:57.804263+00:00" hostname="agent-env-532f27ad-0c64-413a-bb47-a95d56938bbf"><testcase classname="backend.tests.test_iteration18_gridfs_photos_and_engineer_projects.TestSiteVisitPdfEmbedsGridFSPhotos" name="test_authed_pdf_embeds_gridfs_photo" time="1.638" /><testcase classname="backend.tests.test_iteration18_gridfs_photos_and_engineer_projects.TestSiteVisitPdfEmbedsGridFSPhotos" name="test_public_pdf_embeds_gridfs_photo" time="0.340" /></testsuite></testsuites>