<?xml version="1.0" encoding="utf-8"?><testsuites name="pytest tests"><testsuite name="pytest" errors="0" failures="1" skipped="0" tests="23" time="9.212" timestamp="2026-05-28T09:07:59.671679+00:00" hostname="agent-env-532f27ad-0c64-413a-bb47-a95d56938bbf"><testcase classname="backend.tests.test_iteration10_excel_and_engineer_scope.TestEngineerProjectScope" name="test_admin_sees_both_projects" time="1.571" /><testcase classname="backend.tests.test_iteration10_excel_and_engineer_scope.TestEngineerProjectScope" name="test_engineer_sees_only_assigned" time="0.100" /><testcase classname="backend.tests.test_iteration10_excel_and_engineer_scope.TestEngineerProjectScope" name="test_put_project_updates_assigned_engineer_ids" time="0.573" /><testcase classname="backend.tests.test_iteration10_excel_and_engineer_scope.TestExcelExport" name="test_excel_no_filter" time="0.330" /><testcase classname="backend.tests.test_iteration10_excel_and_engineer_scope.TestExcelExport" name="test_excel_month_filter" time="0.122" /><testcase classname="backend.tests.test_iteration10_excel_and_engineer_scope.TestExcelExport" name="test_excel_engineer_id_filter" time="0.121" /><testcase classname="backend.tests.test_iteration10_excel_and_engineer_scope.TestExcelExport" name="test_excel_project_id_filter" time="0.158" /><testcase classname="backend.tests.test_iteration10_excel_and_engineer_scope.TestExcelExport" name="test_excel_engineer_scoped_to_self" time="0.343" /><testcase classname="backend.tests.test_iteration10_excel_and_engineer_scope.TestSiteVisitsPathCollision" name="test_get_single_visit_after_export_route" time="0.360" /><testcase classname="backend.tests.test_iteration10_excel_and_engineer_scope.TestBackupIncludesNewCollections" name="test_backup_run_includes_site_visits" time="0.429"><failure message="AssertionError: backup run response missing site_visits: {'ok': True, 'filename': 'creator-consultant-backup-2026-05-28T09-08-03Z.json', 'size_bytes': 168207, 'trigger': 'manual', 'started_at': '2026-05-28T09:08:03.707565+00:00', 'finished_at': '2026-05-28T09:08:03.807776+00:00', 'drive_uploaded': False, 'drive_file_id': None, 'drive_web_link': None, 'error': 'Google Drive not connected — saved local copy only.'}&#10;assert 'site_visits' in &quot;{'ok': true, 'filename': 'creator-consultant-backup-2026-05-28t09-08-03z.json', 'size_bytes': 168207, 'trigger': 'manual', 'started_at': '2026-05-28t09:08:03.707565+00:00', 'finished_at': '2026-05-28t09:08:03.807776+00:00', 'drive_uploaded': false, 'drive_file_id': none, 'drive_web_link': none, 'error': 'google drive not connected — saved local copy only.'}&quot;">backend/tests/test_iteration10_excel_and_engineer_scope.py:245: in test_backup_run_includes_site_visits
    assert col in as_str, f"backup run response missing {col}: {body}"
E   AssertionError: backup run response missing site_visits: {'ok': True, 'filename': 'creator-consultant-backup-2026-05-28T09-08-03Z.json', 'size_bytes': 168207, 'trigger': 'manual', 'started_at': '2026-05-28T09:08:03.707565+00:00', 'finished_at': '2026-05-28T09:08:03.807776+00:00', 'drive_uploaded': False, 'drive_file_id': None, 'drive_web_link': None, 'error': 'Google Drive not connected — saved local copy only.'}
E   assert 'site_visits' in "{'ok': true, 'filename': 'creator-consultant-backup-2026-05-28t09-08-03z.json', 'size_bytes': 168207, 'trigger': 'manual', 'started_at': '2026-05-28t09:08:03.707565+00:00', 'finished_at': '2026-05-28t09:08:03.807776+00:00', 'drive_uploaded': false, 'drive_file_id': none, 'drive_web_link': none, 'error': 'google drive not connected — saved local copy only.'}"</failure></testcase><testcase classname="backend.tests.test_site_visits.TestTemplates" name="test_list_default_templates" time="0.444" /><testcase classname="backend.tests.test_site_visits.TestTemplates" name="test_template_crud" time="0.430" /><testcase classname="backend.tests.test_site_visits.TestSiteVisits" name="test_upload_photo" time="0.267" /><testcase classname="backend.tests.test_site_visits.TestSiteVisits" name="test_create_site_visit" time="0.113" /><testcase classname="backend.tests.test_site_visits.TestSiteVisits" name="test_get_site_visit" time="0.101" /><testcase classname="backend.tests.test_site_visits.TestSiteVisits" name="test_list_site_visits_all" time="0.107" /><testcase classname="backend.tests.test_site_visits.TestSiteVisits" name="test_update_site_visit" time="0.205" /><testcase classname="backend.tests.test_site_visits.TestSiteVisits" name="test_pdf_with_auth" time="0.195" /><testcase classname="backend.tests.test_site_visits.TestSiteVisits" name="test_public_pdf_no_auth" time="0.115" /><testcase classname="backend.tests.test_site_visits.TestSiteVisits" name="test_public_pdf_invalid_token" time="0.161" /><testcase classname="backend.tests.test_site_visits.TestEngineerRBAC" name="test_create_engineer_via_post" time="0.881" /><testcase classname="backend.tests.test_site_visits.TestEngineerRBAC" name="test_engineer_mine_filter" time="1.348" /><testcase classname="backend.tests.test_site_visits" name="test_zz_cleanup" time="0.430" /></testsuite></testsuites>