<?xml version="1.0" encoding="utf-8"?><testsuites name="pytest tests"><testsuite name="pytest" errors="0" failures="0" skipped="0" tests="22" time="9.832" timestamp="2026-05-30T05:06:04.906337+00:00" hostname="agent-env-532f27ad-0c64-413a-bb47-a95d56938bbf"><testcase classname="backend.tests.test_iteration18_gridfs_photos_and_engineer_projects.TestEngineerProjectsList" name="test_engineer_sees_all_projects" time="1.011" /><testcase classname="backend.tests.test_iteration18_gridfs_photos_and_engineer_projects.TestSiteVisitPhotoUploadGridFS" name="test_engineer_upload_returns_gridfs_url" time="0.334" /><testcase classname="backend.tests.test_iteration18_gridfs_photos_and_engineer_projects.TestSiteVisitPhotoUploadGridFS" name="test_upload_persists_in_gridfs_collection" time="0.230" /><testcase classname="backend.tests.test_iteration18_gridfs_photos_and_engineer_projects.TestSiteVisitPhotoUploadGridFS" name="test_serve_endpoint_no_auth_required" time="0.333" /><testcase classname="backend.tests.test_iteration18_gridfs_photos_and_engineer_projects.TestSiteVisitPhotoUploadGridFS" name="test_serve_endpoint_404_for_missing" time="0.109" /><testcase classname="backend.tests.test_iteration18_gridfs_photos_and_engineer_projects.TestSiteVisitPhotoUploadGridFS" name="test_delete_removes_disk_and_gridfs" time="0.431" /><testcase classname="backend.tests.test_iteration18_gridfs_photos_and_engineer_projects.TestSiteVisitPdfEmbedsGridFSPhotos" name="test_authed_pdf_embeds_gridfs_photo" time="0.823" /><testcase classname="backend.tests.test_iteration18_gridfs_photos_and_engineer_projects.TestSiteVisitPdfEmbedsGridFSPhotos" name="test_public_pdf_embeds_gridfs_photo" time="0.335" /><testcase classname="backend.tests.test_iteration18_gridfs_photos_and_engineer_projects.TestPersistenceAcrossBackendRestart" name="test_photo_survives_backend_restart" time="3.246" /><testcase classname="backend.tests.test_iteration17_jobno_signature_profile.TestProjectJobNo" name="test_create_project_with_job_no" time="0.445" /><testcase classname="backend.tests.test_iteration17_jobno_signature_profile.TestProjectJobNo" name="test_get_project_returns_job_no" time="0.106" /><testcase classname="backend.tests.test_iteration17_jobno_signature_profile.TestProjectJobNo" name="test_search_by_job_no" time="0.108" /><testcase classname="backend.tests.test_iteration17_jobno_signature_profile.TestProjectJobNo" name="test_update_project_job_no" time="0.232" /><testcase classname="backend.tests.test_iteration17_jobno_signature_profile.TestProjectJobNo" name="test_create_project_without_job_no_backward_compat" time="0.229" /><testcase classname="backend.tests.test_iteration17_jobno_signature_profile.TestProjectJobNo" name="test_cleanup_project" time="0.108" /><testcase classname="backend.tests.test_iteration17_jobno_signature_profile.TestDefaultSignature" name="test_me_returns_default_signature_field" time="0.108" /><testcase classname="backend.tests.test_iteration17_jobno_signature_profile.TestDefaultSignature" name="test_set_signature_admin" time="0.210" /><testcase classname="backend.tests.test_iteration17_jobno_signature_profile.TestDefaultSignature" name="test_clear_signature_admin" time="0.216" /><testcase classname="backend.tests.test_iteration17_jobno_signature_profile.TestDefaultSignature" name="test_reject_non_data_url" time="0.106" /><testcase classname="backend.tests.test_iteration17_jobno_signature_profile.TestDefaultSignature" name="test_reject_too_large" time="0.183" /><testcase classname="backend.tests.test_iteration17_jobno_signature_profile.TestDefaultSignature" name="test_engineer_can_save_own_signature" time="0.670" /><testcase classname="backend.tests.test_iteration17_jobno_signature_profile.TestDefaultSignature" name="test_signature_endpoint_requires_auth" time="0.110" /></testsuite></testsuites>