<?xml version="1.0" encoding="utf-8"?><testsuites name="pytest tests"><testsuite name="pytest" errors="0" failures="0" skipped="0" tests="13" time="4.883" timestamp="2026-05-28T06:32:29.888345+00:00" hostname="agent-env-532f27ad-0c64-413a-bb47-a95d56938bbf"><testcase classname="backend.tests.test_site_visits.TestTemplates" name="test_list_default_templates" time="0.457" /><testcase classname="backend.tests.test_site_visits.TestTemplates" name="test_template_crud" time="0.461" /><testcase classname="backend.tests.test_site_visits.TestSiteVisits" name="test_upload_photo" time="0.212" /><testcase classname="backend.tests.test_site_visits.TestSiteVisits" name="test_create_site_visit" time="0.111" /><testcase classname="backend.tests.test_site_visits.TestSiteVisits" name="test_get_site_visit" time="0.108" /><testcase classname="backend.tests.test_site_visits.TestSiteVisits" name="test_list_site_visits_all" time="0.102" /><testcase classname="backend.tests.test_site_visits.TestSiteVisits" name="test_update_site_visit" time="0.220" /><testcase classname="backend.tests.test_site_visits.TestSiteVisits" name="test_pdf_with_auth" time="0.131" /><testcase classname="backend.tests.test_site_visits.TestSiteVisits" name="test_public_pdf_no_auth" time="0.105" /><testcase classname="backend.tests.test_site_visits.TestSiteVisits" name="test_public_pdf_invalid_token" time="0.116" /><testcase classname="backend.tests.test_site_visits.TestEngineerRBAC" name="test_create_engineer_via_post" time="0.986" /><testcase classname="backend.tests.test_site_visits.TestEngineerRBAC" name="test_engineer_mine_filter" time="1.353" /><testcase classname="backend.tests.test_site_visits" name="test_zz_cleanup" time="0.432" /></testsuite></testsuites>