<?xml version="1.0" encoding="utf-8"?><testsuites name="pytest tests"><testsuite name="pytest" errors="0" failures="0" skipped="0" tests="35" time="9.791" timestamp="2026-04-19T09:32:34.380954+00:00" hostname="agent-env-532f27ad-0c64-413a-bb47-a95d56938bbf"><testcase classname="backend.tests.test_iteration6_project_detail.TestActivityEndpoint" name="test_activity_endpoint_returns_list" time="0.271" /><testcase classname="backend.tests.test_iteration6_project_detail.TestActivityEndpoint" name="test_activity_sorted_desc_by_created_at" time="0.228" /><testcase classname="backend.tests.test_iteration6_project_detail.TestActivityEndpoint" name="test_activity_has_required_fields" time="0.212" /><testcase classname="backend.tests.test_iteration6_project_detail.TestActivityEndpoint" name="test_activity_no_mongodb_id" time="0.213" /><testcase classname="backend.tests.test_iteration6_project_detail.TestQuoteRevisions" name="test_revisions_endpoint_returns_list" time="0.218" /><testcase classname="backend.tests.test_iteration6_project_detail.TestQuoteRevisions" name="test_revise_quote_creates_revision" time="0.217" /><testcase classname="backend.tests.test_iteration6_project_detail.TestQuoteRevisions" name="test_revise_quote_updates_project_quoted_amount" time="0.311" /><testcase classname="backend.tests.test_iteration6_project_detail.TestQuoteRevisions" name="test_revise_quote_negative_amount_returns_400" time="0.240" /><testcase classname="backend.tests.test_iteration6_project_detail.TestQuoteRevisions" name="test_revise_quote_logs_activity" time="0.315" /><testcase classname="backend.tests.test_iteration6_project_detail.TestQuoteRevisions" name="test_revisions_sorted_desc" time="0.425" /><testcase classname="backend.tests.test_iteration6_project_detail.TestDeletePayment" name="test_delete_payment_returns_ok" time="0.326" /><testcase classname="backend.tests.test_iteration6_project_detail.TestDeletePayment" name="test_delete_payment_updates_project_received" time="0.672" /><testcase classname="backend.tests.test_iteration6_project_detail.TestDeletePayment" name="test_delete_payment_logs_activity" time="0.431" /><testcase classname="backend.tests.test_iteration6_project_detail.TestDeletePayment" name="test_delete_nonexistent_payment_returns_404" time="0.098" /><testcase classname="backend.tests.test_iteration6_project_detail.TestProjectExcelExport" name="test_export_returns_xlsx" time="0.227" /><testcase classname="backend.tests.test_iteration6_project_detail.TestProjectExcelExport" name="test_export_has_content_disposition" time="0.214" /><testcase classname="backend.tests.test_iteration6_project_detail.TestProjectExcelExport" name="test_export_nonexistent_project_returns_404" time="0.100" /><testcase classname="backend.tests.test_iteration6_project_detail.TestActivityLogging" name="test_create_project_logs_activity" time="0.309" /><testcase classname="backend.tests.test_iteration6_project_detail.TestActivityLogging" name="test_update_project_logs_activity" time="0.446" /><testcase classname="backend.tests.test_iteration6_project_detail.TestActivityLogging" name="test_add_payment_logs_activity" time="0.439" /><testcase classname="backend.tests.test_iteration6_project_detail.TestActivityLogging" name="test_archive_project_logs_activity" time="0.418" /><testcase classname="backend.tests.test_iteration6_project_detail.TestActivityLogging" name="test_unarchive_project_logs_activity" time="0.531" /><testcase classname="backend.tests.test_iteration6_project_detail.TestDeleteProjectCascade" name="test_delete_project_cascades_payments" time="0.556" /><testcase classname="backend.tests.test_iteration6_project_detail.TestDeleteProjectCascade" name="test_delete_project_cascades_revisions" time="0.512" /><testcase classname="backend.tests.test_iteration6_project_detail.TestDeleteProjectCascade" name="test_delete_project_cascades_activity" time="0.413" /><testcase classname="backend.tests.test_iteration6_project_detail.TestExistingEndpointsStillWork" name="test_clients_endpoint" time="0.100" /><testcase classname="backend.tests.test_iteration6_project_detail.TestExistingEndpointsStillWork" name="test_architects_endpoint" time="0.098" /><testcase classname="backend.tests.test_iteration6_project_detail.TestExistingEndpointsStillWork" name="test_projects_endpoint" time="0.111" /><testcase classname="backend.tests.test_iteration6_project_detail.TestExistingEndpointsStillWork" name="test_offers_endpoint" time="0.102" /><testcase classname="backend.tests.test_iteration6_project_detail.TestExistingEndpointsStillWork" name="test_payments_endpoint" time="0.197" /><testcase classname="backend.tests.test_iteration6_project_detail.TestExistingEndpointsStillWork" name="test_dashboard_stats_endpoint" time="0.122" /><testcase classname="backend.tests.test_iteration6_project_detail.TestExistingEndpointsStillWork" name="test_auth_status_endpoint" time="0.108" /><testcase classname="backend.tests.test_iteration6_project_detail.TestNoMongoDBIdInResponses" name="test_projects_no_id" time="0.109" /><testcase classname="backend.tests.test_iteration6_project_detail.TestNoMongoDBIdInResponses" name="test_revisions_no_id" time="0.208" /><testcase classname="backend.tests.test_iteration6_project_detail.TestNoMongoDBIdInResponses" name="test_activity_no_id" time="0.215" /></testsuite></testsuites>