<?xml version="1.0" encoding="utf-8"?><testsuites name="pytest tests"><testsuite name="pytest" errors="0" failures="0" skipped="0" tests="12" time="1.369" timestamp="2026-04-20T09:56:16.535062+00:00" hostname="agent-env-532f27ad-0c64-413a-bb47-a95d56938bbf"><testcase classname="backend.tests.test_audits.TestAuditsEndpoints" name="test_list_audits" time="0.514" /><testcase classname="backend.tests.test_audits.TestAuditsEndpoints" name="test_get_existing_audit" time="0.090" /><testcase classname="backend.tests.test_audits.TestAuditsEndpoints" name="test_create_audit_auto_codes" time="0.054" /><testcase classname="backend.tests.test_audits.TestAuditsEndpoints" name="test_create_audit_custom_codes" time="0.045" /><testcase classname="backend.tests.test_audits.TestAuditsEndpoints" name="test_update_audit" time="0.051" /><testcase classname="backend.tests.test_audits.TestAuditsEndpoints" name="test_record_audit_payment" time="0.089" /><testcase classname="backend.tests.test_audits.TestAuditsEndpoints" name="test_audit_invoice_pdf" time="0.098" /><testcase classname="backend.tests.test_audits.TestAuditsEndpoints" name="test_audit_activity" time="0.086" /><testcase classname="backend.tests.test_audits.TestAuditsEndpoints" name="test_archive_unarchive_audit" time="0.086" /><testcase classname="backend.tests.test_audits.TestAuditsEndpoints" name="test_search_audits" time="0.043" /><testcase classname="backend.tests.test_audits.TestAuditsEndpoints" name="test_offers_still_work_but_collection_empty" time="0.043" /><testcase classname="backend.tests.test_audits.TestAuditsEndpoints" name="test_cleanup_created_audits" time="0.087" /></testsuite></testsuites>