<?xml version="1.0" encoding="utf-8"?><testsuites name="pytest tests"><testsuite name="pytest" errors="0" failures="0" skipped="0" tests="69" time="8.316" timestamp="2026-04-19T07:51:19.481514+00:00" hostname="agent-env-532f27ad-0c64-413a-bb47-a95d56938bbf"><testcase classname="backend.tests.test_creator_consultant.TestHealthCheck" name="test_api_root_returns_ok" time="0.120" /><testcase classname="backend.tests.test_creator_consultant.TestDashboardStats" name="test_dashboard_stats_returns_correct_structure" time="0.047" /><testcase classname="backend.tests.test_creator_consultant.TestProjectsCRUD" name="test_list_projects_returns_seeded_data" time="0.046" /><testcase classname="backend.tests.test_creator_consultant.TestProjectsCRUD" name="test_search_projects_by_name" time="0.046" /><testcase classname="backend.tests.test_creator_consultant.TestProjectsCRUD" name="test_search_projects_by_client_name" time="0.045" /><testcase classname="backend.tests.test_creator_consultant.TestProjectsCRUD" name="test_search_projects_by_project_code" time="0.056" /><testcase classname="backend.tests.test_creator_consultant.TestProjectsCRUD" name="test_create_project_auto_generates_code" time="0.091" /><testcase classname="backend.tests.test_creator_consultant.TestProjectsCRUD" name="test_get_single_project" time="0.087" /><testcase classname="backend.tests.test_creator_consultant.TestProjectsCRUD" name="test_get_nonexistent_project_returns_404" time="0.044" /><testcase classname="backend.tests.test_creator_consultant.TestProjectsCRUD" name="test_update_project_preserves_received_amount" time="0.131" /><testcase classname="backend.tests.test_creator_consultant.TestProjectsCRUD" name="test_delete_project_cascades_payments" time="0.216" /><testcase classname="backend.tests.test_creator_consultant.TestClientsCRUD" name="test_list_clients_returns_seeded_data" time="0.043" /><testcase classname="backend.tests.test_creator_consultant.TestClientsCRUD" name="test_create_client" time="0.086" /><testcase classname="backend.tests.test_creator_consultant.TestClientsCRUD" name="test_update_client_syncs_to_projects" time="0.322" /><testcase classname="backend.tests.test_creator_consultant.TestClientsCRUD" name="test_delete_client_nullifies_projects" time="0.271" /><testcase classname="backend.tests.test_creator_consultant.TestArchitectsCRUD" name="test_list_architects_returns_seeded_data" time="0.042" /><testcase classname="backend.tests.test_creator_consultant.TestArchitectsCRUD" name="test_create_architect" time="0.087" /><testcase classname="backend.tests.test_creator_consultant.TestArchitectsCRUD" name="test_update_architect_syncs_to_projects" time="0.332" /><testcase classname="backend.tests.test_creator_consultant.TestArchitectsCRUD" name="test_delete_architect_nullifies_projects" time="0.292" /><testcase classname="backend.tests.test_creator_consultant.TestPayments" name="test_create_payment_updates_project" time="0.306" /><testcase classname="backend.tests.test_creator_consultant.TestPayments" name="test_payment_rejects_zero_amount" time="0.133" /><testcase classname="backend.tests.test_creator_consultant.TestPayments" name="test_payment_rejects_unknown_project" time="0.082" /><testcase classname="backend.tests.test_creator_consultant.TestPayments" name="test_list_payments_by_project" time="0.267" /><testcase classname="backend.tests.test_creator_consultant.TestExportExcel" name="test_export_excel_returns_xlsx" time="0.060" /><testcase classname="backend.tests.test_creator_consultant.TestSeedEndpoint" name="test_seed_is_idempotent" time="0.051" /><testcase classname="backend.tests.test_creator_consultant.TestNoMongoDBId" name="test_projects_no_underscore_id" time="0.044" /><testcase classname="backend.tests.test_creator_consultant.TestNoMongoDBId" name="test_clients_no_underscore_id" time="0.043" /><testcase classname="backend.tests.test_creator_consultant.TestNoMongoDBId" name="test_architects_no_underscore_id" time="0.043" /><testcase classname="backend.tests.test_iteration2_features.TestPDFInvoice" name="test_invoice_returns_valid_pdf" time="0.171" /><testcase classname="backend.tests.test_iteration2_features.TestPDFInvoice" name="test_invoice_unknown_project_returns_404" time="0.044" /><testcase classname="backend.tests.test_iteration2_features.TestPDFReceipt" name="test_receipt_returns_valid_pdf" time="0.191" /><testcase classname="backend.tests.test_iteration2_features.TestPDFReceipt" name="test_receipt_unknown_payment_returns_404" time="0.044" /><testcase classname="backend.tests.test_iteration2_features.TestArchiveProject" name="test_archive_project_sets_archived_true" time="0.183" /><testcase classname="backend.tests.test_iteration2_features.TestArchiveProject" name="test_unarchive_project_sets_archived_false" time="0.222" /><testcase classname="backend.tests.test_iteration2_features.TestArchiveProject" name="test_archive_unknown_project_returns_404" time="0.042" /><testcase classname="backend.tests.test_iteration2_features.TestArchiveProject" name="test_unarchive_unknown_project_returns_404" time="0.042" /><testcase classname="backend.tests.test_iteration2_features.TestArchiveFiltering" name="test_default_list_excludes_archived" time="0.215" /><testcase classname="backend.tests.test_iteration2_features.TestArchiveFiltering" name="test_archived_only_returns_only_archived" time="0.178" /><testcase classname="backend.tests.test_iteration2_features.TestArchiveFiltering" name="test_include_archived_returns_both" time="0.263" /><testcase classname="backend.tests.test_iteration2_features.TestArchiveFiltering" name="test_search_respects_archived_filter" time="0.220" /><testcase classname="backend.tests.test_iteration2_features.TestArchivedFieldInResponse" name="test_project_has_archived_field" time="0.216" /><testcase classname="backend.tests.test_iteration3_offers.TestOffersListAndFilter" name="test_list_offers_returns_seeded_data" time="0.172" /><testcase classname="backend.tests.test_iteration3_offers.TestOffersListAndFilter" name="test_offers_gst_calculation_correct" time="0.050" /><testcase classname="backend.tests.test_iteration3_offers.TestOffersListAndFilter" name="test_offers_effective_type_logic" time="0.049" /><testcase classname="backend.tests.test_iteration3_offers.TestOffersListAndFilter" name="test_filter_offers_by_status_pending" time="0.045" /><testcase classname="backend.tests.test_iteration3_offers.TestOffersListAndFilter" name="test_filter_offers_by_status_accepted" time="0.048" /><testcase classname="backend.tests.test_iteration3_offers.TestOffersListAndFilter" name="test_search_offers_by_offer_code" time="0.049" /><testcase classname="backend.tests.test_iteration3_offers.TestOffersListAndFilter" name="test_search_offers_by_reference_no" time="0.050" /><testcase classname="backend.tests.test_iteration3_offers.TestOffersListAndFilter" name="test_search_offers_by_description" time="0.045" /><testcase classname="backend.tests.test_iteration3_offers.TestOffersListAndFilter" name="test_search_offers_by_site_location" time="0.044" /><testcase classname="backend.tests.test_iteration3_offers.TestOffersCRUD" name="test_create_offer_auto_generates_code" time="0.136" /><testcase classname="backend.tests.test_iteration3_offers.TestOffersCRUD" name="test_create_offer_with_other_type" time="0.108" /><testcase classname="backend.tests.test_iteration3_offers.TestOffersCRUD" name="test_get_single_offer" time="0.097" /><testcase classname="backend.tests.test_iteration3_offers.TestOffersCRUD" name="test_get_nonexistent_offer_returns_404" time="0.045" /><testcase classname="backend.tests.test_iteration3_offers.TestOffersCRUD" name="test_update_offer" time="0.138" /><testcase classname="backend.tests.test_iteration3_offers.TestOffersCRUD" name="test_delete_offer" time="0.146" /><testcase classname="backend.tests.test_iteration3_offers.TestOffersCRUD" name="test_delete_nonexistent_offer_returns_404" time="0.049" /><testcase classname="backend.tests.test_iteration3_offers.TestConvertOfferToProject" name="test_convert_offer_creates_project" time="0.286" /><testcase classname="backend.tests.test_iteration3_offers.TestConvertOfferToProject" name="test_convert_already_converted_offer_returns_400" time="0.228" /><testcase classname="backend.tests.test_iteration3_offers.TestConvertOfferToProject" name="test_convert_nonexistent_offer_returns_404" time="0.045" /><testcase classname="backend.tests.test_iteration3_offers.TestProjectOfferLinkage" name="test_project_has_offer_fields" time="0.047" /><testcase classname="backend.tests.test_iteration3_offers.TestProjectOfferLinkage" name="test_update_offer_syncs_to_linked_project" time="0.277" /><testcase classname="backend.tests.test_iteration3_offers.TestProjectOfferLinkage" name="test_delete_offer_clears_project_linkage" time="0.233" /><testcase classname="backend.tests.test_iteration3_offers.TestDashboardStatsWithOffers" name="test_dashboard_includes_offer_counts" time="0.048" /><testcase classname="backend.tests.test_iteration3_offers.TestOffersNoMongoDBId" name="test_offers_no_underscore_id" time="0.047" /><testcase classname="backend.tests.test_iteration3_offers.TestOffersNoMongoDBId" name="test_single_offer_no_underscore_id" time="0.090" /><testcase classname="backend.tests.test_iteration3_offers.TestSeededOffers" name="test_seeded_offer_ofr_0001_audit" time="0.048" /><testcase classname="backend.tests.test_iteration3_offers.TestSeededOffers" name="test_seeded_offer_ofr_0002_steel" time="0.051" /><testcase classname="backend.tests.test_iteration3_offers.TestSeededOffers" name="test_seeded_offer_ofr_0003_pmc_custom" time="0.046" /></testsuite></testsuites>