<?xml version="1.0" encoding="utf-8"?><testsuites name="pytest tests"><testsuite name="pytest" errors="0" failures="10" skipped="1" tests="119" time="16.824" timestamp="2026-04-19T09:16:23.050807+00:00" hostname="agent-env-532f27ad-0c64-413a-bb47-a95d56938bbf"><testcase classname="backend.tests.test_creator_consultant.TestHealthCheck" name="test_api_root_returns_ok" time="0.120" /><testcase classname="backend.tests.test_creator_consultant.TestDashboardStats" name="test_dashboard_stats_returns_correct_structure" time="0.050" /><testcase classname="backend.tests.test_creator_consultant.TestProjectsCRUD" name="test_list_projects_returns_seeded_data" time="0.048" /><testcase classname="backend.tests.test_creator_consultant.TestProjectsCRUD" name="test_search_projects_by_name" time="0.055"><failure message="assert False&#10; +  where False = any(&lt;generator object TestProjectsCRUD.test_search_projects_by_name.&lt;locals&gt;.&lt;genexpr&gt; at 0xfd01e0b40120&gt;)">backend/tests/test_creator_consultant.py:100: in test_search_projects_by_name
    assert any("Villa" in p["name"] for p in projects)
E   assert False
E    +  where False = any(&lt;generator object TestProjectsCRUD.test_search_projects_by_name.&lt;locals&gt;.&lt;genexpr&gt; at 0xfd01e0b40120&gt;)</failure></testcase><testcase classname="backend.tests.test_creator_consultant.TestProjectsCRUD" name="test_search_projects_by_client_name" time="0.053"><failure message="assert 0 &gt;= 1&#10; +  where 0 = len([])">backend/tests/test_creator_consultant.py:108: in test_search_projects_by_client_name
    assert len(projects) &gt;= 1
E   assert 0 &gt;= 1
E    +  where 0 = len([])</failure></testcase><testcase classname="backend.tests.test_creator_consultant.TestProjectsCRUD" name="test_search_projects_by_project_code" time="0.042" /><testcase classname="backend.tests.test_creator_consultant.TestProjectsCRUD" name="test_create_project_auto_generates_code" time="0.086" /><testcase classname="backend.tests.test_creator_consultant.TestProjectsCRUD" name="test_get_single_project" time="0.085" /><testcase classname="backend.tests.test_creator_consultant.TestProjectsCRUD" name="test_get_nonexistent_project_returns_404" time="0.042" /><testcase classname="backend.tests.test_creator_consultant.TestProjectsCRUD" name="test_update_project_preserves_received_amount" time="0.168" /><testcase classname="backend.tests.test_creator_consultant.TestProjectsCRUD" name="test_delete_project_cascades_payments" time="0.289" /><testcase classname="backend.tests.test_creator_consultant.TestClientsCRUD" name="test_list_clients_returns_seeded_data" time="0.045"><failure message="AssertionError: assert 39 == 4&#10; +  where 39 = len([{'address': '', 'company': '', 'created_at': '2026-04-19T09:16:10.684929+00:00', 'email': '', ...}, {'address': '', 'company': '', 'created_at': '2026-04-19T09:16:10.286313+00:00', 'email': '', ...}, {'address': '', 'company': '', 'created_at': '2026-04-19T09:03:06.564511+00:00', 'email': '', ...}, {'address': '', 'company': '', 'created_at': '2026-04-19T09:03:06.564391+00:00', 'email': '', ...}, {'address': '', 'company': '', 'created_at': '2026-04-19T09:03:06.564226+00:00', 'email': '', ...}, {'address': '', 'company': '', 'created_at': '2026-04-19T09:03:06.564072+00:00', 'email': '', ...}, ...])">backend/tests/test_creator_consultant.py:227: in test_list_clients_returns_seeded_data
    assert len(clients) == 4
E   AssertionError: assert 39 == 4
E    +  where 39 = len([{'address': '', 'company': '', 'created_at': '2026-04-19T09:16:10.684929+00:00', 'email': '', ...}, {'address': '', 'company': '', 'created_at': '2026-04-19T09:16:10.286313+00:00', 'email': '', ...}, {'address': '', 'company': '', 'created_at': '2026-04-19T09:03:06.564511+00:00', 'email': '', ...}, {'address': '', 'company': '', 'created_at': '2026-04-19T09:03:06.564391+00:00', 'email': '', ...}, {'address': '', 'company': '', 'created_at': '2026-04-19T09:03:06.564226+00:00', 'email': '', ...}, {'address': '', 'company': '', 'created_at': '2026-04-19T09:03:06.564072+00:00', 'email': '', ...}, ...])</failure></testcase><testcase classname="backend.tests.test_creator_consultant.TestClientsCRUD" name="test_create_client" time="0.088" /><testcase classname="backend.tests.test_creator_consultant.TestClientsCRUD" name="test_update_client_syncs_to_projects" time="0.294" /><testcase classname="backend.tests.test_creator_consultant.TestClientsCRUD" name="test_delete_client_nullifies_projects" time="0.263" /><testcase classname="backend.tests.test_creator_consultant.TestArchitectsCRUD" name="test_list_architects_returns_seeded_data" time="0.047" /><testcase classname="backend.tests.test_creator_consultant.TestArchitectsCRUD" name="test_create_architect" time="0.123" /><testcase classname="backend.tests.test_creator_consultant.TestArchitectsCRUD" name="test_update_architect_syncs_to_projects" time="0.305" /><testcase classname="backend.tests.test_creator_consultant.TestArchitectsCRUD" name="test_delete_architect_nullifies_projects" time="0.267" /><testcase classname="backend.tests.test_creator_consultant.TestPayments" name="test_create_payment_updates_project" time="0.298" /><testcase classname="backend.tests.test_creator_consultant.TestPayments" name="test_payment_rejects_zero_amount" time="0.129" /><testcase classname="backend.tests.test_creator_consultant.TestPayments" name="test_payment_rejects_unknown_project" time="0.081" /><testcase classname="backend.tests.test_creator_consultant.TestPayments" name="test_list_payments_by_project" time="0.252" /><testcase classname="backend.tests.test_creator_consultant.TestExportExcel" name="test_export_excel_returns_xlsx" time="0.066" /><testcase classname="backend.tests.test_creator_consultant.TestSeedEndpoint" name="test_seed_is_idempotent" time="0.042" /><testcase classname="backend.tests.test_creator_consultant.TestNoMongoDBId" name="test_projects_no_underscore_id" time="0.046" /><testcase classname="backend.tests.test_creator_consultant.TestNoMongoDBId" name="test_clients_no_underscore_id" time="0.043" /><testcase classname="backend.tests.test_creator_consultant.TestNoMongoDBId" name="test_architects_no_underscore_id" time="0.040" /><testcase classname="backend.tests.test_iteration2_features.TestPDFInvoice" name="test_invoice_returns_valid_pdf" time="0.172" /><testcase classname="backend.tests.test_iteration2_features.TestPDFInvoice" name="test_invoice_unknown_project_returns_404" time="0.050" /><testcase classname="backend.tests.test_iteration2_features.TestPDFReceipt" name="test_receipt_returns_valid_pdf" time="0.199" /><testcase classname="backend.tests.test_iteration2_features.TestPDFReceipt" name="test_receipt_unknown_payment_returns_404" time="0.049" /><testcase classname="backend.tests.test_iteration2_features.TestArchiveProject" name="test_archive_project_sets_archived_true" time="0.187" /><testcase classname="backend.tests.test_iteration2_features.TestArchiveProject" name="test_unarchive_project_sets_archived_false" time="0.246" /><testcase classname="backend.tests.test_iteration2_features.TestArchiveProject" name="test_archive_unknown_project_returns_404" time="0.048" /><testcase classname="backend.tests.test_iteration2_features.TestArchiveProject" name="test_unarchive_unknown_project_returns_404" time="0.047" /><testcase classname="backend.tests.test_iteration2_features.TestArchiveFiltering" name="test_default_list_excludes_archived" time="0.208" /><testcase classname="backend.tests.test_iteration2_features.TestArchiveFiltering" name="test_archived_only_returns_only_archived" time="0.195" /><testcase classname="backend.tests.test_iteration2_features.TestArchiveFiltering" name="test_include_archived_returns_both" time="0.285" /><testcase classname="backend.tests.test_iteration2_features.TestArchiveFiltering" name="test_search_respects_archived_filter" time="0.228" /><testcase classname="backend.tests.test_iteration2_features.TestArchivedFieldInResponse" name="test_project_has_archived_field" time="0.187" /><testcase classname="backend.tests.test_iteration3_offers.TestOffersListAndFilter" name="test_list_offers_returns_seeded_data" time="0.122" /><testcase classname="backend.tests.test_iteration3_offers.TestOffersListAndFilter" name="test_offers_gst_calculation_correct" time="0.045" /><testcase classname="backend.tests.test_iteration3_offers.TestOffersListAndFilter" name="test_offers_effective_type_logic" time="0.047" /><testcase classname="backend.tests.test_iteration3_offers.TestOffersListAndFilter" name="test_filter_offers_by_status_pending" time="0.044" /><testcase classname="backend.tests.test_iteration3_offers.TestOffersListAndFilter" name="test_filter_offers_by_status_accepted" time="0.042" /><testcase classname="backend.tests.test_iteration3_offers.TestOffersListAndFilter" name="test_search_offers_by_offer_code" time="0.045" /><testcase classname="backend.tests.test_iteration3_offers.TestOffersListAndFilter" name="test_search_offers_by_reference_no" time="0.043" /><testcase classname="backend.tests.test_iteration3_offers.TestOffersListAndFilter" name="test_search_offers_by_description" time="0.044" /><testcase classname="backend.tests.test_iteration3_offers.TestOffersListAndFilter" name="test_search_offers_by_site_location" time="0.043" /><testcase classname="backend.tests.test_iteration3_offers.TestOffersCRUD" name="test_create_offer_auto_generates_code" time="0.170" /><testcase classname="backend.tests.test_iteration3_offers.TestOffersCRUD" name="test_create_offer_with_other_type" time="0.126" /><testcase classname="backend.tests.test_iteration3_offers.TestOffersCRUD" name="test_get_single_offer" time="0.089" /><testcase classname="backend.tests.test_iteration3_offers.TestOffersCRUD" name="test_get_nonexistent_offer_returns_404" time="0.044" /><testcase classname="backend.tests.test_iteration3_offers.TestOffersCRUD" name="test_update_offer" time="0.132" /><testcase classname="backend.tests.test_iteration3_offers.TestOffersCRUD" name="test_delete_offer" time="0.174" /><testcase classname="backend.tests.test_iteration3_offers.TestOffersCRUD" name="test_delete_nonexistent_offer_returns_404" time="0.043" /><testcase classname="backend.tests.test_iteration3_offers.TestConvertOfferToProject" name="test_convert_offer_creates_project" time="0.309" /><testcase classname="backend.tests.test_iteration3_offers.TestConvertOfferToProject" name="test_convert_already_converted_offer_returns_400" time="0.227" /><testcase classname="backend.tests.test_iteration3_offers.TestConvertOfferToProject" name="test_convert_nonexistent_offer_returns_404" time="0.049" /><testcase classname="backend.tests.test_iteration3_offers.TestProjectOfferLinkage" name="test_project_has_offer_fields" time="0.052" /><testcase classname="backend.tests.test_iteration3_offers.TestProjectOfferLinkage" name="test_update_offer_syncs_to_linked_project" time="0.271" /><testcase classname="backend.tests.test_iteration3_offers.TestProjectOfferLinkage" name="test_delete_offer_clears_project_linkage" time="0.300" /><testcase classname="backend.tests.test_iteration3_offers.TestDashboardStatsWithOffers" name="test_dashboard_includes_offer_counts" time="0.049" /><testcase classname="backend.tests.test_iteration3_offers.TestOffersNoMongoDBId" name="test_offers_no_underscore_id" time="0.046" /><testcase classname="backend.tests.test_iteration3_offers.TestOffersNoMongoDBId" name="test_single_offer_no_underscore_id" time="0.127" /><testcase classname="backend.tests.test_iteration3_offers.TestSeededOffers" name="test_seeded_offer_ofr_0001_audit" time="0.048"><failure message="AssertionError: assert 'Mrs. Husna Ara Sayed' in ''">backend/tests/test_iteration3_offers.py:501: in test_seeded_offer_ofr_0001_audit
    assert "Mrs. Husna Ara Sayed" in ofr_0001["client_name"]
E   AssertionError: assert 'Mrs. Husna Ara Sayed' in ''</failure></testcase><testcase classname="backend.tests.test_iteration3_offers.TestSeededOffers" name="test_seeded_offer_ofr_0002_steel" time="0.044"><failure message="AssertionError: assert 'Rohan Enterprises' in ''">backend/tests/test_iteration3_offers.py:516: in test_seeded_offer_ofr_0002_steel
    assert "Rohan Enterprises" in ofr_0002["client_name"]
E   AssertionError: assert 'Rohan Enterprises' in ''</failure></testcase><testcase classname="backend.tests.test_iteration3_offers.TestSeededOffers" name="test_seeded_offer_ofr_0003_pmc_custom" time="0.044"><failure message="AssertionError: assert 'Audit' == 'Other'&#10;  &#10;  - Other&#10;  + Audit">backend/tests/test_iteration3_offers.py:526: in test_seeded_offer_ofr_0003_pmc_custom
    assert ofr_0003["offer_type"] == "Other"
E   AssertionError: assert 'Audit' == 'Other'
E     
E     - Other
E     + Audit</failure></testcase><testcase classname="backend.tests.test_iteration4_auth_pdf.TestAuthStatus" name="test_auth_status_returns_password_set_field" time="0.108" /><testcase classname="backend.tests.test_iteration4_auth_pdf.TestAuthSetPassword" name="test_set_password_rejects_short_password" time="0.055" /><testcase classname="backend.tests.test_iteration4_auth_pdf.TestAuthSetPassword" name="test_set_password_rejects_empty_password" time="0.044" /><testcase classname="backend.tests.test_iteration4_auth_pdf.TestAuthSetPassword" name="test_set_password_first_time_no_current_needed" time="0.054"><skipped type="pytest.skip" message="Password already set - cannot test first-time setup">/app/backend/tests/test_iteration4_auth_pdf.py:80: Password already set - cannot test first-time setup</skipped></testcase><testcase classname="backend.tests.test_iteration4_auth_pdf.TestAuthVerify" name="test_verify_with_correct_password" time="0.322"><failure message="assert 401 == 200&#10; +  where 401 = &lt;Response [401]&gt;.status_code">backend/tests/test_iteration4_auth_pdf.py:97: in test_verify_with_correct_password
    assert response.status_code == 200
E   assert 401 == 200
E    +  where 401 = &lt;Response [401]&gt;.status_code</failure></testcase><testcase classname="backend.tests.test_iteration4_auth_pdf.TestAuthVerify" name="test_verify_with_wrong_password" time="0.317" /><testcase classname="backend.tests.test_iteration4_auth_pdf.TestAuthVerify" name="test_verify_when_no_password_set" time="0.331"><failure message="assert 401 == 200&#10; +  where 401 = &lt;Response [401]&gt;.status_code">backend/tests/test_iteration4_auth_pdf.py:135: in test_verify_when_no_password_set
    assert response.status_code == 200
E   assert 401 == 200
E    +  where 401 = &lt;Response [401]&gt;.status_code</failure></testcase><testcase classname="backend.tests.test_iteration4_auth_pdf.TestAuthChangePassword" name="test_change_password_requires_correct_current" time="0.315" /><testcase classname="backend.tests.test_iteration4_auth_pdf.TestAuthChangePassword" name="test_change_password_with_correct_current" time="0.316"><failure message="assert 401 == 200&#10; +  where 401 = &lt;Response [401]&gt;.status_code">backend/tests/test_iteration4_auth_pdf.py:168: in test_change_password_with_correct_current
    assert response.status_code == 200
E   assert 401 == 200
E    +  where 401 = &lt;Response [401]&gt;.status_code</failure></testcase><testcase classname="backend.tests.test_iteration4_auth_pdf.TestOfferPDF" name="test_offer_pdf_returns_valid_pdf" time="0.104" /><testcase classname="backend.tests.test_iteration4_auth_pdf.TestOfferPDF" name="test_offer_pdf_unknown_id_returns_404" time="0.045" /><testcase classname="backend.tests.test_iteration4_auth_pdf.TestOfferPDF" name="test_offer_pdf_filename_includes_offer_code" time="0.096" /><testcase classname="backend.tests.test_iteration4_auth_pdf.TestOfferPDF" name="test_offer_pdf_for_each_seeded_offer" time="0.205" /><testcase classname="backend.tests.test_iteration4_auth_pdf.TestBcryptHashFormat" name="test_password_uses_bcrypt" time="0.332"><failure message="assert 401 == 200&#10; +  where 401 = &lt;Response [401]&gt;.status_code">backend/tests/test_iteration4_auth_pdf.py:265: in test_password_uses_bcrypt
    assert response.status_code == 200
E   assert 401 == 200
E    +  where 401 = &lt;Response [401]&gt;.status_code</failure></testcase><testcase classname="backend.tests.test_iteration4_auth_pdf.TestExistingEndpointsStillWork" name="test_clients_endpoint_works" time="0.045" /><testcase classname="backend.tests.test_iteration4_auth_pdf.TestExistingEndpointsStillWork" name="test_projects_endpoint_works" time="0.055" /><testcase classname="backend.tests.test_iteration4_auth_pdf.TestExistingEndpointsStillWork" name="test_offers_endpoint_works" time="0.053" /><testcase classname="backend.tests.test_iteration4_auth_pdf.TestExistingEndpointsStillWork" name="test_dashboard_stats_works" time="0.049" /><testcase classname="backend.tests.test_iteration4_auth_pdf.TestAuthNoMongoDBId" name="test_auth_status_no_underscore_id" time="0.044" /><testcase classname="backend.tests.test_iteration4_auth_pdf.TestAuthNoMongoDBId" name="test_auth_verify_no_underscore_id" time="0.319" /><testcase classname="backend.tests.test_iteration4_auth_pdf.TestAuthNoMongoDBId" name="test_auth_set_password_no_underscore_id" time="0.315" /><testcase classname="backend.tests.test_iteration5_import_offer_pdf.TestDashboardStatsImportedData" name="test_dashboard_stats_total_projects" time="0.138" /><testcase classname="backend.tests.test_iteration5_import_offer_pdf.TestDashboardStatsImportedData" name="test_dashboard_stats_total_clients" time="0.112" /><testcase classname="backend.tests.test_iteration5_import_offer_pdf.TestDashboardStatsImportedData" name="test_dashboard_stats_total_architects" time="0.110" /><testcase classname="backend.tests.test_iteration5_import_offer_pdf.TestDashboardStatsImportedData" name="test_dashboard_stats_quoted_amount" time="0.110" /><testcase classname="backend.tests.test_iteration5_import_offer_pdf.TestDashboardStatsImportedData" name="test_dashboard_stats_received_amount" time="0.107" /><testcase classname="backend.tests.test_iteration5_import_offer_pdf.TestDashboardStatsImportedData" name="test_dashboard_stats_outstanding_amount" time="0.111" /><testcase classname="backend.tests.test_iteration5_import_offer_pdf.TestProjectsImportedData" name="test_projects_list_returns_70_projects" time="0.104" /><testcase classname="backend.tests.test_iteration5_import_offer_pdf.TestProjectsImportedData" name="test_project_cc_0072_iocl" time="0.104" /><testcase classname="backend.tests.test_iteration5_import_offer_pdf.TestProjectsImportedData" name="test_project_cc_0001_raien_fresh" time="0.101" /><testcase classname="backend.tests.test_iteration5_import_offer_pdf.TestPaymentsImportedData" name="test_payments_list_returns_27_payments" time="0.105" /><testcase classname="backend.tests.test_iteration5_import_offer_pdf.TestPaymentsImportedData" name="test_payments_linked_to_projects" time="0.100" /><testcase classname="backend.tests.test_iteration5_import_offer_pdf.TestSqliteImportEndpoint" name="test_sqlite_import_rejects_non_sqlite_file" time="0.110" /><testcase classname="backend.tests.test_iteration5_import_offer_pdf.TestSqliteImportEndpoint" name="test_sqlite_import_merge_mode" time="0.384" /><testcase classname="backend.tests.test_iteration5_import_offer_pdf.TestSqliteImportEndpoint" name="test_sqlite_import_returns_imported_counts" time="0.328" /><testcase classname="backend.tests.test_iteration5_import_offer_pdf.TestOfferEditablePdfFields" name="test_create_offer_with_editable_fields" time="0.219" /><testcase classname="backend.tests.test_iteration5_import_offer_pdf.TestOfferEditablePdfFields" name="test_update_offer_editable_fields" time="0.416" /><testcase classname="backend.tests.test_iteration5_import_offer_pdf.TestOfferEditablePdfFields" name="test_get_offer_returns_editable_fields" time="0.217" /><testcase classname="backend.tests.test_iteration5_import_offer_pdf.TestOfferPdfGeneration" name="test_offer_pdf_returns_valid_pdf" time="0.214" /><testcase classname="backend.tests.test_iteration5_import_offer_pdf.TestOfferPdfGeneration" name="test_offer_pdf_with_custom_fields" time="0.325" /><testcase classname="backend.tests.test_iteration5_import_offer_pdf.TestOfferPdfGeneration" name="test_offer_pdf_default_payment_schedule" time="0.344" /><testcase classname="backend.tests.test_iteration5_import_offer_pdf.TestExistingTestsStillPass" name="test_clients_endpoint_works" time="0.108" /><testcase classname="backend.tests.test_iteration5_import_offer_pdf.TestExistingTestsStillPass" name="test_architects_endpoint_works" time="0.101" /><testcase classname="backend.tests.test_iteration5_import_offer_pdf.TestExistingTestsStillPass" name="test_projects_endpoint_works" time="0.099" /><testcase classname="backend.tests.test_iteration5_import_offer_pdf.TestExistingTestsStillPass" name="test_offers_endpoint_works" time="0.100" /><testcase classname="backend.tests.test_iteration5_import_offer_pdf.TestExistingTestsStillPass" name="test_payments_endpoint_works" time="0.095" /><testcase classname="backend.tests.test_iteration5_import_offer_pdf.TestExistingTestsStillPass" name="test_auth_status_endpoint_works" time="0.095" /><testcase classname="backend.tests.test_iteration5_import_offer_pdf.TestNoMongoDBIdInResponses" name="test_offers_no_underscore_id" time="0.102" /><testcase classname="backend.tests.test_iteration5_import_offer_pdf.TestNoMongoDBIdInResponses" name="test_projects_no_underscore_id" time="0.107" /><testcase classname="backend.tests.test_iteration5_import_offer_pdf.TestNoMongoDBIdInResponses" name="test_payments_no_underscore_id" time="0.105" /></testsuite></testsuites>